
> clinical-extractor@0.0.0 lint
> tsc --noEmit

index.tsx(5,35): error TS2792: Cannot find module '@google/genai'. Did you mean to set the 'moduleResolution' option to 'nodenext', or to add aliases to the 'paths' option?
src/data/ExtractionTracker.ts(23,51): error TS2792: Cannot find module '../types'. Did you mean to set the 'moduleResolution' option to 'nodenext', or to add aliases to the 'paths' option?
src/pdf/PDFLoader.ts(23,27): error TS2792: Cannot find module '../config'. Did you mean to set the 'moduleResolution' option to 'nodenext', or to add aliases to the 'paths' option?
src/pdf/PDFRenderer.ts(19,31): error TS2792: Cannot find module '../types'. Did you mean to set the 'moduleResolution' option to 'nodenext', or to add aliases to the 'paths' option?
src/pdf/TextSelection.ts(26,33): error TS2792: Cannot find module '../types'. Did you mean to set the 'moduleResolution' option to 'nodenext', or to add aliases to the 'paths' option?
src/services/ExportManager.ts(6,23): error TS2792: Cannot find module 'xlsx'. Did you mean to set the 'moduleResolution' option to 'nodenext', or to add aliases to the 'paths' option?
src/services/ExportManager.ts(186,37): error TS2322: Type 'unknown' is not assignable to type 'string | number'.
src/services/SearchService.ts(8,35): error TS2792: Cannot find module '../types'. Did you mean to set the 'moduleResolution' option to 'nodenext', or to add aliases to the 'paths' option?
src/services/TextStructureService.ts(15,32): error TS2792: Cannot find module '../types'. Did you mean to set the 'moduleResolution' option to 'nodenext', or to add aliases to the 'paths' option?
src/state/AppStateManager.ts(6,31): error TS2792: Cannot find module '../types'. Did you mean to set the 'moduleResolution' option to 'nodenext', or to add aliases to the 'paths' option?
src/utils/helpers.ts(10,56): error TS2792: Cannot find module '../types'. Did you mean to set the 'moduleResolution' option to 'nodenext', or to add aliases to the 'paths' option?
src/utils/security.ts(6,51): error TS2792: Cannot find module '../types'. Did you mean to set the 'moduleResolution' option to 'nodenext', or to add aliases to the 'paths' option?
src/utils/security.ts(7,36): error TS2792: Cannot find module '../types'. Did you mean to set the 'moduleResolution' option to 'nodenext', or to add aliases to the 'paths' option?
src/utils/security.ts(40,56): error TS2304: Cannot find name 'ExtractionMethod'.
tests/e2e/complete-workflow.test.ts(22,1): error TS2593: Cannot find name 'describe'. Do you need to install type definitions for a test runner? Try `npm i --save-dev @types/jest` or `npm i --save-dev @types/mocha` and then add 'jest' or 'mocha' to the types field in your tsconfig.
tests/e2e/complete-workflow.test.ts(24,3): error TS2304: Cannot find name 'beforeAll'.
tests/e2e/complete-workflow.test.ts(61,3): error TS2304: Cannot find name 'beforeEach'.
tests/e2e/complete-workflow.test.ts(66,3): error TS2593: Cannot find name 'describe'. Do you need to install type definitions for a test runner? Try `npm i --save-dev @types/jest` or `npm i --save-dev @types/mocha` and then add 'jest' or 'mocha' to the types field in your tsconfig.
tests/e2e/complete-workflow.test.ts(67,5): error TS2593: Cannot find name 'it'. Do you need to install type definitions for a test runner? Try `npm i --save-dev @types/jest` or `npm i --save-dev @types/mocha` and then add 'jest' or 'mocha' to the types field in your tsconfig.
tests/e2e/complete-workflow.test.ts(70,7): error TS2304: Cannot find name 'expect'.
tests/e2e/complete-workflow.test.ts(71,7): error TS2304: Cannot find name 'expect'.
tests/e2e/complete-workflow.test.ts(72,7): error TS2304: Cannot find name 'expect'.
tests/e2e/complete-workflow.test.ts(73,7): error TS2304: Cannot find name 'expect'.
tests/e2e/complete-workflow.test.ts(74,7): error TS2304: Cannot find name 'expect'.
tests/e2e/complete-workflow.test.ts(78,3): error TS2593: Cannot find name 'describe'. Do you need to install type definitions for a test runner? Try `npm i --save-dev @types/jest` or `npm i --save-dev @types/mocha` and then add 'jest' or 'mocha' to the types field in your tsconfig.
tests/e2e/complete-workflow.test.ts(79,5): error TS2593: Cannot find name 'it'. Do you need to install type definitions for a test runner? Try `npm i --save-dev @types/jest` or `npm i --save-dev @types/mocha` and then add 'jest' or 'mocha' to the types field in your tsconfig.
tests/e2e/complete-workflow.test.ts(81,25): error TS2304: Cannot find name 'jest'.
tests/e2e/complete-workflow.test.ts(99,22): error TS2304: Cannot find name 'jest'.
tests/e2e/complete-workflow.test.ts(104,17): error TS2304: Cannot find name 'jest'.
tests/e2e/complete-workflow.test.ts(109,7): error TS2304: Cannot find name 'expect'.
tests/e2e/complete-workflow.test.ts(110,7): error TS2304: Cannot find name 'expect'.
tests/e2e/complete-workflow.test.ts(111,7): error TS2304: Cannot find name 'expect'.
tests/e2e/complete-workflow.test.ts(114,5): error TS2593: Cannot find name 'it'. Do you need to install type definitions for a test runner? Try `npm i --save-dev @types/jest` or `npm i --save-dev @types/mocha` and then add 'jest' or 'mocha' to the types field in your tsconfig.
tests/e2e/complete-workflow.test.ts(124,7): error TS2304: Cannot find name 'expect'.
tests/e2e/complete-workflow.test.ts(125,7): error TS2304: Cannot find name 'expect'.
tests/e2e/complete-workflow.test.ts(129,3): error TS2593: Cannot find name 'describe'. Do you need to install type definitions for a test runner? Try `npm i --save-dev @types/jest` or `npm i --save-dev @types/mocha` and then add 'jest' or 'mocha' to the types field in your tsconfig.
tests/e2e/complete-workflow.test.ts(130,5): error TS2593: Cannot find name 'it'. Do you need to install type definitions for a test runner? Try `npm i --save-dev @types/jest` or `npm i --save-dev @types/mocha` and then add 'jest' or 'mocha' to the types field in your tsconfig.
tests/e2e/complete-workflow.test.ts(150,7): error TS2304: Cannot find name 'expect'.
tests/e2e/complete-workflow.test.ts(151,7): error TS2304: Cannot find name 'expect'.
tests/e2e/complete-workflow.test.ts(152,7): error TS2304: Cannot find name 'expect'.
tests/e2e/complete-workflow.test.ts(153,7): error TS2304: Cannot find name 'expect'.
tests/e2e/complete-workflow.test.ts(156,5): error TS2593: Cannot find name 'it'. Do you need to install type definitions for a test runner? Try `npm i --save-dev @types/jest` or `npm i --save-dev @types/mocha` and then add 'jest' or 'mocha' to the types field in your tsconfig.
tests/e2e/complete-workflow.test.ts(160,7): error TS2304: Cannot find name 'expect'.
tests/e2e/complete-workflow.test.ts(163,5): error TS2593: Cannot find name 'it'. Do you need to install type definitions for a test runner? Try `npm i --save-dev @types/jest` or `npm i --save-dev @types/mocha` and then add 'jest' or 'mocha' to the types field in your tsconfig.
tests/e2e/complete-workflow.test.ts(179,7): error TS2304: Cannot find name 'expect'.
tests/e2e/complete-workflow.test.ts(183,3): error TS2593: Cannot find name 'describe'. Do you need to install type definitions for a test runner? Try `npm i --save-dev @types/jest` or `npm i --save-dev @types/mocha` and then add 'jest' or 'mocha' to the types field in your tsconfig.
tests/e2e/complete-workflow.test.ts(184,5): error TS2593: Cannot find name 'it'. Do you need to install type definitions for a test runner? Try `npm i --save-dev @types/jest` or `npm i --save-dev @types/mocha` and then add 'jest' or 'mocha' to the types field in your tsconfig.
tests/e2e/complete-workflow.test.ts(188,7): error TS2304: Cannot find name 'expect'.
tests/e2e/complete-workflow.test.ts(191,7): error TS2304: Cannot find name 'expect'.
tests/e2e/complete-workflow.test.ts(194,5): error TS2593: Cannot find name 'it'. Do you need to install type definitions for a test runner? Try `npm i --save-dev @types/jest` or `npm i --save-dev @types/mocha` and then add 'jest' or 'mocha' to the types field in your tsconfig.
tests/e2e/complete-workflow.test.ts(211,7): error TS2304: Cannot find name 'expect'.
tests/e2e/complete-workflow.test.ts(212,7): error TS2304: Cannot find name 'expect'.
tests/e2e/complete-workflow.test.ts(216,3): error TS2593: Cannot find name 'describe'. Do you need to install type definitions for a test runner? Try `npm i --save-dev @types/jest` or `npm i --save-dev @types/mocha` and then add 'jest' or 'mocha' to the types field in your tsconfig.
tests/e2e/complete-workflow.test.ts(217,5): error TS2304: Cannot find name 'beforeEach'.
tests/e2e/complete-workflow.test.ts(221,5): error TS2593: Cannot find name 'it'. Do you need to install type definitions for a test runner? Try `npm i --save-dev @types/jest` or `npm i --save-dev @types/mocha` and then add 'jest' or 'mocha' to the types field in your tsconfig.
tests/e2e/complete-workflow.test.ts(225,7): error TS2304: Cannot find name 'expect'.
tests/e2e/complete-workflow.test.ts(228,7): error TS2304: Cannot find name 'expect'.
tests/e2e/complete-workflow.test.ts(231,5): error TS2593: Cannot find name 'it'. Do you need to install type definitions for a test runner? Try `npm i --save-dev @types/jest` or `npm i --save-dev @types/mocha` and then add 'jest' or 'mocha' to the types field in your tsconfig.
tests/e2e/complete-workflow.test.ts(236,7): error TS2304: Cannot find name 'expect'.
tests/e2e/complete-workflow.test.ts(239,5): error TS2593: Cannot find name 'it'. Do you need to install type definitions for a test runner? Try `npm i --save-dev @types/jest` or `npm i --save-dev @types/mocha` and then add 'jest' or 'mocha' to the types field in your tsconfig.
tests/e2e/complete-workflow.test.ts(244,7): error TS2304: Cannot find name 'expect'.
tests/e2e/complete-workflow.test.ts(247,5): error TS2593: Cannot find name 'it'. Do you need to install type definitions for a test runner? Try `npm i --save-dev @types/jest` or `npm i --save-dev @types/mocha` and then add 'jest' or 'mocha' to the types field in your tsconfig.
tests/e2e/complete-workflow.test.ts(252,7): error TS2304: Cannot find name 'expect'.
tests/e2e/complete-workflow.test.ts(255,5): error TS2593: Cannot find name 'it'. Do you need to install type definitions for a test runner? Try `npm i --save-dev @types/jest` or `npm i --save-dev @types/mocha` and then add 'jest' or 'mocha' to the types field in your tsconfig.
tests/e2e/complete-workflow.test.ts(264,7): error TS2304: Cannot find name 'expect'.
tests/e2e/complete-workflow.test.ts(265,7): error TS2304: Cannot find name 'expect'.
tests/e2e/complete-workflow.test.ts(269,3): error TS2593: Cannot find name 'describe'. Do you need to install type definitions for a test runner? Try `npm i --save-dev @types/jest` or `npm i --save-dev @types/mocha` and then add 'jest' or 'mocha' to the types field in your tsconfig.
tests/e2e/complete-workflow.test.ts(270,5): error TS2593: Cannot find name 'it'. Do you need to install type definitions for a test runner? Try `npm i --save-dev @types/jest` or `npm i --save-dev @types/mocha` and then add 'jest' or 'mocha' to the types field in your tsconfig.
tests/e2e/complete-workflow.test.ts(302,7): error TS2304: Cannot find name 'expect'.
tests/e2e/complete-workflow.test.ts(303,7): error TS2304: Cannot find name 'expect'.
tests/e2e/complete-workflow.test.ts(304,7): error TS2304: Cannot find name 'expect'.
tests/e2e/complete-workflow.test.ts(307,5): error TS2593: Cannot find name 'it'. Do you need to install type definitions for a test runner? Try `npm i --save-dev @types/jest` or `npm i --save-dev @types/mocha` and then add 'jest' or 'mocha' to the types field in your tsconfig.
tests/e2e/complete-workflow.test.ts(323,7): error TS2304: Cannot find name 'expect'.
tests/e2e/complete-workflow.test.ts(324,7): error TS2304: Cannot find name 'expect'.
tests/e2e/complete-workflow.test.ts(328,3): error TS2593: Cannot find name 'describe'. Do you need to install type definitions for a test runner? Try `npm i --save-dev @types/jest` or `npm i --save-dev @types/mocha` and then add 'jest' or 'mocha' to the types field in your tsconfig.
tests/e2e/complete-workflow.test.ts(329,5): error TS2593: Cannot find name 'it'. Do you need to install type definitions for a test runner? Try `npm i --save-dev @types/jest` or `npm i --save-dev @types/mocha` and then add 'jest' or 'mocha' to the types field in your tsconfig.
tests/e2e/complete-workflow.test.ts(335,9): error TS2304: Cannot find name 'expect'.
tests/e2e/complete-workflow.test.ts(339,5): error TS2593: Cannot find name 'it'. Do you need to install type definitions for a test runner? Try `npm i --save-dev @types/jest` or `npm i --save-dev @types/mocha` and then add 'jest' or 'mocha' to the types field in your tsconfig.
tests/e2e/complete-workflow.test.ts(344,7): error TS2304: Cannot find name 'expect'.
tests/e2e/complete-workflow.test.ts(348,3): error TS2593: Cannot find name 'describe'. Do you need to install type definitions for a test runner? Try `npm i --save-dev @types/jest` or `npm i --save-dev @types/mocha` and then add 'jest' or 'mocha' to the types field in your tsconfig.
tests/e2e/complete-workflow.test.ts(349,5): error TS2593: Cannot find name 'it'. Do you need to install type definitions for a test runner? Try `npm i --save-dev @types/jest` or `npm i --save-dev @types/mocha` and then add 'jest' or 'mocha' to the types field in your tsconfig.
tests/e2e/complete-workflow.test.ts(390,7): error TS2304: Cannot find name 'expect'.
tests/e2e/complete-workflow.test.ts(393,7): error TS2304: Cannot find name 'expect'.
tests/e2e/complete-workflow.test.ts(394,7): error TS2304: Cannot find name 'expect'.
tests/e2e/complete-workflow.test.ts(400,7): error TS2304: Cannot find name 'expect'.
tests/e2e/complete-workflow.test.ts(403,7): error TS2304: Cannot find name 'expect'.
tests/e2e/complete-workflow.test.ts(404,7): error TS2304: Cannot find name 'expect'.
tests/e2e/complete-workflow.test.ts(405,7): error TS2304: Cannot find name 'expect'.
tests/e2e/complete-workflow.test.ts(406,7): error TS2304: Cannot find name 'expect'.
tests/e2e/complete-workflow.test.ts(421,7): error TS2304: Cannot find name 'expect'.
tests/e2e/complete-workflow.test.ts(422,7): error TS2304: Cannot find name 'expect'.
tests/e2e/complete-workflow.test.ts(423,7): error TS2304: Cannot find name 'expect'.
tests/e2e/complete-workflow.test.ts(427,3): error TS2593: Cannot find name 'describe'. Do you need to install type definitions for a test runner? Try `npm i --save-dev @types/jest` or `npm i --save-dev @types/mocha` and then add 'jest' or 'mocha' to the types field in your tsconfig.
tests/e2e/complete-workflow.test.ts(428,5): error TS2593: Cannot find name 'it'. Do you need to install type definitions for a test runner? Try `npm i --save-dev @types/jest` or `npm i --save-dev @types/mocha` and then add 'jest' or 'mocha' to the types field in your tsconfig.
tests/e2e/complete-workflow.test.ts(440,7): error TS2304: Cannot find name 'expect'.
tests/e2e/complete-workflow.test.ts(441,7): error TS2304: Cannot find name 'expect'.
tests/e2e/complete-workflow.test.ts(442,7): error TS2304: Cannot find name 'expect'.
tests/e2e/complete-workflow.test.ts(445,5): error TS2593: Cannot find name 'it'. Do you need to install type definitions for a test runner? Try `npm i --save-dev @types/jest` or `npm i --save-dev @types/mocha` and then add 'jest' or 'mocha' to the types field in your tsconfig.
tests/e2e/complete-workflow.test.ts(453,9): error TS2304: Cannot find name 'expect'.
tests/e2e/complete-workflow.test.ts(457,9): error TS2304: Cannot find name 'expect'.
tests/integration/core_logic.test.ts(19,56): error TS2792: Cannot find module '@jest/globals'. Did you mean to set the 'moduleResolution' option to 'nodenext', or to add aliases to the 'paths' option?
tests/setup.ts(3,1): error TS2322: Type '(Window & typeof globalThis) | {}' is not assignable to type 'Window & typeof globalThis'.
  Type '{}' is not assignable to type 'Window & typeof globalThis'.
    Type '{}' is missing the following properties from type 'Window': clientInformation, closed, customElements, devicePixelRatio, and 246 more.
tests/setup.ts(4,1): error TS2322: Type 'Document | {}' is not assignable to type 'Document'.
  Type '{}' is missing the following properties from type 'Document': URL, alinkColor, all, anchors, and 257 more.
tests/setup.ts(8,16): error TS2304: Cannot find name 'jest'.
tests/setup.ts(13,12): error TS2304: Cannot find name 'jest'.
tests/setup.ts(14,12): error TS2304: Cannot find name 'jest'.
tests/setup.ts(15,15): error TS2304: Cannot find name 'jest'.
tests/setup.ts(16,10): error TS2304: Cannot find name 'jest'.
tests/setup.ts(18,8): error TS2304: Cannot find name 'jest'.
tests/unit/AnnotationService.test.ts(22,1): error TS2593: Cannot find name 'describe'. Do you need to install type definitions for a test runner? Try `npm i --save-dev @types/jest` or `npm i --save-dev @types/mocha` and then add 'jest' or 'mocha' to the types field in your tsconfig.
tests/unit/AnnotationService.test.ts(25,5): error TS2304: Cannot find name 'beforeEach'.
tests/unit/AnnotationService.test.ts(37,5): error TS2304: Cannot find name 'afterEach'.
tests/unit/AnnotationService.test.ts(44,5): error TS2593: Cannot find name 'describe'. Do you need to install type definitions for a test runner? Try `npm i --save-dev @types/jest` or `npm i --save-dev @types/mocha` and then add 'jest' or 'mocha' to the types field in your tsconfig.
tests/unit/AnnotationService.test.ts(45,9): error TS2593: Cannot find name 'it'. Do you need to install type definitions for a test runner? Try `npm i --save-dev @types/jest` or `npm i --save-dev @types/mocha` and then add 'jest' or 'mocha' to the types field in your tsconfig.
tests/unit/AnnotationService.test.ts(48,13): error TS2304: Cannot find name 'expect'.
tests/unit/AnnotationService.test.ts(49,13): error TS2304: Cannot find name 'expect'.
tests/unit/AnnotationService.test.ts(50,13): error TS2304: Cannot find name 'expect'.
tests/unit/AnnotationService.test.ts(53,9): error TS2593: Cannot find name 'it'. Do you need to install type definitions for a test runner? Try `npm i --save-dev @types/jest` or `npm i --save-dev @types/mocha` and then add 'jest' or 'mocha' to the types field in your tsconfig.
tests/unit/AnnotationService.test.ts(56,13): error TS2304: Cannot find name 'expect'.
tests/unit/AnnotationService.test.ts(57,13): error TS2304: Cannot find name 'expect'.
tests/unit/AnnotationService.test.ts(58,13): error TS2304: Cannot find name 'expect'.
tests/unit/AnnotationService.test.ts(61,9): error TS2593: Cannot find name 'it'. Do you need to install type definitions for a test runner? Try `npm i --save-dev @types/jest` or `npm i --save-dev @types/mocha` and then add 'jest' or 'mocha' to the types field in your tsconfig.
tests/unit/AnnotationService.test.ts(64,13): error TS2304: Cannot find name 'expect'.
tests/unit/AnnotationService.test.ts(65,13): error TS2304: Cannot find name 'expect'.
tests/unit/AnnotationService.test.ts(68,9): error TS2593: Cannot find name 'it'. Do you need to install type definitions for a test runner? Try `npm i --save-dev @types/jest` or `npm i --save-dev @types/mocha` and then add 'jest' or 'mocha' to the types field in your tsconfig.
tests/unit/AnnotationService.test.ts(72,13): error TS2304: Cannot find name 'expect'.
tests/unit/AnnotationService.test.ts(75,9): error TS2593: Cannot find name 'it'. Do you need to install type definitions for a test runner? Try `npm i --save-dev @types/jest` or `npm i --save-dev @types/mocha` and then add 'jest' or 'mocha' to the types field in your tsconfig.
tests/unit/AnnotationService.test.ts(78,13): error TS2304: Cannot find name 'expect'.
tests/unit/AnnotationService.test.ts(81,9): error TS2593: Cannot find name 'it'. Do you need to install type definitions for a test runner? Try `npm i --save-dev @types/jest` or `npm i --save-dev @types/mocha` and then add 'jest' or 'mocha' to the types field in your tsconfig.
tests/unit/AnnotationService.test.ts(85,13): error TS2304: Cannot find name 'expect'.
tests/unit/AnnotationService.test.ts(89,5): error TS2593: Cannot find name 'describe'. Do you need to install type definitions for a test runner? Try `npm i --save-dev @types/jest` or `npm i --save-dev @types/mocha` and then add 'jest' or 'mocha' to the types field in your tsconfig.
tests/unit/AnnotationService.test.ts(90,9): error TS2304: Cannot find name 'beforeEach'.
tests/unit/AnnotationService.test.ts(94,9): error TS2593: Cannot find name 'it'. Do you need to install type definitions for a test runner? Try `npm i --save-dev @types/jest` or `npm i --save-dev @types/mocha` and then add 'jest' or 'mocha' to the types field in your tsconfig.
tests/unit/AnnotationService.test.ts(97,13): error TS2304: Cannot find name 'expect'.
tests/unit/AnnotationService.test.ts(98,13): error TS2304: Cannot find name 'expect'.
tests/unit/AnnotationService.test.ts(99,13): error TS2304: Cannot find name 'expect'.
tests/unit/AnnotationService.test.ts(100,13): error TS2304: Cannot find name 'expect'.
tests/unit/AnnotationService.test.ts(101,13): error TS2304: Cannot find name 'expect'.
tests/unit/AnnotationService.test.ts(102,13): error TS2304: Cannot find name 'expect'.
tests/unit/AnnotationService.test.ts(103,13): error TS2304: Cannot find name 'expect'.
tests/unit/AnnotationService.test.ts(106,9): error TS2593: Cannot find name 'it'. Do you need to install type definitions for a test runner? Try `npm i --save-dev @types/jest` or `npm i --save-dev @types/mocha` and then add 'jest' or 'mocha' to the types field in your tsconfig.
tests/unit/AnnotationService.test.ts(110,13): error TS2304: Cannot find name 'expect'.
tests/unit/AnnotationService.test.ts(113,9): error TS2593: Cannot find name 'it'. Do you need to install type definitions for a test runner? Try `npm i --save-dev @types/jest` or `npm i --save-dev @types/mocha` and then add 'jest' or 'mocha' to the types field in your tsconfig.
tests/unit/AnnotationService.test.ts(117,13): error TS2304: Cannot find name 'expect'.
tests/unit/AnnotationService.test.ts(120,9): error TS2593: Cannot find name 'it'. Do you need to install type definitions for a test runner? Try `npm i --save-dev @types/jest` or `npm i --save-dev @types/mocha` and then add 'jest' or 'mocha' to the types field in your tsconfig.
tests/unit/AnnotationService.test.ts(125,13): error TS2304: Cannot find name 'expect'.
tests/unit/AnnotationService.test.ts(126,13): error TS2304: Cannot find name 'expect'.
tests/unit/AnnotationService.test.ts(129,9): error TS2593: Cannot find name 'it'. Do you need to install type definitions for a test runner? Try `npm i --save-dev @types/jest` or `npm i --save-dev @types/mocha` and then add 'jest' or 'mocha' to the types field in your tsconfig.
tests/unit/AnnotationService.test.ts(133,13): error TS2304: Cannot find name 'expect'.
tests/unit/AnnotationService.test.ts(136,9): error TS2593: Cannot find name 'it'. Do you need to install type definitions for a test runner? Try `npm i --save-dev @types/jest` or `npm i --save-dev @types/mocha` and then add 'jest' or 'mocha' to the types field in your tsconfig.
tests/unit/AnnotationService.test.ts(139,13): error TS2304: Cannot find name 'expect'.
tests/unit/AnnotationService.test.ts(142,9): error TS2593: Cannot find name 'it'. Do you need to install type definitions for a test runner? Try `npm i --save-dev @types/jest` or `npm i --save-dev @types/mocha` and then add 'jest' or 'mocha' to the types field in your tsconfig.
tests/unit/AnnotationService.test.ts(146,13): error TS2304: Cannot find name 'expect'.
tests/unit/AnnotationService.test.ts(150,5): error TS2593: Cannot find name 'describe'. Do you need to install type definitions for a test runner? Try `npm i --save-dev @types/jest` or `npm i --save-dev @types/mocha` and then add 'jest' or 'mocha' to the types field in your tsconfig.
tests/unit/AnnotationService.test.ts(151,9): error TS2304: Cannot find name 'beforeEach'.
tests/unit/AnnotationService.test.ts(155,9): error TS2593: Cannot find name 'it'. Do you need to install type definitions for a test runner? Try `npm i --save-dev @types/jest` or `npm i --save-dev @types/mocha` and then add 'jest' or 'mocha' to the types field in your tsconfig.
tests/unit/AnnotationService.test.ts(158,13): error TS2304: Cannot find name 'expect'.
tests/unit/AnnotationService.test.ts(159,13): error TS2304: Cannot find name 'expect'.
tests/unit/AnnotationService.test.ts(160,13): error TS2304: Cannot find name 'expect'.
tests/unit/AnnotationService.test.ts(161,13): error TS2304: Cannot find name 'expect'.
tests/unit/AnnotationService.test.ts(162,13): error TS2304: Cannot find name 'expect'.
tests/unit/AnnotationService.test.ts(165,9): error TS2593: Cannot find name 'it'. Do you need to install type definitions for a test runner? Try `npm i --save-dev @types/jest` or `npm i --save-dev @types/mocha` and then add 'jest' or 'mocha' to the types field in your tsconfig.
tests/unit/AnnotationService.test.ts(168,13): error TS2304: Cannot find name 'expect'.
tests/unit/AnnotationService.test.ts(169,13): error TS2304: Cannot find name 'expect'.
tests/unit/AnnotationService.test.ts(173,5): error TS2593: Cannot find name 'describe'. Do you need to install type definitions for a test runner? Try `npm i --save-dev @types/jest` or `npm i --save-dev @types/mocha` and then add 'jest' or 'mocha' to the types field in your tsconfig.
tests/unit/AnnotationService.test.ts(174,9): error TS2304: Cannot find name 'beforeEach'.
tests/unit/AnnotationService.test.ts(178,9): error TS2593: Cannot find name 'it'. Do you need to install type definitions for a test runner? Try `npm i --save-dev @types/jest` or `npm i --save-dev @types/mocha` and then add 'jest' or 'mocha' to the types field in your tsconfig.
tests/unit/AnnotationService.test.ts(181,13): error TS2304: Cannot find name 'expect'.
tests/unit/AnnotationService.test.ts(182,13): error TS2304: Cannot find name 'expect'.
tests/unit/AnnotationService.test.ts(183,13): error TS2304: Cannot find name 'expect'.
tests/unit/AnnotationService.test.ts(184,13): error TS2304: Cannot find name 'expect'.
tests/unit/AnnotationService.test.ts(185,13): error TS2304: Cannot find name 'expect'.
tests/unit/AnnotationService.test.ts(188,9): error TS2593: Cannot find name 'it'. Do you need to install type definitions for a test runner? Try `npm i --save-dev @types/jest` or `npm i --save-dev @types/mocha` and then add 'jest' or 'mocha' to the types field in your tsconfig.
tests/unit/AnnotationService.test.ts(191,13): error TS2304: Cannot find name 'expect'.
tests/unit/AnnotationService.test.ts(194,9): error TS2593: Cannot find name 'it'. Do you need to install type definitions for a test runner? Try `npm i --save-dev @types/jest` or `npm i --save-dev @types/mocha` and then add 'jest' or 'mocha' to the types field in your tsconfig.
tests/unit/AnnotationService.test.ts(197,13): error TS2304: Cannot find name 'expect'.
tests/unit/AnnotationService.test.ts(201,5): error TS2593: Cannot find name 'describe'. Do you need to install type definitions for a test runner? Try `npm i --save-dev @types/jest` or `npm i --save-dev @types/mocha` and then add 'jest' or 'mocha' to the types field in your tsconfig.
tests/unit/AnnotationService.test.ts(202,9): error TS2304: Cannot find name 'beforeEach'.
tests/unit/AnnotationService.test.ts(206,9): error TS2593: Cannot find name 'it'. Do you need to install type definitions for a test runner? Try `npm i --save-dev @types/jest` or `npm i --save-dev @types/mocha` and then add 'jest' or 'mocha' to the types field in your tsconfig.
tests/unit/AnnotationService.test.ts(214,13): error TS2304: Cannot find name 'expect'.
tests/unit/AnnotationService.test.ts(215,13): error TS2304: Cannot find name 'expect'.
tests/unit/AnnotationService.test.ts(218,9): error TS2593: Cannot find name 'it'. Do you need to install type definitions for a test runner? Try `npm i --save-dev @types/jest` or `npm i --save-dev @types/mocha` and then add 'jest' or 'mocha' to the types field in your tsconfig.
tests/unit/AnnotationService.test.ts(225,13): error TS2304: Cannot find name 'expect'.
tests/unit/AnnotationService.test.ts(226,13): error TS2304: Cannot find name 'expect'.
tests/unit/AnnotationService.test.ts(227,13): error TS2304: Cannot find name 'expect'.
tests/unit/AnnotationService.test.ts(228,13): error TS2304: Cannot find name 'expect'.
tests/unit/AnnotationService.test.ts(232,5): error TS2593: Cannot find name 'describe'. Do you need to install type definitions for a test runner? Try `npm i --save-dev @types/jest` or `npm i --save-dev @types/mocha` and then add 'jest' or 'mocha' to the types field in your tsconfig.
tests/unit/AnnotationService.test.ts(233,9): error TS2304: Cannot find name 'beforeEach'.
tests/unit/AnnotationService.test.ts(238,9): error TS2593: Cannot find name 'it'. Do you need to install type definitions for a test runner? Try `npm i --save-dev @types/jest` or `npm i --save-dev @types/mocha` and then add 'jest' or 'mocha' to the types field in your tsconfig.
tests/unit/AnnotationService.test.ts(245,13): error TS2304: Cannot find name 'expect'.
tests/unit/AnnotationService.test.ts(246,13): error TS2304: Cannot find name 'expect'.
tests/unit/AnnotationService.test.ts(249,9): error TS2593: Cannot find name 'it'. Do you need to install type definitions for a test runner? Try `npm i --save-dev @types/jest` or `npm i --save-dev @types/mocha` and then add 'jest' or 'mocha' to the types field in your tsconfig.
tests/unit/AnnotationService.test.ts(252,13): error TS2304: Cannot find name 'expect'.
tests/unit/AnnotationService.test.ts(256,5): error TS2593: Cannot find name 'describe'. Do you need to install type definitions for a test runner? Try `npm i --save-dev @types/jest` or `npm i --save-dev @types/mocha` and then add 'jest' or 'mocha' to the types field in your tsconfig.
tests/unit/AnnotationService.test.ts(257,9): error TS2304: Cannot find name 'beforeEach'.
tests/unit/AnnotationService.test.ts(261,9): error TS2593: Cannot find name 'it'. Do you need to install type definitions for a test runner? Try `npm i --save-dev @types/jest` or `npm i --save-dev @types/mocha` and then add 'jest' or 'mocha' to the types field in your tsconfig.
tests/unit/AnnotationService.test.ts(266,13): error TS2304: Cannot find name 'expect'.
tests/unit/AnnotationService.test.ts(269,9): error TS2593: Cannot find name 'it'. Do you need to install type definitions for a test runner? Try `npm i --save-dev @types/jest` or `npm i --save-dev @types/mocha` and then add 'jest' or 'mocha' to the types field in your tsconfig.
tests/unit/AnnotationService.test.ts(272,13): error TS2304: Cannot find name 'expect'.
tests/unit/AnnotationService.test.ts(276,5): error TS2593: Cannot find name 'describe'. Do you need to install type definitions for a test runner? Try `npm i --save-dev @types/jest` or `npm i --save-dev @types/mocha` and then add 'jest' or 'mocha' to the types field in your tsconfig.
tests/unit/AnnotationService.test.ts(277,9): error TS2304: Cannot find name 'beforeEach'.
tests/unit/AnnotationService.test.ts(281,9): error TS2593: Cannot find name 'it'. Do you need to install type definitions for a test runner? Try `npm i --save-dev @types/jest` or `npm i --save-dev @types/mocha` and then add 'jest' or 'mocha' to the types field in your tsconfig.
tests/unit/AnnotationService.test.ts(289,13): error TS2304: Cannot find name 'expect'.
tests/unit/AnnotationService.test.ts(292,13): error TS2304: Cannot find name 'expect'.
tests/unit/AnnotationService.test.ts(293,13): error TS2304: Cannot find name 'expect'.
tests/unit/AnnotationService.test.ts(296,9): error TS2593: Cannot find name 'it'. Do you need to install type definitions for a test runner? Try `npm i --save-dev @types/jest` or `npm i --save-dev @types/mocha` and then add 'jest' or 'mocha' to the types field in your tsconfig.
tests/unit/AnnotationService.test.ts(301,13): error TS2304: Cannot find name 'expect'.
tests/unit/AnnotationService.test.ts(305,5): error TS2593: Cannot find name 'describe'. Do you need to install type definitions for a test runner? Try `npm i --save-dev @types/jest` or `npm i --save-dev @types/mocha` and then add 'jest' or 'mocha' to the types field in your tsconfig.
tests/unit/AnnotationService.test.ts(306,9): error TS2304: Cannot find name 'beforeEach'.
tests/unit/AnnotationService.test.ts(310,9): error TS2593: Cannot find name 'it'. Do you need to install type definitions for a test runner? Try `npm i --save-dev @types/jest` or `npm i --save-dev @types/mocha` and then add 'jest' or 'mocha' to the types field in your tsconfig.
tests/unit/AnnotationService.test.ts(315,13): error TS2304: Cannot find name 'expect'.
tests/unit/AnnotationService.test.ts(316,13): error TS2304: Cannot find name 'expect'.
tests/unit/AnnotationService.test.ts(319,9): error TS2593: Cannot find name 'it'. Do you need to install type definitions for a test runner? Try `npm i --save-dev @types/jest` or `npm i --save-dev @types/mocha` and then add 'jest' or 'mocha' to the types field in your tsconfig.
tests/unit/AnnotationService.test.ts(325,13): error TS2304: Cannot find name 'expect'.
tests/unit/AnnotationService.test.ts(328,9): error TS2593: Cannot find name 'it'. Do you need to install type definitions for a test runner? Try `npm i --save-dev @types/jest` or `npm i --save-dev @types/mocha` and then add 'jest' or 'mocha' to the types field in your tsconfig.
tests/unit/AnnotationService.test.ts(331,13): error TS2304: Cannot find name 'expect'.
tests/unit/AnnotationService.test.ts(335,5): error TS2593: Cannot find name 'describe'. Do you need to install type definitions for a test runner? Try `npm i --save-dev @types/jest` or `npm i --save-dev @types/mocha` and then add 'jest' or 'mocha' to the types field in your tsconfig.
tests/unit/AnnotationService.test.ts(336,9): error TS2304: Cannot find name 'beforeEach'.
tests/unit/AnnotationService.test.ts(341,9): error TS2593: Cannot find name 'it'. Do you need to install type definitions for a test runner? Try `npm i --save-dev @types/jest` or `npm i --save-dev @types/mocha` and then add 'jest' or 'mocha' to the types field in your tsconfig.
tests/unit/AnnotationService.test.ts(347,13): error TS2304: Cannot find name 'expect'.
tests/unit/AnnotationService.test.ts(350,9): error TS2593: Cannot find name 'it'. Do you need to install type definitions for a test runner? Try `npm i --save-dev @types/jest` or `npm i --save-dev @types/mocha` and then add 'jest' or 'mocha' to the types field in your tsconfig.
tests/unit/AnnotationService.test.ts(356,13): error TS2304: Cannot find name 'expect'.
tests/unit/AnnotationService.test.ts(360,5): error TS2593: Cannot find name 'describe'. Do you need to install type definitions for a test runner? Try `npm i --save-dev @types/jest` or `npm i --save-dev @types/mocha` and then add 'jest' or 'mocha' to the types field in your tsconfig.
tests/unit/AnnotationService.test.ts(361,9): error TS2304: Cannot find name 'beforeEach'.
tests/unit/AnnotationService.test.ts(365,9): error TS2593: Cannot find name 'it'. Do you need to install type definitions for a test runner? Try `npm i --save-dev @types/jest` or `npm i --save-dev @types/mocha` and then add 'jest' or 'mocha' to the types field in your tsconfig.
tests/unit/AnnotationService.test.ts(371,13): error TS2304: Cannot find name 'expect'.
tests/unit/AnnotationService.test.ts(372,13): error TS2304: Cannot find name 'expect'.
tests/unit/AnnotationService.test.ts(373,13): error TS2304: Cannot find name 'expect'.
tests/unit/AnnotationService.test.ts(376,9): error TS2593: Cannot find name 'it'. Do you need to install type definitions for a test runner? Try `npm i --save-dev @types/jest` or `npm i --save-dev @types/mocha` and then add 'jest' or 'mocha' to the types field in your tsconfig.
tests/unit/AnnotationService.test.ts(380,13): error TS2304: Cannot find name 'expect'.
tests/unit/AnnotationService.test.ts(381,13): error TS2304: Cannot find name 'expect'.
tests/unit/AnnotationService.test.ts(385,5): error TS2593: Cannot find name 'describe'. Do you need to install type definitions for a test runner? Try `npm i --save-dev @types/jest` or `npm i --save-dev @types/mocha` and then add 'jest' or 'mocha' to the types field in your tsconfig.
tests/unit/AnnotationService.test.ts(386,9): error TS2304: Cannot find name 'beforeEach'.
tests/unit/AnnotationService.test.ts(390,9): error TS2593: Cannot find name 'it'. Do you need to install type definitions for a test runner? Try `npm i --save-dev @types/jest` or `npm i --save-dev @types/mocha` and then add 'jest' or 'mocha' to the types field in your tsconfig.
tests/unit/AnnotationService.test.ts(410,13): error TS2304: Cannot find name 'expect'.
tests/unit/AnnotationService.test.ts(411,13): error TS2304: Cannot find name 'expect'.
tests/unit/AnnotationService.test.ts(412,13): error TS2304: Cannot find name 'expect'.
tests/unit/AnnotationService.test.ts(415,9): error TS2593: Cannot find name 'it'. Do you need to install type definitions for a test runner? Try `npm i --save-dev @types/jest` or `npm i --save-dev @types/mocha` and then add 'jest' or 'mocha' to the types field in your tsconfig.
tests/unit/AnnotationService.test.ts(418,13): error TS2304: Cannot find name 'expect'.
tests/unit/AnnotationService.test.ts(421,9): error TS2593: Cannot find name 'it'. Do you need to install type definitions for a test runner? Try `npm i --save-dev @types/jest` or `npm i --save-dev @types/mocha` and then add 'jest' or 'mocha' to the types field in your tsconfig.
tests/unit/AnnotationService.test.ts(424,13): error TS2304: Cannot find name 'expect'.
tests/unit/AnnotationService.test.ts(428,5): error TS2593: Cannot find name 'describe'. Do you need to install type definitions for a test runner? Try `npm i --save-dev @types/jest` or `npm i --save-dev @types/mocha` and then add 'jest' or 'mocha' to the types field in your tsconfig.
tests/unit/AnnotationService.test.ts(429,9): error TS2593: Cannot find name 'it'. Do you need to install type definitions for a test runner? Try `npm i --save-dev @types/jest` or `npm i --save-dev @types/mocha` and then add 'jest' or 'mocha' to the types field in your tsconfig.
tests/unit/AnnotationService.test.ts(432,13): error TS2304: Cannot find name 'expect'.
tests/unit/AnnotationService.test.ts(436,5): error TS2593: Cannot find name 'describe'. Do you need to install type definitions for a test runner? Try `npm i --save-dev @types/jest` or `npm i --save-dev @types/mocha` and then add 'jest' or 'mocha' to the types field in your tsconfig.
tests/unit/AnnotationService.test.ts(437,9): error TS2593: Cannot find name 'it'. Do you need to install type definitions for a test runner? Try `npm i --save-dev @types/jest` or `npm i --save-dev @types/mocha` and then add 'jest' or 'mocha' to the types field in your tsconfig.
tests/unit/AnnotationService.test.ts(440,13): error TS2304: Cannot find name 'expect'.
tests/unit/AnnotationService.test.ts(444,5): error TS2593: Cannot find name 'describe'. Do you need to install type definitions for a test runner? Try `npm i --save-dev @types/jest` or `npm i --save-dev @types/mocha` and then add 'jest' or 'mocha' to the types field in your tsconfig.
tests/unit/AnnotationService.test.ts(445,9): error TS2593: Cannot find name 'it'. Do you need to install type definitions for a test runner? Try `npm i --save-dev @types/jest` or `npm i --save-dev @types/mocha` and then add 'jest' or 'mocha' to the types field in your tsconfig.
tests/unit/AnnotationService.test.ts(448,13): error TS2304: Cannot find name 'expect'.
tests/unit/AnnotationService.test.ts(452,5): error TS2593: Cannot find name 'describe'. Do you need to install type definitions for a test runner? Try `npm i --save-dev @types/jest` or `npm i --save-dev @types/mocha` and then add 'jest' or 'mocha' to the types field in your tsconfig.
tests/unit/AnnotationService.test.ts(453,9): error TS2593: Cannot find name 'it'. Do you need to install type definitions for a test runner? Try `npm i --save-dev @types/jest` or `npm i --save-dev @types/mocha` and then add 'jest' or 'mocha' to the types field in your tsconfig.
tests/unit/AnnotationService.test.ts(460,13): error TS2304: Cannot find name 'expect'.
tests/unit/AnnotationService.test.ts(463,9): error TS2593: Cannot find name 'it'. Do you need to install type definitions for a test runner? Try `npm i --save-dev @types/jest` or `npm i --save-dev @types/mocha` and then add 'jest' or 'mocha' to the types field in your tsconfig.
tests/unit/AnnotationService.test.ts(468,13): error TS2304: Cannot find name 'expect'.
tests/unit/AnnotationService.test.ts(472,5): error TS2593: Cannot find name 'describe'. Do you need to install type definitions for a test runner? Try `npm i --save-dev @types/jest` or `npm i --save-dev @types/mocha` and then add 'jest' or 'mocha' to the types field in your tsconfig.
tests/unit/AnnotationService.test.ts(473,9): error TS2304: Cannot find name 'beforeEach'.
tests/unit/AnnotationService.test.ts(477,9): error TS2593: Cannot find name 'it'. Do you need to install type definitions for a test runner? Try `npm i --save-dev @types/jest` or `npm i --save-dev @types/mocha` and then add 'jest' or 'mocha' to the types field in your tsconfig.
tests/unit/AnnotationService.test.ts(481,13): error TS2304: Cannot find name 'expect'.
tests/unit/AnnotationService.test.ts(486,9): error TS2593: Cannot find name 'it'. Do you need to install type definitions for a test runner? Try `npm i --save-dev @types/jest` or `npm i --save-dev @types/mocha` and then add 'jest' or 'mocha' to the types field in your tsconfig.
tests/unit/AnnotationService.test.ts(487,32): error TS2304: Cannot find name 'jest'.
tests/unit/AnnotationService.test.ts(491,13): error TS2304: Cannot find name 'expect'.
tests/unit/AppStateManager.test.ts(3,1): error TS2593: Cannot find name 'describe'. Do you need to install type definitions for a test runner? Try `npm i --save-dev @types/jest` or `npm i --save-dev @types/mocha` and then add 'jest' or 'mocha' to the types field in your tsconfig.
tests/unit/AppStateManager.test.ts(4,3): error TS2304: Cannot find name 'beforeEach'.
tests/unit/AppStateManager.test.ts(30,3): error TS2593: Cannot find name 'describe'. Do you need to install type definitions for a test runner? Try `npm i --save-dev @types/jest` or `npm i --save-dev @types/mocha` and then add 'jest' or 'mocha' to the types field in your tsconfig.
tests/unit/AppStateManager.test.ts(31,5): error TS2593: Cannot find name 'it'. Do you need to install type definitions for a test runner? Try `npm i --save-dev @types/jest` or `npm i --save-dev @types/mocha` and then add 'jest' or 'mocha' to the types field in your tsconfig.
tests/unit/AppStateManager.test.ts(35,7): error TS2304: Cannot find name 'expect'.
tests/unit/AppStateManager.test.ts(36,7): error TS2304: Cannot find name 'expect'.
tests/unit/AppStateManager.test.ts(37,7): error TS2304: Cannot find name 'expect'.
tests/unit/AppStateManager.test.ts(40,5): error TS2593: Cannot find name 'it'. Do you need to install type definitions for a test runner? Try `npm i --save-dev @types/jest` or `npm i --save-dev @types/mocha` and then add 'jest' or 'mocha' to the types field in your tsconfig.
tests/unit/AppStateManager.test.ts(46,7): error TS2304: Cannot find name 'expect'.
tests/unit/AppStateManager.test.ts(50,3): error TS2593: Cannot find name 'describe'. Do you need to install type definitions for a test runner? Try `npm i --save-dev @types/jest` or `npm i --save-dev @types/mocha` and then add 'jest' or 'mocha' to the types field in your tsconfig.
tests/unit/AppStateManager.test.ts(51,5): error TS2593: Cannot find name 'it'. Do you need to install type definitions for a test runner? Try `npm i --save-dev @types/jest` or `npm i --save-dev @types/mocha` and then add 'jest' or 'mocha' to the types field in your tsconfig.
tests/unit/AppStateManager.test.ts(53,7): error TS2304: Cannot find name 'expect'.
tests/unit/AppStateManager.test.ts(54,7): error TS2304: Cannot find name 'expect'.
tests/unit/AppStateManager.test.ts(57,5): error TS2593: Cannot find name 'it'. Do you need to install type definitions for a test runner? Try `npm i --save-dev @types/jest` or `npm i --save-dev @types/mocha` and then add 'jest' or 'mocha' to the types field in your tsconfig.
tests/unit/AppStateManager.test.ts(58,24): error TS2304: Cannot find name 'jest'.
tests/unit/AppStateManager.test.ts(63,7): error TS2304: Cannot find name 'expect'.
tests/unit/AppStateManager.test.ts(64,9): error TS2304: Cannot find name 'expect'.
tests/unit/AppStateManager.test.ts(68,5): error TS2593: Cannot find name 'it'. Do you need to install type definitions for a test runner? Try `npm i --save-dev @types/jest` or `npm i --save-dev @types/mocha` and then add 'jest' or 'mocha' to the types field in your tsconfig.
tests/unit/AppStateManager.test.ts(69,25): error TS2304: Cannot find name 'jest'.
tests/unit/AppStateManager.test.ts(70,25): error TS2304: Cannot find name 'jest'.
tests/unit/AppStateManager.test.ts(77,7): error TS2304: Cannot find name 'expect'.
tests/unit/AppStateManager.test.ts(78,7): error TS2304: Cannot find name 'expect'.
tests/unit/AppStateManager.test.ts(82,3): error TS2593: Cannot find name 'describe'. Do you need to install type definitions for a test runner? Try `npm i --save-dev @types/jest` or `npm i --save-dev @types/mocha` and then add 'jest' or 'mocha' to the types field in your tsconfig.
tests/unit/AppStateManager.test.ts(83,5): error TS2593: Cannot find name 'it'. Do you need to install type definitions for a test runner? Try `npm i --save-dev @types/jest` or `npm i --save-dev @types/mocha` and then add 'jest' or 'mocha' to the types field in your tsconfig.
tests/unit/AppStateManager.test.ts(84,24): error TS2304: Cannot find name 'jest'.
tests/unit/AppStateManager.test.ts(88,7): error TS2304: Cannot find name 'expect'.
tests/unit/AppStateManager.test.ts(92,7): error TS2304: Cannot find name 'expect'.
tests/unit/AppStateManager.test.ts(96,3): error TS2593: Cannot find name 'describe'. Do you need to install type definitions for a test runner? Try `npm i --save-dev @types/jest` or `npm i --save-dev @types/mocha` and then add 'jest' or 'mocha' to the types field in your tsconfig.
tests/unit/AppStateManager.test.ts(97,5): error TS2593: Cannot find name 'it'. Do you need to install type definitions for a test runner? Try `npm i --save-dev @types/jest` or `npm i --save-dev @types/mocha` and then add 'jest' or 'mocha' to the types field in your tsconfig.
tests/unit/AppStateManager.test.ts(98,7): error TS2304: Cannot find name 'expect'.
tests/unit/AppStateManager.test.ts(101,7): error TS2304: Cannot find name 'expect'.
tests/unit/AppStateManager.test.ts(104,7): error TS2304: Cannot find name 'expect'.
tests/unit/BackendProxyService.test.ts(13,16): error TS2304: Cannot find name 'jest'.
tests/unit/BackendProxyService.test.ts(15,1): error TS2593: Cannot find name 'describe'. Do you need to install type definitions for a test runner? Try `npm i --save-dev @types/jest` or `npm i --save-dev @types/mocha` and then add 'jest' or 'mocha' to the types field in your tsconfig.
tests/unit/BackendProxyService.test.ts(16,5): error TS2304: Cannot find name 'beforeEach'.
tests/unit/BackendProxyService.test.ts(29,26): error TS2503: Cannot find namespace 'jest'.
tests/unit/BackendProxyService.test.ts(32,5): error TS2593: Cannot find name 'describe'. Do you need to install type definitions for a test runner? Try `npm i --save-dev @types/jest` or `npm i --save-dev @types/mocha` and then add 'jest' or 'mocha' to the types field in your tsconfig.
tests/unit/BackendProxyService.test.ts(33,9): error TS2593: Cannot find name 'it'. Do you need to install type definitions for a test runner? Try `npm i --save-dev @types/jest` or `npm i --save-dev @types/mocha` and then add 'jest' or 'mocha' to the types field in your tsconfig.
tests/unit/BackendProxyService.test.ts(39,13): error TS2304: Cannot find name 'expect'.
tests/unit/BackendProxyService.test.ts(40,13): error TS2304: Cannot find name 'expect'.
tests/unit/BackendProxyService.test.ts(43,9): error TS2593: Cannot find name 'it'. Do you need to install type definitions for a test runner? Try `npm i --save-dev @types/jest` or `npm i --save-dev @types/mocha` and then add 'jest' or 'mocha' to the types field in your tsconfig.
tests/unit/BackendProxyService.test.ts(48,13): error TS2304: Cannot find name 'expect'.
tests/unit/BackendProxyService.test.ts(52,5): error TS2593: Cannot find name 'describe'. Do you need to install type definitions for a test runner? Try `npm i --save-dev @types/jest` or `npm i --save-dev @types/mocha` and then add 'jest' or 'mocha' to the types field in your tsconfig.
tests/unit/BackendProxyService.test.ts(53,9): error TS2593: Cannot find name 'it'. Do you need to install type definitions for a test runner? Try `npm i --save-dev @types/jest` or `npm i --save-dev @types/mocha` and then add 'jest' or 'mocha' to the types field in your tsconfig.
tests/unit/BackendProxyService.test.ts(56,13): error TS2304: Cannot find name 'expect'.
tests/unit/BackendProxyService.test.ts(59,9): error TS2593: Cannot find name 'it'. Do you need to install type definitions for a test runner? Try `npm i --save-dev @types/jest` or `npm i --save-dev @types/mocha` and then add 'jest' or 'mocha' to the types field in your tsconfig.
tests/unit/BackendProxyService.test.ts(62,13): error TS2304: Cannot find name 'expect'.
tests/unit/BackendProxyService.test.ts(65,9): error TS2593: Cannot find name 'it'. Do you need to install type definitions for a test runner? Try `npm i --save-dev @types/jest` or `npm i --save-dev @types/mocha` and then add 'jest' or 'mocha' to the types field in your tsconfig.
tests/unit/BackendProxyService.test.ts(68,13): error TS2304: Cannot find name 'expect'.
tests/unit/BackendProxyService.test.ts(69,13): error TS2304: Cannot find name 'expect'.
tests/unit/BackendProxyService.test.ts(72,9): error TS2593: Cannot find name 'it'. Do you need to install type definitions for a test runner? Try `npm i --save-dev @types/jest` or `npm i --save-dev @types/mocha` and then add 'jest' or 'mocha' to the types field in your tsconfig.
tests/unit/BackendProxyService.test.ts(75,13): error TS2304: Cannot find name 'expect'.
tests/unit/BackendProxyService.test.ts(79,5): error TS2593: Cannot find name 'describe'. Do you need to install type definitions for a test runner? Try `npm i --save-dev @types/jest` or `npm i --save-dev @types/mocha` and then add 'jest' or 'mocha' to the types field in your tsconfig.
tests/unit/BackendProxyService.test.ts(80,9): error TS2593: Cannot find name 'it'. Do you need to install type definitions for a test runner? Try `npm i --save-dev @types/jest` or `npm i --save-dev @types/mocha` and then add 'jest' or 'mocha' to the types field in your tsconfig.
tests/unit/BackendProxyService.test.ts(96,13): error TS2304: Cannot find name 'expect'.
tests/unit/BackendProxyService.test.ts(99,9): error TS2593: Cannot find name 'it'. Do you need to install type definitions for a test runner? Try `npm i --save-dev @types/jest` or `npm i --save-dev @types/mocha` and then add 'jest' or 'mocha' to the types field in your tsconfig.
tests/unit/BackendProxyService.test.ts(113,13): error TS2304: Cannot find name 'expect'.
tests/unit/BackendProxyService.test.ts(117,5): error TS2593: Cannot find name 'describe'. Do you need to install type definitions for a test runner? Try `npm i --save-dev @types/jest` or `npm i --save-dev @types/mocha` and then add 'jest' or 'mocha' to the types field in your tsconfig.
tests/unit/BackendProxyService.test.ts(118,9): error TS2593: Cannot find name 'it'. Do you need to install type definitions for a test runner? Try `npm i --save-dev @types/jest` or `npm i --save-dev @types/mocha` and then add 'jest' or 'mocha' to the types field in your tsconfig.
tests/unit/BackendProxyService.test.ts(127,30): error TS2503: Cannot find namespace 'jest'.
tests/unit/BackendProxyService.test.ts(131,13): error TS2304: Cannot find name 'expect'.
tests/unit/BackendProxyService.test.ts(132,13): error TS2304: Cannot find name 'expect'.
tests/unit/BackendProxyService.test.ts(133,13): error TS2304: Cannot find name 'expect'.
tests/unit/BackendProxyService.test.ts(136,9): error TS2593: Cannot find name 'it'. Do you need to install type definitions for a test runner? Try `npm i --save-dev @types/jest` or `npm i --save-dev @types/mocha` and then add 'jest' or 'mocha' to the types field in your tsconfig.
tests/unit/BackendProxyService.test.ts(145,30): error TS2503: Cannot find namespace 'jest'.
tests/unit/BackendProxyService.test.ts(151,13): error TS2304: Cannot find name 'expect'.
tests/unit/BackendProxyService.test.ts(152,13): error TS2304: Cannot find name 'expect'.
tests/unit/BackendProxyService.test.ts(155,9): error TS2593: Cannot find name 'it'. Do you need to install type definitions for a test runner? Try `npm i --save-dev @types/jest` or `npm i --save-dev @types/mocha` and then add 'jest' or 'mocha' to the types field in your tsconfig.
tests/unit/BackendProxyService.test.ts(164,30): error TS2503: Cannot find namespace 'jest'.
tests/unit/BackendProxyService.test.ts(170,13): error TS2304: Cannot find name 'expect'.
tests/unit/BackendProxyService.test.ts(173,9): error TS2593: Cannot find name 'it'. Do you need to install type definitions for a test runner? Try `npm i --save-dev @types/jest` or `npm i --save-dev @types/mocha` and then add 'jest' or 'mocha' to the types field in your tsconfig.
tests/unit/BackendProxyService.test.ts(183,30): error TS2503: Cannot find namespace 'jest'.
tests/unit/BackendProxyService.test.ts(189,13): error TS2304: Cannot find name 'expect'.
tests/unit/BackendProxyService.test.ts(190,13): error TS2304: Cannot find name 'expect'.
tests/unit/BackendProxyService.test.ts(193,9): error TS2593: Cannot find name 'it'. Do you need to install type definitions for a test runner? Try `npm i --save-dev @types/jest` or `npm i --save-dev @types/mocha` and then add 'jest' or 'mocha' to the types field in your tsconfig.
tests/unit/BackendProxyService.test.ts(198,30): error TS2503: Cannot find namespace 'jest'.
tests/unit/BackendProxyService.test.ts(200,19): error TS2304: Cannot find name 'expect'.
tests/unit/BackendProxyService.test.ts(204,13): error TS2304: Cannot find name 'expect'.
tests/unit/BackendProxyService.test.ts(207,9): error TS2593: Cannot find name 'it'. Do you need to install type definitions for a test runner? Try `npm i --save-dev @types/jest` or `npm i --save-dev @types/mocha` and then add 'jest' or 'mocha' to the types field in your tsconfig.
tests/unit/BackendProxyService.test.ts(216,30): error TS2503: Cannot find namespace 'jest'.
tests/unit/BackendProxyService.test.ts(220,13): error TS2304: Cannot find name 'expect'.
tests/unit/BackendProxyService.test.ts(223,9): error TS2593: Cannot find name 'it'. Do you need to install type definitions for a test runner? Try `npm i --save-dev @types/jest` or `npm i --save-dev @types/mocha` and then add 'jest' or 'mocha' to the types field in your tsconfig.
tests/unit/BackendProxyService.test.ts(233,30): error TS2503: Cannot find namespace 'jest'.
tests/unit/BackendProxyService.test.ts(235,19): error TS2304: Cannot find name 'expect'.
tests/unit/BackendProxyService.test.ts(238,9): error TS2593: Cannot find name 'it'. Do you need to install type definitions for a test runner? Try `npm i --save-dev @types/jest` or `npm i --save-dev @types/mocha` and then add 'jest' or 'mocha' to the types field in your tsconfig.
tests/unit/BackendProxyService.test.ts(247,30): error TS2503: Cannot find namespace 'jest'.
tests/unit/BackendProxyService.test.ts(253,13): error TS2304: Cannot find name 'expect'.
tests/unit/BackendProxyService.test.ts(254,17): error TS2304: Cannot find name 'expect'.
tests/unit/BackendProxyService.test.ts(255,17): error TS2304: Cannot find name 'expect'.
tests/unit/BackendProxyService.test.ts(256,30): error TS2304: Cannot find name 'expect'.
tests/unit/BackendProxyService.test.ts(264,5): error TS2593: Cannot find name 'describe'. Do you need to install type definitions for a test runner? Try `npm i --save-dev @types/jest` or `npm i --save-dev @types/mocha` and then add 'jest' or 'mocha' to the types field in your tsconfig.
tests/unit/BackendProxyService.test.ts(265,9): error TS2304: Cannot find name 'beforeEach'.
tests/unit/BackendProxyService.test.ts(274,30): error TS2503: Cannot find namespace 'jest'.
tests/unit/BackendProxyService.test.ts(277,9): error TS2593: Cannot find name 'it'. Do you need to install type definitions for a test runner? Try `npm i --save-dev @types/jest` or `npm i --save-dev @types/mocha` and then add 'jest' or 'mocha' to the types field in your tsconfig.
tests/unit/BackendProxyService.test.ts(280,13): error TS2304: Cannot find name 'expect'.
tests/unit/BackendProxyService.test.ts(281,17): error TS2304: Cannot find name 'expect'.
tests/unit/BackendProxyService.test.ts(282,17): error TS2304: Cannot find name 'expect'.
tests/unit/BackendProxyService.test.ts(289,9): error TS2593: Cannot find name 'it'. Do you need to install type definitions for a test runner? Try `npm i --save-dev @types/jest` or `npm i --save-dev @types/mocha` and then add 'jest' or 'mocha' to the types field in your tsconfig.
tests/unit/BackendProxyService.test.ts(292,13): error TS2304: Cannot find name 'expect'.
tests/unit/BackendProxyService.test.ts(293,17): error TS2304: Cannot find name 'expect'.
tests/unit/BackendProxyService.test.ts(294,17): error TS2304: Cannot find name 'expect'.
tests/unit/BackendProxyService.test.ts(300,9): error TS2593: Cannot find name 'it'. Do you need to install type definitions for a test runner? Try `npm i --save-dev @types/jest` or `npm i --save-dev @types/mocha` and then add 'jest' or 'mocha' to the types field in your tsconfig.
tests/unit/BackendProxyService.test.ts(303,13): error TS2304: Cannot find name 'expect'.
tests/unit/BackendProxyService.test.ts(304,17): error TS2304: Cannot find name 'expect'.
tests/unit/BackendProxyService.test.ts(305,17): error TS2304: Cannot find name 'expect'.
tests/unit/BackendProxyService.test.ts(311,9): error TS2593: Cannot find name 'it'. Do you need to install type definitions for a test runner? Try `npm i --save-dev @types/jest` or `npm i --save-dev @types/mocha` and then add 'jest' or 'mocha' to the types field in your tsconfig.
tests/unit/BackendProxyService.test.ts(314,13): error TS2304: Cannot find name 'expect'.
tests/unit/BackendProxyService.test.ts(315,17): error TS2304: Cannot find name 'expect'.
tests/unit/BackendProxyService.test.ts(316,17): error TS2304: Cannot find name 'expect'.
tests/unit/BackendProxyService.test.ts(323,5): error TS2593: Cannot find name 'describe'. Do you need to install type definitions for a test runner? Try `npm i --save-dev @types/jest` or `npm i --save-dev @types/mocha` and then add 'jest' or 'mocha' to the types field in your tsconfig.
tests/unit/BackendProxyService.test.ts(324,9): error TS2593: Cannot find name 'it'. Do you need to install type definitions for a test runner? Try `npm i --save-dev @types/jest` or `npm i --save-dev @types/mocha` and then add 'jest' or 'mocha' to the types field in your tsconfig.
tests/unit/BackendProxyService.test.ts(333,30): error TS2503: Cannot find namespace 'jest'.
tests/unit/BackendProxyService.test.ts(341,13): error TS2304: Cannot find name 'expect'.
tests/unit/BackendProxyService.test.ts(342,13): error TS2304: Cannot find name 'expect'.
tests/unit/BackendProxyService.test.ts(345,9): error TS2593: Cannot find name 'it'. Do you need to install type definitions for a test runner? Try `npm i --save-dev @types/jest` or `npm i --save-dev @types/mocha` and then add 'jest' or 'mocha' to the types field in your tsconfig.
tests/unit/BackendProxyService.test.ts(354,30): error TS2503: Cannot find namespace 'jest'.
tests/unit/BackendProxyService.test.ts(360,13): error TS2304: Cannot find name 'expect'.
tests/unit/BackendProxyService.test.ts(361,13): error TS2304: Cannot find name 'expect'.
tests/unit/BackendProxyService.test.ts(365,5): error TS2593: Cannot find name 'describe'. Do you need to install type definitions for a test runner? Try `npm i --save-dev @types/jest` or `npm i --save-dev @types/mocha` and then add 'jest' or 'mocha' to the types field in your tsconfig.
tests/unit/BackendProxyService.test.ts(366,9): error TS2593: Cannot find name 'it'. Do you need to install type definitions for a test runner? Try `npm i --save-dev @types/jest` or `npm i --save-dev @types/mocha` and then add 'jest' or 'mocha' to the types field in your tsconfig.
tests/unit/BackendProxyService.test.ts(375,30): error TS2503: Cannot find namespace 'jest'.
tests/unit/BackendProxyService.test.ts(382,13): error TS2304: Cannot find name 'expect'.
tests/unit/BackendProxyService.test.ts(387,9): error TS2593: Cannot find name 'it'. Do you need to install type definitions for a test runner? Try `npm i --save-dev @types/jest` or `npm i --save-dev @types/mocha` and then add 'jest' or 'mocha' to the types field in your tsconfig.
tests/unit/BackendProxyService.test.ts(395,13): error TS2304: Cannot find name 'expect'.
tests/unit/BackendProxyService.test.ts(396,13): error TS2304: Cannot find name 'expect'.
tests/unit/BackendProxyService.test.ts(400,5): error TS2593: Cannot find name 'describe'. Do you need to install type definitions for a test runner? Try `npm i --save-dev @types/jest` or `npm i --save-dev @types/mocha` and then add 'jest' or 'mocha' to the types field in your tsconfig.
tests/unit/BackendProxyService.test.ts(401,9): error TS2593: Cannot find name 'it'. Do you need to install type definitions for a test runner? Try `npm i --save-dev @types/jest` or `npm i --save-dev @types/mocha` and then add 'jest' or 'mocha' to the types field in your tsconfig.
tests/unit/BackendProxyService.test.ts(410,30): error TS2503: Cannot find namespace 'jest'.
tests/unit/BackendProxyService.test.ts(420,13): error TS2304: Cannot find name 'expect'.
tests/unit/BackendProxyService.test.ts(421,13): error TS2304: Cannot find name 'expect'.
tests/unit/BackendProxyService.test.ts(424,9): error TS2593: Cannot find name 'it'. Do you need to install type definitions for a test runner? Try `npm i --save-dev @types/jest` or `npm i --save-dev @types/mocha` and then add 'jest' or 'mocha' to the types field in your tsconfig.
tests/unit/BackendProxyService.test.ts(427,30): error TS2503: Cannot find namespace 'jest'.
tests/unit/BackendProxyService.test.ts(452,13): error TS2304: Cannot find name 'expect'.
tests/unit/BackendProxyService.test.ts(453,13): error TS2304: Cannot find name 'expect'.
tests/unit/BackendProxyService.test.ts(454,13): error TS2304: Cannot find name 'expect'.
tests/unit/BackendProxyService.test.ts(455,13): error TS2304: Cannot find name 'expect'.
tests/unit/BackendProxyService.test.ts(459,5): error TS2593: Cannot find name 'describe'. Do you need to install type definitions for a test runner? Try `npm i --save-dev @types/jest` or `npm i --save-dev @types/mocha` and then add 'jest' or 'mocha' to the types field in your tsconfig.
tests/unit/BackendProxyService.test.ts(460,9): error TS2593: Cannot find name 'it'. Do you need to install type definitions for a test runner? Try `npm i --save-dev @types/jest` or `npm i --save-dev @types/mocha` and then add 'jest' or 'mocha' to the types field in your tsconfig.
tests/unit/BackendProxyService.test.ts(464,13): error TS2304: Cannot find name 'expect'.
tests/unit/BackendProxyService.test.ts(465,13): error TS2304: Cannot find name 'expect'.
tests/unit/BackendProxyService.test.ts(468,9): error TS2593: Cannot find name 'it'. Do you need to install type definitions for a test runner? Try `npm i --save-dev @types/jest` or `npm i --save-dev @types/mocha` and then add 'jest' or 'mocha' to the types field in your tsconfig.
tests/unit/BackendProxyService.test.ts(473,13): error TS2304: Cannot find name 'expect'.
tests/unit/BackendProxyService.test.ts(477,5): error TS2593: Cannot find name 'describe'. Do you need to install type definitions for a test runner? Try `npm i --save-dev @types/jest` or `npm i --save-dev @types/mocha` and then add 'jest' or 'mocha' to the types field in your tsconfig.
tests/unit/BackendProxyService.test.ts(478,9): error TS2593: Cannot find name 'it'. Do you need to install type definitions for a test runner? Try `npm i --save-dev @types/jest` or `npm i --save-dev @types/mocha` and then add 'jest' or 'mocha' to the types field in your tsconfig.
tests/unit/BackendProxyService.test.ts(487,30): error TS2503: Cannot find namespace 'jest'.
tests/unit/BackendProxyService.test.ts(491,13): error TS2304: Cannot find name 'expect'.
tests/unit/BackendProxyService.test.ts(494,9): error TS2593: Cannot find name 'it'. Do you need to install type definitions for a test runner? Try `npm i --save-dev @types/jest` or `npm i --save-dev @types/mocha` and then add 'jest' or 'mocha' to the types field in your tsconfig.
tests/unit/BackendProxyService.test.ts(496,30): error TS2503: Cannot find namespace 'jest'.
tests/unit/BackendProxyService.test.ts(500,13): error TS2304: Cannot find name 'expect'.
tests/unit/BackendProxyService.test.ts(503,9): error TS2593: Cannot find name 'it'. Do you need to install type definitions for a test runner? Try `npm i --save-dev @types/jest` or `npm i --save-dev @types/mocha` and then add 'jest' or 'mocha' to the types field in your tsconfig.
tests/unit/BackendProxyService.test.ts(512,30): error TS2503: Cannot find namespace 'jest'.
tests/unit/BackendProxyService.test.ts(516,13): error TS2304: Cannot find name 'expect'.
tests/unit/BackendProxyService.test.ts(518,17): error TS2304: Cannot find name 'expect'.
tests/unit/ExtractionTracker.test.ts(2,33): error TS2792: Cannot find module '../../src/types'. Did you mean to set the 'moduleResolution' option to 'nodenext', or to add aliases to the 'paths' option?
tests/unit/ExtractionTracker.test.ts(4,1): error TS2593: Cannot find name 'describe'. Do you need to install type definitions for a test runner? Try `npm i --save-dev @types/jest` or `npm i --save-dev @types/mocha` and then add 'jest' or 'mocha' to the types field in your tsconfig.
tests/unit/ExtractionTracker.test.ts(8,3): error TS2304: Cannot find name 'beforeEach'.
tests/unit/ExtractionTracker.test.ts(10,17): error TS2304: Cannot find name 'jest'.
tests/unit/ExtractionTracker.test.ts(14,17): error TS2304: Cannot find name 'jest'.
tests/unit/ExtractionTracker.test.ts(18,13): error TS2304: Cannot find name 'jest'.
tests/unit/ExtractionTracker.test.ts(24,7): error TS2741: Property 'renderPage' is missing in type '{}' but required in type 'PDFRenderer'.
tests/unit/ExtractionTracker.test.ts(30,3): error TS2593: Cannot find name 'describe'. Do you need to install type definitions for a test runner? Try `npm i --save-dev @types/jest` or `npm i --save-dev @types/mocha` and then add 'jest' or 'mocha' to the types field in your tsconfig.
tests/unit/ExtractionTracker.test.ts(31,5): error TS2593: Cannot find name 'it'. Do you need to install type definitions for a test runner? Try `npm i --save-dev @types/jest` or `npm i --save-dev @types/mocha` and then add 'jest' or 'mocha' to the types field in your tsconfig.
tests/unit/ExtractionTracker.test.ts(45,7): error TS2304: Cannot find name 'expect'.
tests/unit/ExtractionTracker.test.ts(50,5): error TS2593: Cannot find name 'it'. Do you need to install type definitions for a test runner? Try `npm i --save-dev @types/jest` or `npm i --save-dev @types/mocha` and then add 'jest' or 'mocha' to the types field in your tsconfig.
tests/unit/ExtractionTracker.test.ts(65,7): error TS2304: Cannot find name 'expect'.
tests/unit/ExtractionTracker.test.ts(68,5): error TS2593: Cannot find name 'it'. Do you need to install type definitions for a test runner? Try `npm i --save-dev @types/jest` or `npm i --save-dev @types/mocha` and then add 'jest' or 'mocha' to the types field in your tsconfig.
tests/unit/ExtractionTracker.test.ts(76,7): error TS2304: Cannot find name 'expect'.
tests/unit/ExtractionTracker.test.ts(80,3): error TS2593: Cannot find name 'describe'. Do you need to install type definitions for a test runner? Try `npm i --save-dev @types/jest` or `npm i --save-dev @types/mocha` and then add 'jest' or 'mocha' to the types field in your tsconfig.
tests/unit/ExtractionTracker.test.ts(81,5): error TS2593: Cannot find name 'it'. Do you need to install type definitions for a test runner? Try `npm i --save-dev @types/jest` or `npm i --save-dev @types/mocha` and then add 'jest' or 'mocha' to the types field in your tsconfig.
tests/unit/ExtractionTracker.test.ts(98,7): error TS2304: Cannot find name 'expect'.
tests/unit/ExtractionTracker.test.ts(101,7): error TS2304: Cannot find name 'expect'.
tests/unit/ExtractionTracker.test.ts(102,7): error TS2304: Cannot find name 'expect'.
tests/unit/ExtractionTracker.test.ts(106,3): error TS2593: Cannot find name 'describe'. Do you need to install type definitions for a test runner? Try `npm i --save-dev @types/jest` or `npm i --save-dev @types/mocha` and then add 'jest' or 'mocha' to the types field in your tsconfig.
tests/unit/ExtractionTracker.test.ts(107,5): error TS2593: Cannot find name 'it'. Do you need to install type definitions for a test runner? Try `npm i --save-dev @types/jest` or `npm i --save-dev @types/mocha` and then add 'jest' or 'mocha' to the types field in your tsconfig.
tests/unit/ExtractionTracker.test.ts(123,7): error TS2304: Cannot find name 'expect'.
tests/unit/ExtractionTracker.test.ts(124,7): error TS2304: Cannot find name 'expect'.
tests/unit/SecurityUtils.test.ts(3,1): error TS2593: Cannot find name 'describe'. Do you need to install type definitions for a test runner? Try `npm i --save-dev @types/jest` or `npm i --save-dev @types/mocha` and then add 'jest' or 'mocha' to the types field in your tsconfig.
tests/unit/SecurityUtils.test.ts(4,3): error TS2593: Cannot find name 'describe'. Do you need to install type definitions for a test runner? Try `npm i --save-dev @types/jest` or `npm i --save-dev @types/mocha` and then add 'jest' or 'mocha' to the types field in your tsconfig.
tests/unit/SecurityUtils.test.ts(5,5): error TS2593: Cannot find name 'it'. Do you need to install type definitions for a test runner? Try `npm i --save-dev @types/jest` or `npm i --save-dev @types/mocha` and then add 'jest' or 'mocha' to the types field in your tsconfig.
tests/unit/SecurityUtils.test.ts(9,7): error TS2304: Cannot find name 'expect'.
tests/unit/SecurityUtils.test.ts(10,7): error TS2304: Cannot find name 'expect'.
tests/unit/SecurityUtils.test.ts(11,7): error TS2304: Cannot find name 'expect'.
tests/unit/SecurityUtils.test.ts(14,5): error TS2593: Cannot find name 'it'. Do you need to install type definitions for a test runner? Try `npm i --save-dev @types/jest` or `npm i --save-dev @types/mocha` and then add 'jest' or 'mocha' to the types field in your tsconfig.
tests/unit/SecurityUtils.test.ts(17,7): error TS2304: Cannot find name 'expect'.
tests/unit/SecurityUtils.test.ts(20,5): error TS2593: Cannot find name 'it'. Do you need to install type definitions for a test runner? Try `npm i --save-dev @types/jest` or `npm i --save-dev @types/mocha` and then add 'jest' or 'mocha' to the types field in your tsconfig.
tests/unit/SecurityUtils.test.ts(21,7): error TS2304: Cannot find name 'expect'.
tests/unit/SecurityUtils.test.ts(24,5): error TS2593: Cannot find name 'it'. Do you need to install type definitions for a test runner? Try `npm i --save-dev @types/jest` or `npm i --save-dev @types/mocha` and then add 'jest' or 'mocha' to the types field in your tsconfig.
tests/unit/SecurityUtils.test.ts(26,7): error TS2304: Cannot find name 'expect'.
tests/unit/SecurityUtils.test.ts(30,3): error TS2593: Cannot find name 'describe'. Do you need to install type definitions for a test runner? Try `npm i --save-dev @types/jest` or `npm i --save-dev @types/mocha` and then add 'jest' or 'mocha' to the types field in your tsconfig.
tests/unit/SecurityUtils.test.ts(31,5): error TS2593: Cannot find name 'it'. Do you need to install type definitions for a test runner? Try `npm i --save-dev @types/jest` or `npm i --save-dev @types/mocha` and then add 'jest' or 'mocha' to the types field in your tsconfig.
tests/unit/SecurityUtils.test.ts(36,7): error TS2304: Cannot find name 'expect'.
tests/unit/SecurityUtils.test.ts(37,7): error TS2304: Cannot find name 'expect'.
tests/unit/SecurityUtils.test.ts(38,7): error TS2304: Cannot find name 'expect'.
tests/unit/SecurityUtils.test.ts(40,7): error TS2304: Cannot find name 'expect'.
tests/unit/SecurityUtils.test.ts(41,7): error TS2304: Cannot find name 'expect'.
tests/unit/SecurityUtils.test.ts(45,3): error TS2593: Cannot find name 'describe'. Do you need to install type definitions for a test runner? Try `npm i --save-dev @types/jest` or `npm i --save-dev @types/mocha` and then add 'jest' or 'mocha' to the types field in your tsconfig.
tests/unit/SecurityUtils.test.ts(46,5): error TS2593: Cannot find name 'it'. Do you need to install type definitions for a test runner? Try `npm i --save-dev @types/jest` or `npm i --save-dev @types/mocha` and then add 'jest' or 'mocha' to the types field in your tsconfig.
tests/unit/SecurityUtils.test.ts(52,7): error TS2304: Cannot find name 'expect'.
tests/unit/SecurityUtils.test.ts(55,5): error TS2593: Cannot find name 'it'. Do you need to install type definitions for a test runner? Try `npm i --save-dev @types/jest` or `npm i --save-dev @types/mocha` and then add 'jest' or 'mocha' to the types field in your tsconfig.
tests/unit/SecurityUtils.test.ts(61,7): error TS2304: Cannot find name 'expect'.
tests/unit/SecurityUtils.test.ts(62,7): error TS2304: Cannot find name 'expect'.
tests/unit/SecurityUtils.test.ts(65,5): error TS2593: Cannot find name 'it'. Do you need to install type definitions for a test runner? Try `npm i --save-dev @types/jest` or `npm i --save-dev @types/mocha` and then add 'jest' or 'mocha' to the types field in your tsconfig.
tests/unit/SecurityUtils.test.ts(71,7): error TS2304: Cannot find name 'expect'.
tests/unit/SecurityUtils.test.ts(74,5): error TS2593: Cannot find name 'it'. Do you need to install type definitions for a test runner? Try `npm i --save-dev @types/jest` or `npm i --save-dev @types/mocha` and then add 'jest' or 'mocha' to the types field in your tsconfig.
tests/unit/SecurityUtils.test.ts(80,7): error TS2304: Cannot find name 'expect'.
tests/unit/SecurityUtils.test.ts(83,5): error TS2593: Cannot find name 'it'. Do you need to install type definitions for a test runner? Try `npm i --save-dev @types/jest` or `npm i --save-dev @types/mocha` and then add 'jest' or 'mocha' to the types field in your tsconfig.
tests/unit/SecurityUtils.test.ts(89,7): error TS2304: Cannot find name 'expect'.
tests/unit/SecurityUtils.test.ts(92,5): error TS2593: Cannot find name 'it'. Do you need to install type definitions for a test runner? Try `npm i --save-dev @types/jest` or `npm i --save-dev @types/mocha` and then add 'jest' or 'mocha' to the types field in your tsconfig.
tests/unit/SecurityUtils.test.ts(98,7): error TS2304: Cannot find name 'expect'.
tests/unit/SecurityUtils.test.ts(101,5): error TS2593: Cannot find name 'it'. Do you need to install type definitions for a test runner? Try `npm i --save-dev @types/jest` or `npm i --save-dev @types/mocha` and then add 'jest' or 'mocha' to the types field in your tsconfig.
tests/unit/SecurityUtils.test.ts(107,7): error TS2304: Cannot find name 'expect'.
tests/unit/SecurityUtils.test.ts(108,7): error TS2304: Cannot find name 'expect'.
tests/unit/SecurityUtils.test.ts(112,3): error TS2593: Cannot find name 'describe'. Do you need to install type definitions for a test runner? Try `npm i --save-dev @types/jest` or `npm i --save-dev @types/mocha` and then add 'jest' or 'mocha' to the types field in your tsconfig.
tests/unit/SecurityUtils.test.ts(113,5): error TS2593: Cannot find name 'it'. Do you need to install type definitions for a test runner? Try `npm i --save-dev @types/jest` or `npm i --save-dev @types/mocha` and then add 'jest' or 'mocha' to the types field in your tsconfig.
tests/unit/SecurityUtils.test.ts(125,7): error TS2304: Cannot find name 'expect'.
tests/unit/SecurityUtils.test.ts(128,5): error TS2593: Cannot find name 'it'. Do you need to install type definitions for a test runner? Try `npm i --save-dev @types/jest` or `npm i --save-dev @types/mocha` and then add 'jest' or 'mocha' to the types field in your tsconfig.
tests/unit/SecurityUtils.test.ts(136,7): error TS2304: Cannot find name 'expect'.
tests/unit/SemanticSearchService.test.ts(14,1): error TS2593: Cannot find name 'describe'. Do you need to install type definitions for a test runner? Try `npm i --save-dev @types/jest` or `npm i --save-dev @types/mocha` and then add 'jest' or 'mocha' to the types field in your tsconfig.
tests/unit/SemanticSearchService.test.ts(62,5): error TS2304: Cannot find name 'beforeEach'.
tests/unit/SemanticSearchService.test.ts(70,5): error TS2593: Cannot find name 'describe'. Do you need to install type definitions for a test runner? Try `npm i --save-dev @types/jest` or `npm i --save-dev @types/mocha` and then add 'jest' or 'mocha' to the types field in your tsconfig.
tests/unit/SemanticSearchService.test.ts(71,9): error TS2593: Cannot find name 'it'. Do you need to install type definitions for a test runner? Try `npm i --save-dev @types/jest` or `npm i --save-dev @types/mocha` and then add 'jest' or 'mocha' to the types field in your tsconfig.
tests/unit/SemanticSearchService.test.ts(75,13): error TS2304: Cannot find name 'expect'.
tests/unit/SemanticSearchService.test.ts(76,13): error TS2304: Cannot find name 'expect'.
tests/unit/SemanticSearchService.test.ts(77,13): error TS2304: Cannot find name 'expect'.
tests/unit/SemanticSearchService.test.ts(80,9): error TS2593: Cannot find name 'it'. Do you need to install type definitions for a test runner? Try `npm i --save-dev @types/jest` or `npm i --save-dev @types/mocha` and then add 'jest' or 'mocha' to the types field in your tsconfig.
tests/unit/SemanticSearchService.test.ts(85,13): error TS2304: Cannot find name 'expect'.
tests/unit/SemanticSearchService.test.ts(87,13): error TS2304: Cannot find name 'expect'.
tests/unit/SemanticSearchService.test.ts(90,9): error TS2593: Cannot find name 'it'. Do you need to install type definitions for a test runner? Try `npm i --save-dev @types/jest` or `npm i --save-dev @types/mocha` and then add 'jest' or 'mocha' to the types field in your tsconfig.
tests/unit/SemanticSearchService.test.ts(95,13): error TS2304: Cannot find name 'expect'.
tests/unit/SemanticSearchService.test.ts(96,13): error TS2304: Cannot find name 'expect'.
tests/unit/SemanticSearchService.test.ts(99,9): error TS2593: Cannot find name 'it'. Do you need to install type definitions for a test runner? Try `npm i --save-dev @types/jest` or `npm i --save-dev @types/mocha` and then add 'jest' or 'mocha' to the types field in your tsconfig.
tests/unit/SemanticSearchService.test.ts(103,17): error TS2304: Cannot find name 'expect'.
tests/unit/SemanticSearchService.test.ts(107,9): error TS2593: Cannot find name 'it'. Do you need to install type definitions for a test runner? Try `npm i --save-dev @types/jest` or `npm i --save-dev @types/mocha` and then add 'jest' or 'mocha' to the types field in your tsconfig.
tests/unit/SemanticSearchService.test.ts(112,13): error TS2304: Cannot find name 'expect'.
tests/unit/SemanticSearchService.test.ts(115,9): error TS2593: Cannot find name 'it'. Do you need to install type definitions for a test runner? Try `npm i --save-dev @types/jest` or `npm i --save-dev @types/mocha` and then add 'jest' or 'mocha' to the types field in your tsconfig.
tests/unit/SemanticSearchService.test.ts(118,13): error TS2304: Cannot find name 'expect'.
tests/unit/SemanticSearchService.test.ts(119,13): error TS2304: Cannot find name 'expect'.
tests/unit/SemanticSearchService.test.ts(120,13): error TS2304: Cannot find name 'expect'.
tests/unit/SemanticSearchService.test.ts(123,9): error TS2593: Cannot find name 'it'. Do you need to install type definitions for a test runner? Try `npm i --save-dev @types/jest` or `npm i --save-dev @types/mocha` and then add 'jest' or 'mocha' to the types field in your tsconfig.
tests/unit/SemanticSearchService.test.ts(126,13): error TS2304: Cannot find name 'expect'.
tests/unit/SemanticSearchService.test.ts(127,13): error TS2304: Cannot find name 'expect'.
tests/unit/SemanticSearchService.test.ts(128,13): error TS2304: Cannot find name 'expect'.
tests/unit/SemanticSearchService.test.ts(129,13): error TS2304: Cannot find name 'expect'.
tests/unit/SemanticSearchService.test.ts(132,9): error TS2593: Cannot find name 'it'. Do you need to install type definitions for a test runner? Try `npm i --save-dev @types/jest` or `npm i --save-dev @types/mocha` and then add 'jest' or 'mocha' to the types field in your tsconfig.
tests/unit/SemanticSearchService.test.ts(137,13): error TS2304: Cannot find name 'expect'.
tests/unit/SemanticSearchService.test.ts(140,9): error TS2593: Cannot find name 'it'. Do you need to install type definitions for a test runner? Try `npm i --save-dev @types/jest` or `npm i --save-dev @types/mocha` and then add 'jest' or 'mocha' to the types field in your tsconfig.
tests/unit/SemanticSearchService.test.ts(145,13): error TS2304: Cannot find name 'expect'.
tests/unit/SemanticSearchService.test.ts(148,9): error TS2593: Cannot find name 'it'. Do you need to install type definitions for a test runner? Try `npm i --save-dev @types/jest` or `npm i --save-dev @types/mocha` and then add 'jest' or 'mocha' to the types field in your tsconfig.
tests/unit/SemanticSearchService.test.ts(151,13): error TS2304: Cannot find name 'expect'.
tests/unit/SemanticSearchService.test.ts(154,9): error TS2593: Cannot find name 'it'. Do you need to install type definitions for a test runner? Try `npm i --save-dev @types/jest` or `npm i --save-dev @types/mocha` and then add 'jest' or 'mocha' to the types field in your tsconfig.
tests/unit/SemanticSearchService.test.ts(159,13): error TS2304: Cannot find name 'expect'.
tests/unit/SemanticSearchService.test.ts(162,9): error TS2593: Cannot find name 'it'. Do you need to install type definitions for a test runner? Try `npm i --save-dev @types/jest` or `npm i --save-dev @types/mocha` and then add 'jest' or 'mocha' to the types field in your tsconfig.
tests/unit/SemanticSearchService.test.ts(165,13): error TS2304: Cannot find name 'expect'.
tests/unit/SemanticSearchService.test.ts(168,9): error TS2593: Cannot find name 'it'. Do you need to install type definitions for a test runner? Try `npm i --save-dev @types/jest` or `npm i --save-dev @types/mocha` and then add 'jest' or 'mocha' to the types field in your tsconfig.
tests/unit/SemanticSearchService.test.ts(175,13): error TS2304: Cannot find name 'expect'.
tests/unit/SemanticSearchService.test.ts(178,9): error TS2593: Cannot find name 'it'. Do you need to install type definitions for a test runner? Try `npm i --save-dev @types/jest` or `npm i --save-dev @types/mocha` and then add 'jest' or 'mocha' to the types field in your tsconfig.
tests/unit/SemanticSearchService.test.ts(183,13): error TS2304: Cannot find name 'expect'.
tests/unit/SemanticSearchService.test.ts(186,9): error TS2593: Cannot find name 'it'. Do you need to install type definitions for a test runner? Try `npm i --save-dev @types/jest` or `npm i --save-dev @types/mocha` and then add 'jest' or 'mocha' to the types field in your tsconfig.
tests/unit/SemanticSearchService.test.ts(189,13): error TS2304: Cannot find name 'expect'.
tests/unit/SemanticSearchService.test.ts(190,13): error TS2304: Cannot find name 'expect'.
tests/unit/SemanticSearchService.test.ts(191,13): error TS2304: Cannot find name 'expect'.
tests/unit/SemanticSearchService.test.ts(192,13): error TS2304: Cannot find name 'expect'.
tests/unit/SemanticSearchService.test.ts(193,13): error TS2304: Cannot find name 'expect'.
tests/unit/SemanticSearchService.test.ts(197,5): error TS2593: Cannot find name 'describe'. Do you need to install type definitions for a test runner? Try `npm i --save-dev @types/jest` or `npm i --save-dev @types/mocha` and then add 'jest' or 'mocha' to the types field in your tsconfig.
tests/unit/SemanticSearchService.test.ts(198,9): error TS2593: Cannot find name 'it'. Do you need to install type definitions for a test runner? Try `npm i --save-dev @types/jest` or `npm i --save-dev @types/mocha` and then add 'jest' or 'mocha' to the types field in your tsconfig.
tests/unit/SemanticSearchService.test.ts(203,13): error TS2304: Cannot find name 'expect'.
tests/unit/SemanticSearchService.test.ts(204,13): error TS2304: Cannot find name 'expect'.
tests/unit/SemanticSearchService.test.ts(205,13): error TS2304: Cannot find name 'expect'.
tests/unit/SemanticSearchService.test.ts(208,9): error TS2593: Cannot find name 'it'. Do you need to install type definitions for a test runner? Try `npm i --save-dev @types/jest` or `npm i --save-dev @types/mocha` and then add 'jest' or 'mocha' to the types field in your tsconfig.
tests/unit/SemanticSearchService.test.ts(213,13): error TS2304: Cannot find name 'expect'.
tests/unit/SemanticSearchService.test.ts(214,13): error TS2304: Cannot find name 'expect'.
tests/unit/SemanticSearchService.test.ts(217,9): error TS2593: Cannot find name 'it'. Do you need to install type definitions for a test runner? Try `npm i --save-dev @types/jest` or `npm i --save-dev @types/mocha` and then add 'jest' or 'mocha' to the types field in your tsconfig.
tests/unit/SemanticSearchService.test.ts(220,13): error TS2304: Cannot find name 'expect'.
tests/unit/SemanticSearchService.test.ts(223,9): error TS2593: Cannot find name 'it'. Do you need to install type definitions for a test runner? Try `npm i --save-dev @types/jest` or `npm i --save-dev @types/mocha` and then add 'jest' or 'mocha' to the types field in your tsconfig.
tests/unit/SemanticSearchService.test.ts(226,13): error TS2304: Cannot find name 'expect'.
tests/unit/SemanticSearchService.test.ts(230,5): error TS2593: Cannot find name 'describe'. Do you need to install type definitions for a test runner? Try `npm i --save-dev @types/jest` or `npm i --save-dev @types/mocha` and then add 'jest' or 'mocha' to the types field in your tsconfig.
tests/unit/SemanticSearchService.test.ts(231,9): error TS2593: Cannot find name 'it'. Do you need to install type definitions for a test runner? Try `npm i --save-dev @types/jest` or `npm i --save-dev @types/mocha` and then add 'jest' or 'mocha' to the types field in your tsconfig.
tests/unit/SemanticSearchService.test.ts(236,13): error TS2304: Cannot find name 'expect'.
tests/unit/SemanticSearchService.test.ts(240,5): error TS2593: Cannot find name 'describe'. Do you need to install type definitions for a test runner? Try `npm i --save-dev @types/jest` or `npm i --save-dev @types/mocha` and then add 'jest' or 'mocha' to the types field in your tsconfig.
tests/unit/SemanticSearchService.test.ts(241,9): error TS2593: Cannot find name 'it'. Do you need to install type definitions for a test runner? Try `npm i --save-dev @types/jest` or `npm i --save-dev @types/mocha` and then add 'jest' or 'mocha' to the types field in your tsconfig.
tests/unit/SemanticSearchService.test.ts(246,13): error TS2304: Cannot find name 'expect'.
tests/unit/SemanticSearchService.test.ts(250,5): error TS2593: Cannot find name 'describe'. Do you need to install type definitions for a test runner? Try `npm i --save-dev @types/jest` or `npm i --save-dev @types/mocha` and then add 'jest' or 'mocha' to the types field in your tsconfig.
tests/unit/SemanticSearchService.test.ts(251,9): error TS2593: Cannot find name 'it'. Do you need to install type definitions for a test runner? Try `npm i --save-dev @types/jest` or `npm i --save-dev @types/mocha` and then add 'jest' or 'mocha' to the types field in your tsconfig.
tests/unit/SemanticSearchService.test.ts(256,13): error TS2304: Cannot find name 'expect'.
tests/unit/SemanticSearchService.test.ts(260,5): error TS2593: Cannot find name 'describe'. Do you need to install type definitions for a test runner? Try `npm i --save-dev @types/jest` or `npm i --save-dev @types/mocha` and then add 'jest' or 'mocha' to the types field in your tsconfig.
tests/unit/SemanticSearchService.test.ts(261,9): error TS2593: Cannot find name 'it'. Do you need to install type definitions for a test runner? Try `npm i --save-dev @types/jest` or `npm i --save-dev @types/mocha` and then add 'jest' or 'mocha' to the types field in your tsconfig.
tests/unit/SemanticSearchService.test.ts(266,13): error TS2304: Cannot find name 'expect'.
tests/unit/SemanticSearchService.test.ts(269,9): error TS2593: Cannot find name 'it'. Do you need to install type definitions for a test runner? Try `npm i --save-dev @types/jest` or `npm i --save-dev @types/mocha` and then add 'jest' or 'mocha' to the types field in your tsconfig.
tests/unit/SemanticSearchService.test.ts(290,13): error TS2304: Cannot find name 'expect'.
tests/unit/SemanticSearchService.test.ts(293,9): error TS2593: Cannot find name 'it'. Do you need to install type definitions for a test runner? Try `npm i --save-dev @types/jest` or `npm i --save-dev @types/mocha` and then add 'jest' or 'mocha' to the types field in your tsconfig.
tests/unit/SemanticSearchService.test.ts(298,13): error TS2304: Cannot find name 'expect'.
tests/unit/SemanticSearchService.test.ts(302,5): error TS2593: Cannot find name 'describe'. Do you need to install type definitions for a test runner? Try `npm i --save-dev @types/jest` or `npm i --save-dev @types/mocha` and then add 'jest' or 'mocha' to the types field in your tsconfig.
tests/unit/SemanticSearchService.test.ts(303,9): error TS2593: Cannot find name 'it'. Do you need to install type definitions for a test runner? Try `npm i --save-dev @types/jest` or `npm i --save-dev @types/mocha` and then add 'jest' or 'mocha' to the types field in your tsconfig.
tests/unit/SemanticSearchService.test.ts(332,13): error TS2304: Cannot find name 'expect'.
tests/unit/SemanticSearchService.test.ts(333,13): error TS2304: Cannot find name 'expect'.
vite.config.ts(1,8): error TS1259: Module '"path"' can only be default-imported using the 'allowSyntheticDefaultImports' flag
vite.config.ts(2,39): error TS2792: Cannot find module 'vite'. Did you mean to set the 'moduleResolution' option to 'nodenext', or to add aliases to the 'paths' option?
