{"/home/runner/work/a_consulta/a_consulta/src/config/index.ts": {"path":"/home/runner/work/a_consulta/a_consulta/src/config/index.ts","statementMap":{"0":{"start":{"line":28,"column":13},"end":{"line":43,"column":11}},"1":{"start":{"line":51,"column":13},"end":{"line":51,"column":37}},"2":{"start":{"line":57,"column":13},"end":{"line":57,"column":33}},"3":{"start":{"line":63,"column":13},"end":{"line":63,"column":63}},"4":{"start":{"line":69,"column":13},"end":{"line":69,"column":34}},"5":{"start":{"line":74,"column":13},"end":{"line":77,"column":11}},"6":{"start":{"line":84,"column":13},"end":{"line":84,"column":44}},"7":{"start":{"line":89,"column":13},"end":{"line":94,"column":11}},"8":{"start":{"line":99,"column":13},"end":{"line":99,"column":33}},"9":{"start":{"line":104,"column":13},"end":{"line":104,"column":36}}},"fnMap":{},"branchMap":{},"s":{"0":1,"1":1,"2":1,"3":1,"4":1,"5":1,"6":1,"7":1,"8":1,"9":1},"f":{},"b":{}}
,"/home/runner/work/a_consulta/a_consulta/src/data/ExtractionTracker.ts": {"path":"/home/runner/work/a_consulta/a_consulta/src/data/ExtractionTracker.ts","statementMap":{"0":{"start":{"line":22,"column":0},"end":{"line":22,"column":46}},"1":{"start":{"line":80,"column":49},"end":{"line":325,"column":2}},"2":{"start":{"line":91,"column":8},"end":{"line":91,"column":31}},"3":{"start":{"line":105,"column":8},"end":{"line":105,"column":52}},"4":{"start":{"line":106,"column":8},"end":{"line":106,"column":48}},"5":{"start":{"line":107,"column":8},"end":{"line":107,"column":44}},"6":{"start":{"line":118,"column":30},"end":{"line":123,"column":10}},"7":{"start":{"line":126,"column":31},"end":{"line":130,"column":10}},"8":{"start":{"line":133,"column":8},"end":{"line":136,"column":9}},"9":{"start":{"line":134,"column":12},"end":{"line":134,"column":70}},"10":{"start":{"line":135,"column":12},"end":{"line":135,"column":24}},"11":{"start":{"line":139,"column":39},"end":{"line":144,"column":10}},"12":{"start":{"line":147,"column":8},"end":{"line":147,"column":42}},"13":{"start":{"line":148,"column":8},"end":{"line":148,"column":54}},"14":{"start":{"line":151,"column":8},"end":{"line":151,"column":40}},"15":{"start":{"line":152,"column":8},"end":{"line":152,"column":27}},"16":{"start":{"line":153,"column":8},"end":{"line":153,"column":29}},"17":{"start":{"line":156,"column":8},"end":{"line":158,"column":9}},"18":{"start":{"line":157,"column":12},"end":{"line":157,"column":77}},"19":{"start":{"line":160,"column":8},"end":{"line":160,"column":26}},"20":{"start":{"line":170,"column":29},"end":{"line":170,"column":65}},"21":{"start":{"line":171,"column":8},"end":{"line":171,"column":34}},"22":{"start":{"line":171,"column":27},"end":{"line":171,"column":34}},"23":{"start":{"line":174,"column":22},"end":{"line":174,"column":51}},"24":{"start":{"line":175,"column":8},"end":{"line":175,"column":40}},"25":{"start":{"line":176,"column":8},"end":{"line":176,"column":51}},"26":{"start":{"line":177,"column":8},"end":{"line":177,"column":49}},"27":{"start":{"line":180,"column":30},"end":{"line":182,"column":29}},"28":{"start":{"line":185,"column":8},"end":{"line":190,"column":20}},"29":{"start":{"line":193,"column":8},"end":{"line":193,"column":68}},"30":{"start":{"line":193,"column":30},"end":{"line":193,"column":67}},"31":{"start":{"line":196,"column":8},"end":{"line":196,"column":66}},"32":{"start":{"line":208,"column":8},"end":{"line":217,"column":9}},"33":{"start":{"line":209,"column":12},"end":{"line":215,"column":13}},"34":{"start":{"line":210,"column":16},"end":{"line":214,"column":18}},"35":{"start":{"line":216,"column":12},"end":{"line":216,"column":19}},"36":{"start":{"line":220,"column":8},"end":{"line":223,"column":9}},"37":{"start":{"line":221,"column":12},"end":{"line":221,"column":85}},"38":{"start":{"line":222,"column":12},"end":{"line":222,"column":19}},"39":{"start":{"line":225,"column":22},"end":{"line":225,"column":53}},"40":{"start":{"line":228,"column":8},"end":{"line":230,"column":9}},"41":{"start":{"line":229,"column":12},"end":{"line":229,"column":57}},"42":{"start":{"line":233,"column":8},"end":{"line":248,"column":16}},"43":{"start":{"line":234,"column":27},"end":{"line":235,"column":null}},"44":{"start":{"line":238,"column":12},"end":{"line":247,"column":13}},"45":{"start":{"line":240,"column":16},"end":{"line":240,"column":79}},"46":{"start":{"line":243,"column":16},"end":{"line":243,"column":67}},"47":{"start":{"line":244,"column":16},"end":{"line":246,"column":25}},"48":{"start":{"line":245,"column":20},"end":{"line":245,"column":49}},"49":{"start":{"line":256,"column":34},"end":{"line":256,"column":77}},"50":{"start":{"line":257,"column":32},"end":{"line":257,"column":74}},"51":{"start":{"line":259,"column":8},"end":{"line":261,"column":9}},"52":{"start":{"line":260,"column":12},"end":{"line":260,"column":79}},"53":{"start":{"line":264,"column":28},"end":{"line":264,"column":70}},"54":{"start":{"line":264,"column":62},"end":{"line":264,"column":68}},"55":{"start":{"line":265,"column":8},"end":{"line":267,"column":9}},"56":{"start":{"line":266,"column":12},"end":{"line":266,"column":70}},"57":{"start":{"line":275,"column":8},"end":{"line":282,"column":9}},"58":{"start":{"line":276,"column":12},"end":{"line":279,"column":14}},"59":{"start":{"line":281,"column":12},"end":{"line":281,"column":64}},"60":{"start":{"line":290,"column":8},"end":{"line":315,"column":9}},"61":{"start":{"line":291,"column":26},"end":{"line":291,"column":77}},"62":{"start":{"line":293,"column":12},"end":{"line":311,"column":13}},"63":{"start":{"line":294,"column":16},"end":{"line":294,"column":53}},"64":{"start":{"line":297,"column":16},"end":{"line":300,"column":19}},"65":{"start":{"line":298,"column":20},"end":{"line":298,"column":58}},"66":{"start":{"line":299,"column":20},"end":{"line":299,"column":45}},"67":{"start":{"line":303,"column":16},"end":{"line":303,"column":35}},"68":{"start":{"line":306,"column":16},"end":{"line":310,"column":17}},"69":{"start":{"line":307,"column":20},"end":{"line":309,"column":23}},"70":{"start":{"line":313,"column":12},"end":{"line":313,"column":66}},"71":{"start":{"line":314,"column":12},"end":{"line":314,"column":34}},"72":{"start":{"line":323,"column":8},"end":{"line":323,"column":32}},"73":{"start":{"line":328,"column":0},"end":{"line":328,"column":25}},"74":{"start":{"line":330,"column":0},"end":{"line":330,"column":33}}},"fnMap":{"0":{"name":"(anonymous_0)","decl":{"start":{"line":90,"column":10},"end":{"line":90,"column":null}},"loc":{"start":{"line":90,"column":10},"end":{"line":92,"column":5}}},"1":{"name":"(anonymous_1)","decl":{"start":{"line":100,"column":21},"end":{"line":100,"column":30}},"loc":{"start":{"line":104,"column":5},"end":{"line":108,"column":5}}},"2":{"name":"(anonymous_2)","decl":{"start":{"line":116,"column":19},"end":{"line":116,"column":28}},"loc":{"start":{"line":116,"column":49},"end":{"line":161,"column":5}}},"3":{"name":"(anonymous_3)","decl":{"start":{"line":169,"column":20},"end":{"line":169,"column":29}},"loc":{"start":{"line":169,"column":51},"end":{"line":197,"column":5}}},"4":{"name":"(anonymous_4)","decl":{"start":{"line":193,"column":24},"end":{"line":193,"column":27}},"loc":{"start":{"line":193,"column":30},"end":{"line":193,"column":67}}},"5":{"name":"(anonymous_5)","decl":{"start":{"line":206,"column":26},"end":{"line":206,"column":35}},"loc":{"start":{"line":206,"column":57},"end":{"line":249,"column":5}}},"6":{"name":"(anonymous_6)","decl":{"start":{"line":233,"column":19},"end":{"line":233,"column":22}},"loc":{"start":{"line":233,"column":24},"end":{"line":248,"column":9}}},"7":{"name":"(anonymous_7)","decl":{"start":{"line":244,"column":27},"end":{"line":244,"column":30}},"loc":{"start":{"line":244,"column":32},"end":{"line":246,"column":17}}},"8":{"name":"(anonymous_8)","decl":{"start":{"line":255,"column":17},"end":{"line":255,"column":null}},"loc":{"start":{"line":255,"column":17},"end":{"line":268,"column":5}}},"9":{"name":"(anonymous_9)","decl":{"start":{"line":264,"column":57},"end":{"line":264,"column":58}},"loc":{"start":{"line":264,"column":62},"end":{"line":264,"column":68}}},"10":{"name":"(anonymous_10)","decl":{"start":{"line":274,"column":19},"end":{"line":274,"column":null}},"loc":{"start":{"line":274,"column":19},"end":{"line":283,"column":5}}},"11":{"name":"(anonymous_11)","decl":{"start":{"line":289,"column":21},"end":{"line":289,"column":null}},"loc":{"start":{"line":289,"column":21},"end":{"line":316,"column":5}}},"12":{"name":"(anonymous_12)","decl":{"start":{"line":297,"column":41},"end":{"line":297,"column":44}},"loc":{"start":{"line":297,"column":47},"end":{"line":300,"column":17}}},"13":{"name":"(anonymous_13)","decl":{"start":{"line":322,"column":20},"end":{"line":322,"column":null}},"loc":{"start":{"line":322,"column":20},"end":{"line":324,"column":5}}}},"branchMap":{"0":{"loc":{"start":{"line":133,"column":8},"end":{"line":136,"column":9}},"type":"if","locations":[{"start":{"line":133,"column":8},"end":{"line":136,"column":9}}]},"1":{"loc":{"start":{"line":156,"column":8},"end":{"line":158,"column":9}},"type":"if","locations":[{"start":{"line":156,"column":8},"end":{"line":158,"column":9}}]},"2":{"loc":{"start":{"line":171,"column":8},"end":{"line":171,"column":34}},"type":"if","locations":[{"start":{"line":171,"column":8},"end":{"line":171,"column":34}}]},"3":{"loc":{"start":{"line":180,"column":30},"end":{"line":182,"column":29}},"type":"cond-expr","locations":[{"start":{"line":181,"column":14},"end":{"line":181,"column":54}},{"start":{"line":182,"column":14},"end":{"line":182,"column":29}}]},"4":{"loc":{"start":{"line":208,"column":8},"end":{"line":217,"column":9}},"type":"if","locations":[{"start":{"line":208,"column":8},"end":{"line":217,"column":9}}]},"5":{"loc":{"start":{"line":209,"column":12},"end":{"line":215,"column":13}},"type":"if","locations":[{"start":{"line":209,"column":12},"end":{"line":215,"column":13}}]},"6":{"loc":{"start":{"line":220,"column":8},"end":{"line":223,"column":9}},"type":"if","locations":[{"start":{"line":220,"column":8},"end":{"line":223,"column":9}}]},"7":{"loc":{"start":{"line":220,"column":12},"end":{"line":220,"column":54}},"type":"binary-expr","locations":[{"start":{"line":220,"column":12},"end":{"line":220,"column":33}},{"start":{"line":220,"column":37},"end":{"line":220,"column":54}}]},"8":{"loc":{"start":{"line":228,"column":8},"end":{"line":230,"column":9}},"type":"if","locations":[{"start":{"line":228,"column":8},"end":{"line":230,"column":9}}]},"9":{"loc":{"start":{"line":238,"column":12},"end":{"line":247,"column":13}},"type":"if","locations":[{"start":{"line":238,"column":12},"end":{"line":247,"column":13}}]},"10":{"loc":{"start":{"line":259,"column":8},"end":{"line":261,"column":9}},"type":"if","locations":[{"start":{"line":259,"column":8},"end":{"line":261,"column":9}}]},"11":{"loc":{"start":{"line":265,"column":8},"end":{"line":267,"column":9}},"type":"if","locations":[{"start":{"line":265,"column":8},"end":{"line":267,"column":9}}]},"12":{"loc":{"start":{"line":293,"column":12},"end":{"line":311,"column":13}},"type":"if","locations":[{"start":{"line":293,"column":12},"end":{"line":311,"column":13}}]},"13":{"loc":{"start":{"line":306,"column":16},"end":{"line":310,"column":17}},"type":"if","locations":[{"start":{"line":306,"column":16},"end":{"line":310,"column":17}}]}},"s":{"0":2,"1":2,"2":2,"3":6,"4":6,"5":6,"6":11,"7":11,"8":11,"9":1,"10":1,"11":10,"12":10,"13":10,"14":10,"15":10,"16":10,"17":10,"18":10,"19":10,"20":10,"21":10,"22":10,"23":0,"24":0,"25":0,"26":0,"27":0,"28":0,"29":0,"30":0,"31":0,"32":0,"33":0,"34":0,"35":0,"36":0,"37":0,"38":0,"39":0,"40":0,"41":0,"42":0,"43":0,"44":0,"45":0,"46":0,"47":0,"48":0,"49":10,"50":10,"51":10,"52":0,"53":10,"54":31,"55":10,"56":0,"57":11,"58":11,"59":0,"60":2,"61":2,"62":2,"63":0,"64":0,"65":0,"66":0,"67":0,"68":0,"69":0,"70":0,"71":0,"72":5,"73":2,"74":2},"f":{"0":2,"1":6,"2":11,"3":10,"4":0,"5":0,"6":0,"7":0,"8":10,"9":31,"10":11,"11":2,"12":0,"13":5},"b":{"0":[1],"1":[10],"2":[10],"3":[0,0],"4":[0],"5":[0],"6":[0],"7":[0,0],"8":[0],"9":[0],"10":[0],"11":[0],"12":[0],"13":[0]}}
,"/home/runner/work/a_consulta/a_consulta/src/forms/DynamicFields.ts": {"path":"/home/runner/work/a_consulta/a_consulta/src/forms/DynamicFields.ts","statementMap":{"0":{"start":{"line":16,"column":0},"end":{"line":16,"column":16}},"1":{"start":{"line":17,"column":4},"end":{"line":17,"column":35}},"2":{"start":{"line":23,"column":22},"end":{"line":239,"column":2}},"3":{"start":{"line":41,"column":8},"end":{"line":41,"column":58}},"4":{"start":{"line":41,"column":37},"end":{"line":41,"column":57}},"5":{"start":{"line":42,"column":8},"end":{"line":42,"column":62}},"6":{"start":{"line":42,"column":39},"end":{"line":42,"column":61}},"7":{"start":{"line":43,"column":8},"end":{"line":43,"column":44}},"8":{"start":{"line":43,"column":30},"end":{"line":43,"column":43}},"9":{"start":{"line":44,"column":8},"end":{"line":44,"column":56}},"10":{"start":{"line":44,"column":36},"end":{"line":44,"column":55}},"11":{"start":{"line":45,"column":8},"end":{"line":45,"column":44}},"12":{"start":{"line":45,"column":30},"end":{"line":45,"column":43}},"13":{"start":{"line":46,"column":8},"end":{"line":46,"column":62}},"14":{"start":{"line":46,"column":39},"end":{"line":46,"column":61}},"15":{"start":{"line":47,"column":8},"end":{"line":47,"column":56}},"16":{"start":{"line":47,"column":36},"end":{"line":47,"column":55}},"17":{"start":{"line":48,"column":8},"end":{"line":48,"column":77}},"18":{"start":{"line":48,"column":53},"end":{"line":48,"column":76}},"19":{"start":{"line":49,"column":8},"end":{"line":49,"column":68}},"20":{"start":{"line":49,"column":42},"end":{"line":49,"column":67}},"21":{"start":{"line":58,"column":26},"end":{"line":58,"column":62}},"22":{"start":{"line":59,"column":8},"end":{"line":59,"column":31}},"23":{"start":{"line":59,"column":24},"end":{"line":59,"column":31}},"24":{"start":{"line":61,"column":22},"end":{"line":61,"column":43}},"25":{"start":{"line":62,"column":20},"end":{"line":62,"column":49}},"26":{"start":{"line":63,"column":8},"end":{"line":63,"column":44}},"27":{"start":{"line":64,"column":26},"end":{"line":64,"column":28}},"28":{"start":{"line":66,"column":8},"end":{"line":152,"column":9}},"29":{"start":{"line":68,"column":16},"end":{"line":85,"column":28}},"30":{"start":{"line":86,"column":16},"end":{"line":86,"column":22}},"31":{"start":{"line":89,"column":16},"end":{"line":93,"column":259}},"32":{"start":{"line":94,"column":16},"end":{"line":94,"column":22}},"33":{"start":{"line":97,"column":16},"end":{"line":102,"column":28}},"34":{"start":{"line":103,"column":16},"end":{"line":103,"column":22}},"35":{"start":{"line":106,"column":16},"end":{"line":115,"column":28}},"36":{"start":{"line":116,"column":16},"end":{"line":116,"column":22}},"37":{"start":{"line":119,"column":16},"end":{"line":128,"column":28}},"38":{"start":{"line":127,"column":51},"end":{"line":127,"column":169}},"39":{"start":{"line":129,"column":16},"end":{"line":129,"column":22}},"40":{"start":{"line":132,"column":16},"end":{"line":138,"column":145}},"41":{"start":{"line":139,"column":16},"end":{"line":139,"column":22}},"42":{"start":{"line":142,"column":16},"end":{"line":150,"column":157}},"43":{"start":{"line":151,"column":16},"end":{"line":151,"column":22}},"44":{"start":{"line":154,"column":8},"end":{"line":154,"column":112}},"45":{"start":{"line":155,"column":8},"end":{"line":155,"column":36}},"46":{"start":{"line":157,"column":8},"end":{"line":157,"column":35}},"47":{"start":{"line":160,"column":8},"end":{"line":162,"column":9}},"48":{"start":{"line":161,"column":12},"end":{"line":161,"column":47}},"49":{"start":{"line":165,"column":8},"end":{"line":167,"column":9}},"50":{"start":{"line":166,"column":12},"end":{"line":166,"column":38}},"51":{"start":{"line":168,"column":8},"end":{"line":170,"column":9}},"52":{"start":{"line":169,"column":12},"end":{"line":169,"column":38}},"53":{"start":{"line":175,"column":8},"end":{"line":175,"column":61}},"54":{"start":{"line":179,"column":8},"end":{"line":179,"column":65}},"55":{"start":{"line":183,"column":8},"end":{"line":183,"column":47}},"56":{"start":{"line":187,"column":8},"end":{"line":187,"column":65}},"57":{"start":{"line":191,"column":8},"end":{"line":191,"column":53}},"58":{"start":{"line":195,"column":8},"end":{"line":195,"column":65}},"59":{"start":{"line":199,"column":8},"end":{"line":199,"column":59}},"60":{"start":{"line":207,"column":8},"end":{"line":207,"column":55}},"61":{"start":{"line":208,"column":8},"end":{"line":208,"column":34}},"62":{"start":{"line":216,"column":26},"end":{"line":218,"column":28}},"63":{"start":{"line":217,"column":27},"end":{"line":217,"column":66}},"64":{"start":{"line":221,"column":8},"end":{"line":237,"column":11}},"65":{"start":{"line":222,"column":27},"end":{"line":222,"column":56}},"66":{"start":{"line":223,"column":33},"end":{"line":223,"column":45}},"67":{"start":{"line":226,"column":12},"end":{"line":226,"column":73}},"68":{"start":{"line":228,"column":12},"end":{"line":231,"column":15}},"69":{"start":{"line":229,"column":31},"end":{"line":229,"column":55}},"70":{"start":{"line":230,"column":16},"end":{"line":230,"column":35}},"71":{"start":{"line":234,"column":12},"end":{"line":236,"column":13}},"72":{"start":{"line":235,"column":16},"end":{"line":235,"column":44}},"73":{"start":{"line":242,"column":0},"end":{"line":242,"column":29}},"74":{"start":{"line":245,"column":29},"end":{"line":245,"column":64}},"75":{"start":{"line":245,"column":35},"end":{"line":245,"column":64}},"76":{"start":{"line":245,"column":13},"end":{"line":245,"column":29}},"77":{"start":{"line":246,"column":31},"end":{"line":246,"column":68}},"78":{"start":{"line":246,"column":37},"end":{"line":246,"column":68}},"79":{"start":{"line":246,"column":13},"end":{"line":246,"column":31}},"80":{"start":{"line":247,"column":22},"end":{"line":247,"column":50}},"81":{"start":{"line":247,"column":28},"end":{"line":247,"column":50}},"82":{"start":{"line":247,"column":13},"end":{"line":247,"column":22}},"83":{"start":{"line":248,"column":28},"end":{"line":248,"column":62}},"84":{"start":{"line":248,"column":34},"end":{"line":248,"column":62}},"85":{"start":{"line":248,"column":13},"end":{"line":248,"column":28}},"86":{"start":{"line":249,"column":22},"end":{"line":249,"column":50}},"87":{"start":{"line":249,"column":28},"end":{"line":249,"column":50}},"88":{"start":{"line":249,"column":13},"end":{"line":249,"column":22}},"89":{"start":{"line":250,"column":31},"end":{"line":250,"column":68}},"90":{"start":{"line":250,"column":37},"end":{"line":250,"column":68}},"91":{"start":{"line":250,"column":13},"end":{"line":250,"column":31}},"92":{"start":{"line":251,"column":28},"end":{"line":251,"column":62}},"93":{"start":{"line":251,"column":34},"end":{"line":251,"column":62}},"94":{"start":{"line":251,"column":13},"end":{"line":251,"column":28}},"95":{"start":{"line":252,"column":29},"end":{"line":252,"column":83}},"96":{"start":{"line":252,"column":51},"end":{"line":252,"column":83}},"97":{"start":{"line":252,"column":13},"end":{"line":252,"column":29}},"98":{"start":{"line":253,"column":34},"end":{"line":253,"column":74}},"99":{"start":{"line":253,"column":40},"end":{"line":253,"column":74}},"100":{"start":{"line":253,"column":13},"end":{"line":253,"column":34}}},"fnMap":{"0":{"name":"setDependencies","decl":{"start":{"line":16,"column":16},"end":{"line":16,"column":31}},"loc":{"start":{"line":16,"column":58},"end":{"line":18,"column":1}}},"1":{"name":"(anonymous_1)","decl":{"start":{"line":39,"column":16},"end":{"line":39,"column":null}},"loc":{"start":{"line":39,"column":16},"end":{"line":50,"column":5}}},"2":{"name":"(anonymous_2)","decl":{"start":{"line":41,"column":31},"end":{"line":41,"column":34}},"loc":{"start":{"line":41,"column":37},"end":{"line":41,"column":57}}},"3":{"name":"(anonymous_3)","decl":{"start":{"line":42,"column":33},"end":{"line":42,"column":36}},"loc":{"start":{"line":42,"column":39},"end":{"line":42,"column":61}}},"4":{"name":"(anonymous_4)","decl":{"start":{"line":43,"column":24},"end":{"line":43,"column":27}},"loc":{"start":{"line":43,"column":30},"end":{"line":43,"column":43}}},"5":{"name":"(anonymous_5)","decl":{"start":{"line":44,"column":30},"end":{"line":44,"column":33}},"loc":{"start":{"line":44,"column":36},"end":{"line":44,"column":55}}},"6":{"name":"(anonymous_6)","decl":{"start":{"line":45,"column":24},"end":{"line":45,"column":27}},"loc":{"start":{"line":45,"column":30},"end":{"line":45,"column":43}}},"7":{"name":"(anonymous_7)","decl":{"start":{"line":46,"column":33},"end":{"line":46,"column":36}},"loc":{"start":{"line":46,"column":39},"end":{"line":46,"column":61}}},"8":{"name":"(anonymous_8)","decl":{"start":{"line":47,"column":30},"end":{"line":47,"column":33}},"loc":{"start":{"line":47,"column":36},"end":{"line":47,"column":55}}},"9":{"name":"(anonymous_9)","decl":{"start":{"line":48,"column":31},"end":{"line":48,"column":32}},"loc":{"start":{"line":48,"column":53},"end":{"line":48,"column":76}}},"10":{"name":"(anonymous_10)","decl":{"start":{"line":49,"column":36},"end":{"line":49,"column":39}},"loc":{"start":{"line":49,"column":42},"end":{"line":49,"column":67}}},"11":{"name":"(anonymous_11)","decl":{"start":{"line":57,"column":14},"end":{"line":57,"column":23}},"loc":{"start":{"line":57,"column":56},"end":{"line":171,"column":5}}},"12":{"name":"(anonymous_12)","decl":{"start":{"line":127,"column":46},"end":{"line":127,"column":47}},"loc":{"start":{"line":127,"column":51},"end":{"line":127,"column":169}}},"13":{"name":"(anonymous_13)","decl":{"start":{"line":174,"column":19},"end":{"line":174,"column":null}},"loc":{"start":{"line":174,"column":19},"end":{"line":176,"column":5}}},"14":{"name":"(anonymous_14)","decl":{"start":{"line":178,"column":21},"end":{"line":178,"column":null}},"loc":{"start":{"line":178,"column":21},"end":{"line":180,"column":5}}},"15":{"name":"(anonymous_15)","decl":{"start":{"line":182,"column":12},"end":{"line":182,"column":null}},"loc":{"start":{"line":182,"column":12},"end":{"line":184,"column":5}}},"16":{"name":"(anonymous_16)","decl":{"start":{"line":186,"column":18},"end":{"line":186,"column":null}},"loc":{"start":{"line":186,"column":18},"end":{"line":188,"column":5}}},"17":{"name":"(anonymous_17)","decl":{"start":{"line":190,"column":12},"end":{"line":190,"column":null}},"loc":{"start":{"line":190,"column":12},"end":{"line":192,"column":5}}},"18":{"name":"(anonymous_18)","decl":{"start":{"line":194,"column":21},"end":{"line":194,"column":null}},"loc":{"start":{"line":194,"column":21},"end":{"line":196,"column":5}}},"19":{"name":"(anonymous_19)","decl":{"start":{"line":198,"column":18},"end":{"line":198,"column":null}},"loc":{"start":{"line":198,"column":18},"end":{"line":200,"column":5}}},"20":{"name":"(anonymous_20)","decl":{"start":{"line":206,"column":19},"end":{"line":206,"column":28}},"loc":{"start":{"line":206,"column":47},"end":{"line":209,"column":5}}},"21":{"name":"(anonymous_21)","decl":{"start":{"line":214,"column":24},"end":{"line":214,"column":null}},"loc":{"start":{"line":214,"column":24},"end":{"line":238,"column":5}}},"22":{"name":"(anonymous_22)","decl":{"start":{"line":217,"column":17},"end":{"line":217,"column":22}},"loc":{"start":{"line":217,"column":27},"end":{"line":217,"column":66}}},"23":{"name":"(anonymous_23)","decl":{"start":{"line":221,"column":59},"end":{"line":221,"column":67}},"loc":{"start":{"line":221,"column":70},"end":{"line":237,"column":9}}},"24":{"name":"(anonymous_24)","decl":{"start":{"line":228,"column":30},"end":{"line":228,"column":35}},"loc":{"start":{"line":228,"column":38},"end":{"line":231,"column":13}}},"25":{"name":"(anonymous_25)","decl":{"start":{"line":245,"column":29},"end":{"line":245,"column":32}},"loc":{"start":{"line":245,"column":35},"end":{"line":245,"column":64}}},"26":{"name":"(anonymous_26)","decl":{"start":{"line":246,"column":31},"end":{"line":246,"column":34}},"loc":{"start":{"line":246,"column":37},"end":{"line":246,"column":68}}},"27":{"name":"(anonymous_27)","decl":{"start":{"line":247,"column":22},"end":{"line":247,"column":25}},"loc":{"start":{"line":247,"column":28},"end":{"line":247,"column":50}}},"28":{"name":"(anonymous_28)","decl":{"start":{"line":248,"column":28},"end":{"line":248,"column":31}},"loc":{"start":{"line":248,"column":34},"end":{"line":248,"column":62}}},"29":{"name":"(anonymous_29)","decl":{"start":{"line":249,"column":22},"end":{"line":249,"column":25}},"loc":{"start":{"line":249,"column":28},"end":{"line":249,"column":50}}},"30":{"name":"(anonymous_30)","decl":{"start":{"line":250,"column":31},"end":{"line":250,"column":34}},"loc":{"start":{"line":250,"column":37},"end":{"line":250,"column":68}}},"31":{"name":"(anonymous_31)","decl":{"start":{"line":251,"column":28},"end":{"line":251,"column":31}},"loc":{"start":{"line":251,"column":34},"end":{"line":251,"column":62}}},"32":{"name":"(anonymous_32)","decl":{"start":{"line":252,"column":29},"end":{"line":252,"column":30}},"loc":{"start":{"line":252,"column":51},"end":{"line":252,"column":83}}},"33":{"name":"(anonymous_33)","decl":{"start":{"line":253,"column":34},"end":{"line":253,"column":37}},"loc":{"start":{"line":253,"column":40},"end":{"line":253,"column":74}}}},"branchMap":{"0":{"loc":{"start":{"line":59,"column":8},"end":{"line":59,"column":31}},"type":"if","locations":[{"start":{"line":59,"column":8},"end":{"line":59,"column":31}}]},"1":{"loc":{"start":{"line":66,"column":8},"end":{"line":152,"column":9}},"type":"switch","locations":[{"start":{"line":67,"column":12},"end":{"line":86,"column":22}},{"start":{"line":88,"column":12},"end":{"line":94,"column":22}},{"start":{"line":96,"column":12},"end":{"line":103,"column":22}},{"start":{"line":105,"column":12},"end":{"line":116,"column":22}},{"start":{"line":118,"column":12},"end":{"line":129,"column":22}},{"start":{"line":131,"column":12},"end":{"line":139,"column":22}},{"start":{"line":141,"column":12},"end":{"line":151,"column":22}}]},"2":{"loc":{"start":{"line":160,"column":8},"end":{"line":162,"column":9}},"type":"if","locations":[{"start":{"line":160,"column":8},"end":{"line":162,"column":9}}]},"3":{"loc":{"start":{"line":165,"column":8},"end":{"line":167,"column":9}},"type":"if","locations":[{"start":{"line":165,"column":8},"end":{"line":167,"column":9}}]},"4":{"loc":{"start":{"line":168,"column":8},"end":{"line":170,"column":9}},"type":"if","locations":[{"start":{"line":168,"column":8},"end":{"line":170,"column":9}}]},"5":{"loc":{"start":{"line":168,"column":12},"end":{"line":168,"column":77}},"type":"binary-expr","locations":[{"start":{"line":168,"column":12},"end":{"line":168,"column":32}},{"start":{"line":168,"column":36},"end":{"line":168,"column":50}},{"start":{"line":168,"column":54},"end":{"line":168,"column":77}}]},"6":{"loc":{"start":{"line":234,"column":12},"end":{"line":236,"column":13}},"type":"if","locations":[{"start":{"line":234,"column":12},"end":{"line":236,"column":13}}]}},"s":{"0":0,"1":0,"2":0,"3":0,"4":0,"5":0,"6":0,"7":0,"8":0,"9":0,"10":0,"11":0,"12":0,"13":0,"14":0,"15":0,"16":0,"17":0,"18":0,"19":0,"20":0,"21":0,"22":0,"23":0,"24":0,"25":0,"26":0,"27":0,"28":0,"29":0,"30":0,"31":0,"32":0,"33":0,"34":0,"35":0,"36":0,"37":0,"38":0,"39":0,"40":0,"41":0,"42":0,"43":0,"44":0,"45":0,"46":0,"47":0,"48":0,"49":0,"50":0,"51":0,"52":0,"53":0,"54":0,"55":0,"56":0,"57":0,"58":0,"59":0,"60":0,"61":0,"62":0,"63":0,"64":0,"65":0,"66":0,"67":0,"68":0,"69":0,"70":0,"71":0,"72":0,"73":0,"74":0,"75":0,"76":0,"77":0,"78":0,"79":0,"80":0,"81":0,"82":0,"83":0,"84":0,"85":0,"86":0,"87":0,"88":0,"89":0,"90":0,"91":0,"92":0,"93":0,"94":0,"95":0,"96":0,"97":0,"98":0,"99":0,"100":0},"f":{"0":0,"1":0,"2":0,"3":0,"4":0,"5":0,"6":0,"7":0,"8":0,"9":0,"10":0,"11":0,"12":0,"13":0,"14":0,"15":0,"16":0,"17":0,"18":0,"19":0,"20":0,"21":0,"22":0,"23":0,"24":0,"25":0,"26":0,"27":0,"28":0,"29":0,"30":0,"31":0,"32":0,"33":0},"b":{"0":[0],"1":[0,0,0,0,0,0,0],"2":[0],"3":[0],"4":[0],"5":[0,0,0],"6":[0]}}
,"/home/runner/work/a_consulta/a_consulta/src/forms/FormManager.ts": {"path":"/home/runner/work/a_consulta/a_consulta/src/forms/FormManager.ts","statementMap":{"0":{"start":{"line":23,"column":0},"end":{"line":23,"column":16}},"1":{"start":{"line":12,"column":0},"end":{"line":12,"column":46}},"2":{"start":{"line":13,"column":0},"end":{"line":13,"column":44}},"3":{"start":{"line":28,"column":4},"end":{"line":28,"column":43}},"4":{"start":{"line":29,"column":4},"end":{"line":29,"column":39}},"5":{"start":{"line":30,"column":4},"end":{"line":30,"column":39}},"6":{"start":{"line":36,"column":20},"end":{"line":263,"column":2}},"7":{"start":{"line":43,"column":8},"end":{"line":43,"column":36}},"8":{"start":{"line":44,"column":8},"end":{"line":44,"column":36}},"9":{"start":{"line":45,"column":8},"end":{"line":47,"column":9}},"10":{"start":{"line":46,"column":12},"end":{"line":46,"column":39}},"11":{"start":{"line":48,"column":8},"end":{"line":48,"column":25}},"12":{"start":{"line":56,"column":23},"end":{"line":56,"column":65}},"13":{"start":{"line":57,"column":8},"end":{"line":85,"column":11}},"14":{"start":{"line":59,"column":28},"end":{"line":59,"column":65}},"15":{"start":{"line":62,"column":12},"end":{"line":79,"column":15}},"16":{"start":{"line":63,"column":16},"end":{"line":63,"column":111}},"17":{"start":{"line":63,"column":70},"end":{"line":63,"column":109}},"18":{"start":{"line":64,"column":35},"end":{"line":64,"column":78}},"19":{"start":{"line":66,"column":16},"end":{"line":71,"column":17}},"20":{"start":{"line":67,"column":20},"end":{"line":70,"column":23}},"21":{"start":{"line":73,"column":16},"end":{"line":73,"column":81}},"22":{"start":{"line":74,"column":34},"end":{"line":74,"column":83}},"23":{"start":{"line":75,"column":16},"end":{"line":78,"column":17}},"24":{"start":{"line":76,"column":20},"end":{"line":76,"column":71}},"25":{"start":{"line":77,"column":20},"end":{"line":77,"column":59}},"26":{"start":{"line":82,"column":12},"end":{"line":84,"column":15}},"27":{"start":{"line":83,"column":16},"end":{"line":83,"column":50}},"28":{"start":{"line":94,"column":23},"end":{"line":94,"column":58}},"29":{"start":{"line":95,"column":8},"end":{"line":95,"column":66}},"30":{"start":{"line":97,"column":26},"end":{"line":97,"column":65}},"31":{"start":{"line":98,"column":8},"end":{"line":101,"column":9}},"32":{"start":{"line":99,"column":12},"end":{"line":99,"column":71}},"33":{"start":{"line":100,"column":12},"end":{"line":100,"column":70}},"34":{"start":{"line":103,"column":8},"end":{"line":103,"column":28}},"35":{"start":{"line":110,"column":24},"end":{"line":110,"column":59}},"36":{"start":{"line":111,"column":24},"end":{"line":111,"column":59}},"37":{"start":{"line":112,"column":26},"end":{"line":112,"column":71}},"38":{"start":{"line":114,"column":8},"end":{"line":116,"column":9}},"39":{"start":{"line":115,"column":12},"end":{"line":115,"column":56}},"40":{"start":{"line":115,"column":36},"end":{"line":115,"column":55}},"41":{"start":{"line":117,"column":8},"end":{"line":119,"column":9}},"42":{"start":{"line":118,"column":12},"end":{"line":118,"column":52}},"43":{"start":{"line":118,"column":36},"end":{"line":118,"column":51}},"44":{"start":{"line":120,"column":8},"end":{"line":122,"column":9}},"45":{"start":{"line":121,"column":12},"end":{"line":121,"column":76}},"46":{"start":{"line":121,"column":39},"end":{"line":121,"column":75}},"47":{"start":{"line":130,"column":22},"end":{"line":130,"column":56}},"48":{"start":{"line":131,"column":22},"end":{"line":131,"column":97}},"49":{"start":{"line":134,"column":8},"end":{"line":134,"column":93}},"50":{"start":{"line":134,"column":39},"end":{"line":134,"column":91}},"51":{"start":{"line":137,"column":24},"end":{"line":137,"column":80}},"52":{"start":{"line":138,"column":8},"end":{"line":140,"column":9}},"53":{"start":{"line":139,"column":12},"end":{"line":139,"column":49}},"54":{"start":{"line":143,"column":30},"end":{"line":143,"column":71}},"55":{"start":{"line":144,"column":8},"end":{"line":146,"column":9}},"56":{"start":{"line":145,"column":12},"end":{"line":145,"column":87}},"57":{"start":{"line":149,"column":27},"end":{"line":149,"column":61}},"58":{"start":{"line":150,"column":24},"end":{"line":150,"column":74}},"59":{"start":{"line":151,"column":31},"end":{"line":151,"column":89}},"60":{"start":{"line":153,"column":8},"end":{"line":155,"column":9}},"61":{"start":{"line":154,"column":12},"end":{"line":154,"column":73}},"62":{"start":{"line":156,"column":8},"end":{"line":158,"column":9}},"63":{"start":{"line":157,"column":12},"end":{"line":157,"column":72}},"64":{"start":{"line":161,"column":26},"end":{"line":161,"column":78}},"65":{"start":{"line":162,"column":8},"end":{"line":164,"column":9}},"66":{"start":{"line":163,"column":12},"end":{"line":163,"column":36}},"67":{"start":{"line":167,"column":28},"end":{"line":167,"column":82}},"68":{"start":{"line":168,"column":8},"end":{"line":171,"column":9}},"69":{"start":{"line":169,"column":29},"end":{"line":169,"column":71}},"70":{"start":{"line":170,"column":12},"end":{"line":170,"column":53}},"71":{"start":{"line":174,"column":8},"end":{"line":174,"column":36}},"72":{"start":{"line":177,"column":8},"end":{"line":179,"column":9}},"73":{"start":{"line":178,"column":12},"end":{"line":178,"column":40}},"74":{"start":{"line":186,"column":22},"end":{"line":186,"column":103}},"75":{"start":{"line":189,"column":8},"end":{"line":197,"column":9}},"76":{"start":{"line":190,"column":34},"end":{"line":190,"column":103}},"77":{"start":{"line":191,"column":12},"end":{"line":196,"column":13}},"78":{"start":{"line":193,"column":16},"end":{"line":195,"column":17}},"79":{"start":{"line":194,"column":20},"end":{"line":194,"column":27}},"80":{"start":{"line":199,"column":8},"end":{"line":205,"column":9}},"81":{"start":{"line":200,"column":28},"end":{"line":200,"column":49}},"82":{"start":{"line":201,"column":12},"end":{"line":203,"column":13}},"83":{"start":{"line":202,"column":16},"end":{"line":202,"column":67}},"84":{"start":{"line":204,"column":12},"end":{"line":204,"column":35}},"85":{"start":{"line":212,"column":22},"end":{"line":212,"column":87}},"86":{"start":{"line":214,"column":8},"end":{"line":220,"column":9}},"87":{"start":{"line":215,"column":28},"end":{"line":215,"column":49}},"88":{"start":{"line":216,"column":12},"end":{"line":218,"column":13}},"89":{"start":{"line":217,"column":16},"end":{"line":217,"column":67}},"90":{"start":{"line":219,"column":12},"end":{"line":219,"column":35}},"91":{"start":{"line":228,"column":23},"end":{"line":228,"column":27}},"92":{"start":{"line":229,"column":22},"end":{"line":229,"column":56}},"93":{"start":{"line":231,"column":8},"end":{"line":237,"column":11}},"94":{"start":{"line":232,"column":12},"end":{"line":236,"column":15}},"95":{"start":{"line":233,"column":16},"end":{"line":235,"column":17}},"96":{"start":{"line":234,"column":20},"end":{"line":234,"column":37}},"97":{"start":{"line":239,"column":8},"end":{"line":241,"column":9}},"98":{"start":{"line":240,"column":12},"end":{"line":240,"column":99}},"99":{"start":{"line":243,"column":8},"end":{"line":243,"column":24}},"100":{"start":{"line":251,"column":52},"end":{"line":251,"column":54}},"101":{"start":{"line":253,"column":8},"end":{"line":259,"column":15}},"102":{"start":{"line":255,"column":27},"end":{"line":255,"column":94}},"103":{"start":{"line":256,"column":16},"end":{"line":258,"column":17}},"104":{"start":{"line":257,"column":20},"end":{"line":257,"column":58}},"105":{"start":{"line":261,"column":8},"end":{"line":261,"column":24}},"106":{"start":{"line":265,"column":0},"end":{"line":265,"column":27}}},"fnMap":{"0":{"name":"setDependencies","decl":{"start":{"line":23,"column":16},"end":{"line":23,"column":31}},"loc":{"start":{"line":27,"column":1},"end":{"line":31,"column":1}}},"1":{"name":"(anonymous_1)","decl":{"start":{"line":42,"column":16},"end":{"line":42,"column":null}},"loc":{"start":{"line":42,"column":16},"end":{"line":49,"column":5}}},"2":{"name":"(anonymous_2)","decl":{"start":{"line":55,"column":26},"end":{"line":55,"column":null}},"loc":{"start":{"line":55,"column":26},"end":{"line":86,"column":5}}},"3":{"name":"(anonymous_3)","decl":{"start":{"line":57,"column":23},"end":{"line":57,"column":28}},"loc":{"start":{"line":57,"column":31},"end":{"line":85,"column":9}}},"4":{"name":"(anonymous_4)","decl":{"start":{"line":62,"column":58},"end":{"line":62,"column":61}},"loc":{"start":{"line":62,"column":63},"end":{"line":79,"column":13}}},"5":{"name":"(anonymous_5)","decl":{"start":{"line":63,"column":65},"end":{"line":63,"column":66}},"loc":{"start":{"line":63,"column":70},"end":{"line":63,"column":109}}},"6":{"name":"(anonymous_6)","decl":{"start":{"line":82,"column":57},"end":{"line":82,"column":60}},"loc":{"start":{"line":82,"column":62},"end":{"line":84,"column":13}}},"7":{"name":"(anonymous_7)","decl":{"start":{"line":93,"column":27},"end":{"line":93,"column":36}},"loc":{"start":{"line":93,"column":50},"end":{"line":104,"column":5}}},"8":{"name":"(anonymous_8)","decl":{"start":{"line":109,"column":26},"end":{"line":109,"column":null}},"loc":{"start":{"line":109,"column":26},"end":{"line":123,"column":5}}},"9":{"name":"(anonymous_9)","decl":{"start":{"line":115,"column":30},"end":{"line":115,"column":33}},"loc":{"start":{"line":115,"column":36},"end":{"line":115,"column":55}}},"10":{"name":"(anonymous_10)","decl":{"start":{"line":118,"column":30},"end":{"line":118,"column":33}},"loc":{"start":{"line":118,"column":36},"end":{"line":118,"column":51}}},"11":{"name":"(anonymous_11)","decl":{"start":{"line":121,"column":32},"end":{"line":121,"column":33}},"loc":{"start":{"line":121,"column":39},"end":{"line":121,"column":75}}},"12":{"name":"(anonymous_12)","decl":{"start":{"line":129,"column":14},"end":{"line":129,"column":23}},"loc":{"start":{"line":129,"column":40},"end":{"line":180,"column":5}}},"13":{"name":"(anonymous_13)","decl":{"start":{"line":134,"column":22},"end":{"line":134,"column":23}},"loc":{"start":{"line":134,"column":39},"end":{"line":134,"column":91}}},"14":{"name":"(anonymous_14)","decl":{"start":{"line":185,"column":14},"end":{"line":185,"column":null}},"loc":{"start":{"line":185,"column":14},"end":{"line":206,"column":5}}},"15":{"name":"(anonymous_15)","decl":{"start":{"line":211,"column":18},"end":{"line":211,"column":null}},"loc":{"start":{"line":211,"column":18},"end":{"line":221,"column":5}}},"16":{"name":"(anonymous_16)","decl":{"start":{"line":227,"column":22},"end":{"line":227,"column":null}},"loc":{"start":{"line":227,"column":22},"end":{"line":244,"column":5}}},"17":{"name":"(anonymous_17)","decl":{"start":{"line":231,"column":22},"end":{"line":231,"column":23}},"loc":{"start":{"line":231,"column":31},"end":{"line":237,"column":9}}},"18":{"name":"(anonymous_18)","decl":{"start":{"line":232,"column":75},"end":{"line":232,"column":80}},"loc":{"start":{"line":232,"column":83},"end":{"line":236,"column":13}}},"19":{"name":"(anonymous_19)","decl":{"start":{"line":250,"column":21},"end":{"line":250,"column":null}},"loc":{"start":{"line":250,"column":21},"end":{"line":262,"column":5}}},"20":{"name":"(anonymous_20)","decl":{"start":{"line":254,"column":21},"end":{"line":254,"column":26}},"loc":{"start":{"line":254,"column":29},"end":{"line":259,"column":13}}}},"branchMap":{"0":{"loc":{"start":{"line":45,"column":8},"end":{"line":47,"column":9}},"type":"if","locations":[{"start":{"line":45,"column":8},"end":{"line":47,"column":9}}]},"1":{"loc":{"start":{"line":59,"column":28},"end":{"line":59,"column":65}},"type":"binary-expr","locations":[{"start":{"line":59,"column":28},"end":{"line":59,"column":48}},{"start":{"line":59,"column":52},"end":{"line":59,"column":65}}]},"2":{"loc":{"start":{"line":64,"column":35},"end":{"line":64,"column":78}},"type":"binary-expr","locations":[{"start":{"line":64,"column":35},"end":{"line":64,"column":66}},{"start":{"line":64,"column":70},"end":{"line":64,"column":78}}]},"3":{"loc":{"start":{"line":66,"column":16},"end":{"line":71,"column":17}},"type":"if","locations":[{"start":{"line":66,"column":16},"end":{"line":71,"column":17}}]},"4":{"loc":{"start":{"line":75,"column":16},"end":{"line":78,"column":17}},"type":"if","locations":[{"start":{"line":75,"column":16},"end":{"line":78,"column":17}}]},"5":{"loc":{"start":{"line":98,"column":8},"end":{"line":101,"column":9}},"type":"if","locations":[{"start":{"line":98,"column":8},"end":{"line":101,"column":9}}]},"6":{"loc":{"start":{"line":98,"column":12},"end":{"line":98,"column":75}},"type":"binary-expr","locations":[{"start":{"line":98,"column":12},"end":{"line":98,"column":21}},{"start":{"line":98,"column":25},"end":{"line":98,"column":75}}]},"7":{"loc":{"start":{"line":99,"column":36},"end":{"line":99,"column":70}},"type":"cond-expr","locations":[{"start":{"line":99,"column":51},"end":{"line":99,"column":53}},{"start":{"line":99,"column":56},"end":{"line":99,"column":70}}]},"8":{"loc":{"start":{"line":100,"column":38},"end":{"line":100,"column":69}},"type":"cond-expr","locations":[{"start":{"line":100,"column":53},"end":{"line":100,"column":59}},{"start":{"line":100,"column":62},"end":{"line":100,"column":69}}]},"9":{"loc":{"start":{"line":114,"column":8},"end":{"line":116,"column":9}},"type":"if","locations":[{"start":{"line":114,"column":8},"end":{"line":116,"column":9}}]},"10":{"loc":{"start":{"line":117,"column":8},"end":{"line":119,"column":9}},"type":"if","locations":[{"start":{"line":117,"column":8},"end":{"line":119,"column":9}}]},"11":{"loc":{"start":{"line":120,"column":8},"end":{"line":122,"column":9}},"type":"if","locations":[{"start":{"line":120,"column":8},"end":{"line":122,"column":9}}]},"12":{"loc":{"start":{"line":131,"column":22},"end":{"line":131,"column":97}},"type":"cond-expr","locations":[{"start":{"line":131,"column":40},"end":{"line":131,"column":66}},{"start":{"line":131,"column":69},"end":{"line":131,"column":97}}]},"13":{"loc":{"start":{"line":138,"column":8},"end":{"line":140,"column":9}},"type":"if","locations":[{"start":{"line":138,"column":8},"end":{"line":140,"column":9}}]},"14":{"loc":{"start":{"line":144,"column":8},"end":{"line":146,"column":9}},"type":"if","locations":[{"start":{"line":144,"column":8},"end":{"line":146,"column":9}}]},"15":{"loc":{"start":{"line":153,"column":8},"end":{"line":155,"column":9}},"type":"if","locations":[{"start":{"line":153,"column":8},"end":{"line":155,"column":9}}]},"16":{"loc":{"start":{"line":154,"column":36},"end":{"line":154,"column":72}},"type":"cond-expr","locations":[{"start":{"line":154,"column":49},"end":{"line":154,"column":55}},{"start":{"line":154,"column":58},"end":{"line":154,"column":72}}]},"17":{"loc":{"start":{"line":156,"column":8},"end":{"line":158,"column":9}},"type":"if","locations":[{"start":{"line":156,"column":8},"end":{"line":158,"column":9}}]},"18":{"loc":{"start":{"line":157,"column":43},"end":{"line":157,"column":71}},"type":"cond-expr","locations":[{"start":{"line":157,"column":56},"end":{"line":157,"column":62}},{"start":{"line":157,"column":65},"end":{"line":157,"column":71}}]},"19":{"loc":{"start":{"line":162,"column":8},"end":{"line":164,"column":9}},"type":"if","locations":[{"start":{"line":162,"column":8},"end":{"line":164,"column":9}}]},"20":{"loc":{"start":{"line":168,"column":8},"end":{"line":171,"column":9}},"type":"if","locations":[{"start":{"line":168,"column":8},"end":{"line":171,"column":9}}]},"21":{"loc":{"start":{"line":177,"column":8},"end":{"line":179,"column":9}},"type":"if","locations":[{"start":{"line":177,"column":8},"end":{"line":179,"column":9}}]},"22":{"loc":{"start":{"line":177,"column":12},"end":{"line":177,"column":55}},"type":"binary-expr","locations":[{"start":{"line":177,"column":12},"end":{"line":177,"column":26}},{"start":{"line":177,"column":30},"end":{"line":177,"column":55}}]},"23":{"loc":{"start":{"line":186,"column":22},"end":{"line":186,"column":103}},"type":"cond-expr","locations":[{"start":{"line":186,"column":40},"end":{"line":186,"column":66}},{"start":{"line":186,"column":69},"end":{"line":186,"column":103}}]},"24":{"loc":{"start":{"line":189,"column":8},"end":{"line":197,"column":9}},"type":"if","locations":[{"start":{"line":189,"column":8},"end":{"line":197,"column":9}}]},"25":{"loc":{"start":{"line":191,"column":12},"end":{"line":196,"column":13}},"type":"if","locations":[{"start":{"line":191,"column":12},"end":{"line":196,"column":13}}]},"26":{"loc":{"start":{"line":193,"column":16},"end":{"line":195,"column":17}},"type":"if","locations":[{"start":{"line":193,"column":16},"end":{"line":195,"column":17}}]},"27":{"loc":{"start":{"line":199,"column":8},"end":{"line":205,"column":9}},"type":"if","locations":[{"start":{"line":199,"column":8},"end":{"line":205,"column":9}}]},"28":{"loc":{"start":{"line":201,"column":12},"end":{"line":203,"column":13}},"type":"if","locations":[{"start":{"line":201,"column":12},"end":{"line":203,"column":13}}]},"29":{"loc":{"start":{"line":212,"column":22},"end":{"line":212,"column":87}},"type":"cond-expr","locations":[{"start":{"line":212,"column":40},"end":{"line":212,"column":66}},{"start":{"line":212,"column":69},"end":{"line":212,"column":87}}]},"30":{"loc":{"start":{"line":214,"column":8},"end":{"line":220,"column":9}},"type":"if","locations":[{"start":{"line":214,"column":8},"end":{"line":220,"column":9}}]},"31":{"loc":{"start":{"line":216,"column":12},"end":{"line":218,"column":13}},"type":"if","locations":[{"start":{"line":216,"column":12},"end":{"line":218,"column":13}}]},"32":{"loc":{"start":{"line":233,"column":16},"end":{"line":235,"column":17}},"type":"if","locations":[{"start":{"line":233,"column":16},"end":{"line":235,"column":17}}]},"33":{"loc":{"start":{"line":239,"column":8},"end":{"line":241,"column":9}},"type":"if","locations":[{"start":{"line":239,"column":8},"end":{"line":241,"column":9}}]},"34":{"loc":{"start":{"line":239,"column":12},"end":{"line":239,"column":38}},"type":"binary-expr","locations":[{"start":{"line":239,"column":12},"end":{"line":239,"column":21}},{"start":{"line":239,"column":25},"end":{"line":239,"column":38}}]},"35":{"loc":{"start":{"line":256,"column":16},"end":{"line":258,"column":17}},"type":"if","locations":[{"start":{"line":256,"column":16},"end":{"line":258,"column":17}}]},"36":{"loc":{"start":{"line":257,"column":29},"end":{"line":257,"column":45}},"type":"binary-expr","locations":[{"start":{"line":257,"column":29},"end":{"line":257,"column":36}},{"start":{"line":257,"column":40},"end":{"line":257,"column":45}}]}},"s":{"0":1,"1":1,"2":1,"3":1,"4":1,"5":1,"6":1,"7":5,"8":5,"9":5,"10":0,"11":5,"12":13,"13":13,"14":91,"15":91,"16":0,"17":0,"18":0,"19":0,"20":0,"21":0,"22":0,"23":0,"24":0,"25":0,"26":91,"27":0,"28":3,"29":3,"30":3,"31":3,"32":0,"33":0,"34":3,"35":5,"36":5,"37":5,"38":5,"39":5,"40":0,"41":5,"42":5,"43":0,"44":5,"45":5,"46":0,"47":8,"48":8,"49":8,"50":16,"51":8,"52":8,"53":8,"54":8,"55":8,"56":8,"57":8,"58":8,"59":8,"60":8,"61":8,"62":8,"63":8,"64":8,"65":8,"66":0,"67":8,"68":8,"69":8,"70":8,"71":8,"72":8,"73":0,"74":2,"75":2,"76":0,"77":0,"78":0,"79":0,"80":2,"81":2,"82":2,"83":2,"84":2,"85":1,"86":1,"87":1,"88":1,"89":1,"90":1,"91":0,"92":0,"93":0,"94":0,"95":0,"96":0,"97":0,"98":0,"99":0,"100":2,"101":2,"102":14,"103":14,"104":9,"105":2,"106":1},"f":{"0":1,"1":5,"2":13,"3":91,"4":0,"5":0,"6":0,"7":3,"8":5,"9":0,"10":0,"11":0,"12":8,"13":16,"14":2,"15":1,"16":0,"17":0,"18":0,"19":2,"20":14},"b":{"0":[0],"1":[91,91],"2":[0,0],"3":[0],"4":[0],"5":[0],"6":[3,3],"7":[0,0],"8":[0,0],"9":[5],"10":[5],"11":[5],"12":[8,0],"13":[8],"14":[8],"15":[8],"16":[0,8],"17":[8],"18":[0,8],"19":[0],"20":[8],"21":[0],"22":[8,0],"23":[2,0],"24":[0],"25":[0],"26":[0],"27":[2],"28":[2],"29":[1,0],"30":[1],"31":[1],"32":[0],"33":[0],"34":[0,0],"35":[9],"36":[9,0]}}
,"/home/runner/work/a_consulta/a_consulta/src/pdf/PDFLoader.ts": {"path":"/home/runner/work/a_consulta/a_consulta/src/pdf/PDFLoader.ts","statementMap":{"0":{"start":{"line":20,"column":0},"end":{"line":20,"column":55}},"1":{"start":{"line":21,"column":0},"end":{"line":21,"column":44}},"2":{"start":{"line":22,"column":0},"end":{"line":22,"column":46}},"3":{"start":{"line":23,"column":0},"end":{"line":23,"column":38}},"4":{"start":{"line":24,"column":0},"end":{"line":24,"column":40}},"5":{"start":{"line":25,"column":0},"end":{"line":25,"column":44}},"6":{"start":{"line":26,"column":0},"end":{"line":26,"column":58}},"7":{"start":{"line":27,"column":0},"end":{"line":27,"column":68}},"8":{"start":{"line":118,"column":18},"end":{"line":273,"column":2}},"9":{"start":{"line":153,"column":4},"end":{"line":153,"column":53}},"10":{"start":{"line":154,"column":4},"end":{"line":154,"column":36}},"11":{"start":{"line":156,"column":4},"end":{"line":271,"column":5}},"12":{"start":{"line":158,"column":6},"end":{"line":163,"column":7}},"13":{"start":{"line":159,"column":8},"end":{"line":159,"column":30}},"14":{"start":{"line":161,"column":8},"end":{"line":161,"column":67}},"15":{"start":{"line":166,"column":26},"end":{"line":166,"column":50}},"16":{"start":{"line":169,"column":6},"end":{"line":171,"column":7}},"17":{"start":{"line":170,"column":8},"end":{"line":170,"column":94}},"18":{"start":{"line":173,"column":6},"end":{"line":173,"column":74}},"19":{"start":{"line":176,"column":21},"end":{"line":179,"column":16}},"20":{"start":{"line":182,"column":28},"end":{"line":182,"column":65}},"21":{"start":{"line":185,"column":6},"end":{"line":191,"column":9}},"22":{"start":{"line":193,"column":6},"end":{"line":193,"column":84}},"23":{"start":{"line":194,"column":6},"end":{"line":194,"column":62}},"24":{"start":{"line":196,"column":6},"end":{"line":225,"column":7}},"25":{"start":{"line":197,"column":27},"end":{"line":197,"column":77}},"26":{"start":{"line":198,"column":28},"end":{"line":198,"column":72}},"27":{"start":{"line":200,"column":8},"end":{"line":203,"column":11}},"28":{"start":{"line":205,"column":8},"end":{"line":205,"column":91}},"29":{"start":{"line":206,"column":8},"end":{"line":206,"column":109}},"30":{"start":{"line":208,"column":8},"end":{"line":221,"column":9}},"31":{"start":{"line":209,"column":33},"end":{"line":209,"column":71}},"32":{"start":{"line":211,"column":10},"end":{"line":216,"column":13}},"33":{"start":{"line":218,"column":10},"end":{"line":218,"column":128}},"34":{"start":{"line":220,"column":10},"end":{"line":220,"column":69}},"35":{"start":{"line":223,"column":8},"end":{"line":223,"column":66}},"36":{"start":{"line":224,"column":8},"end":{"line":224,"column":98}},"37":{"start":{"line":228,"column":32},"end":{"line":228,"column":70}},"38":{"start":{"line":229,"column":32},"end":{"line":229,"column":70}},"39":{"start":{"line":230,"column":30},"end":{"line":230,"column":66}},"40":{"start":{"line":232,"column":6},"end":{"line":234,"column":7}},"41":{"start":{"line":233,"column":8},"end":{"line":233,"column":67}},"42":{"start":{"line":236,"column":6},"end":{"line":238,"column":7}},"43":{"start":{"line":237,"column":8},"end":{"line":237,"column":49}},"44":{"start":{"line":240,"column":6},"end":{"line":242,"column":7}},"45":{"start":{"line":241,"column":8},"end":{"line":241,"column":48}},"46":{"start":{"line":245,"column":6},"end":{"line":245,"column":39}},"47":{"start":{"line":246,"column":6},"end":{"line":246,"column":63}},"48":{"start":{"line":249,"column":6},"end":{"line":249,"column":53}},"49":{"start":{"line":251,"column":6},"end":{"line":251,"column":20}},"50":{"start":{"line":255,"column":6},"end":{"line":255,"column":46}},"51":{"start":{"line":257,"column":6},"end":{"line":257,"column":39}},"52":{"start":{"line":259,"column":27},"end":{"line":261,"column":25}},"53":{"start":{"line":263,"column":6},"end":{"line":266,"column":8}},"54":{"start":{"line":268,"column":6},"end":{"line":268,"column":56}},"55":{"start":{"line":270,"column":6},"end":{"line":270,"column":18}},"56":{"start":{"line":278,"column":0},"end":{"line":278,"column":25}}},"fnMap":{"0":{"name":"(anonymous_0)","decl":{"start":{"line":151,"column":11},"end":{"line":151,"column":16}},"loc":{"start":{"line":151,"column":59},"end":{"line":272,"column":3}}}},"branchMap":{"0":{"loc":{"start":{"line":169,"column":6},"end":{"line":171,"column":7}},"type":"if","locations":[{"start":{"line":169,"column":6},"end":{"line":171,"column":7}}]},"1":{"loc":{"start":{"line":232,"column":6},"end":{"line":234,"column":7}},"type":"if","locations":[{"start":{"line":232,"column":6},"end":{"line":234,"column":7}}]},"2":{"loc":{"start":{"line":236,"column":6},"end":{"line":238,"column":7}},"type":"if","locations":[{"start":{"line":236,"column":6},"end":{"line":238,"column":7}}]},"3":{"loc":{"start":{"line":240,"column":6},"end":{"line":242,"column":7}},"type":"if","locations":[{"start":{"line":240,"column":6},"end":{"line":242,"column":7}}]},"4":{"loc":{"start":{"line":259,"column":27},"end":{"line":261,"column":25}},"type":"cond-expr","locations":[{"start":{"line":260,"column":10},"end":{"line":260,"column":23}},{"start":{"line":261,"column":10},"end":{"line":261,"column":25}}]}},"s":{"0":1,"1":1,"2":1,"3":1,"4":1,"5":1,"6":1,"7":1,"8":1,"9":1,"10":1,"11":1,"12":1,"13":1,"14":0,"15":1,"16":0,"17":0,"18":0,"19":0,"20":0,"21":0,"22":0,"23":0,"24":0,"25":0,"26":0,"27":0,"28":0,"29":0,"30":0,"31":0,"32":0,"33":0,"34":0,"35":0,"36":0,"37":0,"38":0,"39":0,"40":0,"41":0,"42":0,"43":0,"44":0,"45":0,"46":0,"47":0,"48":0,"49":0,"50":1,"51":1,"52":1,"53":1,"54":1,"55":1,"56":1},"f":{"0":1},"b":{"0":[0],"1":[0],"2":[0],"3":[0],"4":[1,0]}}
,"/home/runner/work/a_consulta/a_consulta/src/pdf/PDFRenderer.ts": {"path":"/home/runner/work/a_consulta/a_consulta/src/pdf/PDFRenderer.ts","statementMap":{"0":{"start":{"line":16,"column":0},"end":{"line":16,"column":55}},"1":{"start":{"line":17,"column":0},"end":{"line":17,"column":44}},"2":{"start":{"line":18,"column":0},"end":{"line":18,"column":83}},"3":{"start":{"line":105,"column":13},"end":{"line":435,"column":2}},"4":{"start":{"line":135,"column":22},"end":{"line":135,"column":48}},"5":{"start":{"line":138,"column":8},"end":{"line":138,"column":56}},"6":{"start":{"line":138,"column":49},"end":{"line":138,"column":56}},"7":{"start":{"line":140,"column":8},"end":{"line":140,"column":57}},"8":{"start":{"line":141,"column":8},"end":{"line":141,"column":40}},"9":{"start":{"line":143,"column":8},"end":{"line":276,"column":9}},"10":{"start":{"line":145,"column":25},"end":{"line":145,"column":79}},"11":{"start":{"line":146,"column":29},"end":{"line":146,"column":69}},"12":{"start":{"line":149,"column":30},"end":{"line":149,"column":66}},"13":{"start":{"line":150,"column":12},"end":{"line":153,"column":13}},"14":{"start":{"line":151,"column":16},"end":{"line":151,"column":57}},"15":{"start":{"line":152,"column":16},"end":{"line":152,"column":23}},"16":{"start":{"line":156,"column":12},"end":{"line":156,"column":37}},"17":{"start":{"line":159,"column":28},"end":{"line":159,"column":57}},"18":{"start":{"line":160,"column":12},"end":{"line":160,"column":43}},"19":{"start":{"line":161,"column":12},"end":{"line":161,"column":56}},"20":{"start":{"line":162,"column":12},"end":{"line":162,"column":58}},"21":{"start":{"line":165,"column":27},"end":{"line":165,"column":59}},"22":{"start":{"line":166,"column":28},"end":{"line":166,"column":51}},"23":{"start":{"line":167,"column":12},"end":{"line":167,"column":42}},"24":{"start":{"line":168,"column":12},"end":{"line":168,"column":44}},"25":{"start":{"line":170,"column":12},"end":{"line":173,"column":23}},"26":{"start":{"line":175,"column":12},"end":{"line":175,"column":40}},"27":{"start":{"line":178,"column":32},"end":{"line":178,"column":59}},"28":{"start":{"line":179,"column":30},"end":{"line":179,"column":59}},"29":{"start":{"line":180,"column":12},"end":{"line":180,"column":46}},"30":{"start":{"line":181,"column":45},"end":{"line":181,"column":47}},"31":{"start":{"line":184,"column":12},"end":{"line":228,"column":15}},"32":{"start":{"line":186,"column":16},"end":{"line":186,"column":58}},"33":{"start":{"line":186,"column":51},"end":{"line":186,"column":58}},"34":{"start":{"line":189,"column":29},"end":{"line":189,"column":59}},"35":{"start":{"line":190,"column":16},"end":{"line":190,"column":44}},"36":{"start":{"line":193,"column":16},"end":{"line":193,"column":36}},"37":{"start":{"line":196,"column":16},"end":{"line":196,"column":60}},"38":{"start":{"line":200,"column":27},"end":{"line":200,"column":93}},"39":{"start":{"line":204,"column":16},"end":{"line":204,"column":47}},"40":{"start":{"line":205,"column":16},"end":{"line":205,"column":46}},"41":{"start":{"line":209,"column":16},"end":{"line":209,"column":90}},"42":{"start":{"line":212,"column":16},"end":{"line":212,"column":47}},"43":{"start":{"line":213,"column":16},"end":{"line":213,"column":47}},"44":{"start":{"line":214,"column":16},"end":{"line":214,"column":70}},"45":{"start":{"line":215,"column":16},"end":{"line":215,"column":72}},"46":{"start":{"line":217,"column":16},"end":{"line":217,"column":44}},"47":{"start":{"line":220,"column":16},"end":{"line":227,"column":19}},"48":{"start":{"line":230,"column":12},"end":{"line":230,"column":43}},"49":{"start":{"line":233,"column":12},"end":{"line":233,"column":64}},"50":{"start":{"line":236,"column":32},"end":{"line":236,"column":49}},"51":{"start":{"line":237,"column":12},"end":{"line":237,"column":62}},"52":{"start":{"line":240,"column":12},"end":{"line":240,"column":43}},"53":{"start":{"line":243,"column":12},"end":{"line":243,"column":47}},"54":{"start":{"line":246,"column":12},"end":{"line":246,"column":63}},"55":{"start":{"line":249,"column":33},"end":{"line":249,"column":88}},"56":{"start":{"line":250,"column":12},"end":{"line":252,"column":13}},"57":{"start":{"line":251,"column":16},"end":{"line":251,"column":56}},"58":{"start":{"line":255,"column":12},"end":{"line":255,"column":72}},"59":{"start":{"line":255,"column":60},"end":{"line":255,"column":69}},"60":{"start":{"line":262,"column":12},"end":{"line":264,"column":13}},"61":{"start":{"line":263,"column":16},"end":{"line":263,"column":84}},"62":{"start":{"line":267,"column":12},"end":{"line":267,"column":54}},"63":{"start":{"line":268,"column":33},"end":{"line":268,"column":89}},"64":{"start":{"line":269,"column":12},"end":{"line":272,"column":14}},"65":{"start":{"line":274,"column":12},"end":{"line":274,"column":62}},"66":{"start":{"line":275,"column":12},"end":{"line":275,"column":45}},"67":{"start":{"line":293,"column":8},"end":{"line":293,"column":47}},"68":{"start":{"line":293,"column":40},"end":{"line":293,"column":47}},"69":{"start":{"line":295,"column":23},"end":{"line":295,"column":48}},"70":{"start":{"line":296,"column":20},"end":{"line":296,"column":43}},"71":{"start":{"line":297,"column":8},"end":{"line":297,"column":25}},"72":{"start":{"line":297,"column":18},"end":{"line":297,"column":25}},"73":{"start":{"line":299,"column":22},"end":{"line":299,"column":48}},"74":{"start":{"line":300,"column":25},"end":{"line":300,"column":52}},"75":{"start":{"line":303,"column":8},"end":{"line":333,"column":11}},"76":{"start":{"line":305,"column":32},"end":{"line":306,"column":null}},"77":{"start":{"line":306,"column":16},"end":{"line":306,"column":44}},"78":{"start":{"line":310,"column":12},"end":{"line":322,"column":13}},"79":{"start":{"line":311,"column":35},"end":{"line":311,"column":94}},"80":{"start":{"line":311,"column":65},"end":{"line":311,"column":93}},"81":{"start":{"line":312,"column":16},"end":{"line":318,"column":17}},"82":{"start":{"line":313,"column":20},"end":{"line":313,"column":61}},"83":{"start":{"line":314,"column":20},"end":{"line":314,"column":38}},"84":{"start":{"line":316,"column":20},"end":{"line":316,"column":61}},"85":{"start":{"line":317,"column":20},"end":{"line":317,"column":38}},"86":{"start":{"line":320,"column":16},"end":{"line":320,"column":61}},"87":{"start":{"line":321,"column":16},"end":{"line":321,"column":34}},"88":{"start":{"line":325,"column":12},"end":{"line":325,"column":68}},"89":{"start":{"line":328,"column":12},"end":{"line":332,"column":13}},"90":{"start":{"line":329,"column":16},"end":{"line":329,"column":57}},"91":{"start":{"line":330,"column":16},"end":{"line":330,"column":49}},"92":{"start":{"line":331,"column":16},"end":{"line":331,"column":61}},"93":{"start":{"line":345,"column":8},"end":{"line":345,"column":47}},"94":{"start":{"line":345,"column":40},"end":{"line":345,"column":47}},"95":{"start":{"line":347,"column":23},"end":{"line":347,"column":48}},"96":{"start":{"line":348,"column":20},"end":{"line":348,"column":43}},"97":{"start":{"line":349,"column":8},"end":{"line":349,"column":25}},"98":{"start":{"line":349,"column":18},"end":{"line":349,"column":25}},"99":{"start":{"line":351,"column":8},"end":{"line":382,"column":11}},"100":{"start":{"line":352,"column":25},"end":{"line":352,"column":42}},"101":{"start":{"line":355,"column":12},"end":{"line":355,"column":55}},"102":{"start":{"line":356,"column":12},"end":{"line":356,"column":30}},"103":{"start":{"line":357,"column":12},"end":{"line":362,"column":14}},"104":{"start":{"line":365,"column":12},"end":{"line":365,"column":55}},"105":{"start":{"line":366,"column":12},"end":{"line":366,"column":30}},"106":{"start":{"line":367,"column":12},"end":{"line":372,"column":15}},"107":{"start":{"line":368,"column":16},"end":{"line":368,"column":32}},"108":{"start":{"line":369,"column":16},"end":{"line":369,"column":57}},"109":{"start":{"line":370,"column":16},"end":{"line":370,"column":73}},"110":{"start":{"line":371,"column":16},"end":{"line":371,"column":29}},"111":{"start":{"line":375,"column":12},"end":{"line":375,"column":53}},"112":{"start":{"line":376,"column":12},"end":{"line":376,"column":46}},"113":{"start":{"line":377,"column":12},"end":{"line":381,"column":14}},"114":{"start":{"line":389,"column":8},"end":{"line":389,"column":71}},"115":{"start":{"line":391,"column":22},"end":{"line":391,"column":48}},"116":{"start":{"line":392,"column":8},"end":{"line":395,"column":9}},"117":{"start":{"line":394,"column":12},"end":{"line":394,"column":100}},"118":{"start":{"line":402,"column":8},"end":{"line":402,"column":69}},"119":{"start":{"line":403,"column":8},"end":{"line":403,"column":94}},"120":{"start":{"line":413,"column":8},"end":{"line":419,"column":9}},"121":{"start":{"line":414,"column":24},"end":{"line":414,"column":66}},"122":{"start":{"line":415,"column":12},"end":{"line":417,"column":13}},"123":{"start":{"line":416,"column":16},"end":{"line":416,"column":103}},"124":{"start":{"line":418,"column":12},"end":{"line":418,"column":45}},"125":{"start":{"line":422,"column":26},"end":{"line":422,"column":62}},"126":{"start":{"line":423,"column":8},"end":{"line":427,"column":9}},"127":{"start":{"line":424,"column":12},"end":{"line":426,"column":13}},"128":{"start":{"line":425,"column":16},"end":{"line":425,"column":60}},"129":{"start":{"line":430,"column":8},"end":{"line":430,"column":46}},"130":{"start":{"line":431,"column":8},"end":{"line":431,"column":45}},"131":{"start":{"line":433,"column":8},"end":{"line":433,"column":53}},"132":{"start":{"line":437,"column":0},"end":{"line":437,"column":27}}},"fnMap":{"0":{"name":"(anonymous_0)","decl":{"start":{"line":134,"column":16},"end":{"line":134,"column":21}},"loc":{"start":{"line":134,"column":78},"end":{"line":277,"column":5}}},"1":{"name":"(anonymous_1)","decl":{"start":{"line":184,"column":38},"end":{"line":184,"column":42}},"loc":{"start":{"line":184,"column":45},"end":{"line":228,"column":13}}},"2":{"name":"(anonymous_2)","decl":{"start":{"line":255,"column":55},"end":{"line":255,"column":56}},"loc":{"start":{"line":255,"column":60},"end":{"line":255,"column":69}}},"3":{"name":"(anonymous_3)","decl":{"start":{"line":292,"column":25},"end":{"line":292,"column":30}},"loc":{"start":{"line":292,"column":92},"end":{"line":334,"column":5}}},"4":{"name":"(anonymous_4)","decl":{"start":{"line":303,"column":26},"end":{"line":303,"column":27}},"loc":{"start":{"line":303,"column":40},"end":{"line":333,"column":9}}},"5":{"name":"(anonymous_5)","decl":{"start":{"line":305,"column":55},"end":{"line":305,"column":58}},"loc":{"start":{"line":306,"column":16},"end":{"line":306,"column":44}}},"6":{"name":"(anonymous_6)","decl":{"start":{"line":311,"column":58},"end":{"line":311,"column":61}},"loc":{"start":{"line":311,"column":65},"end":{"line":311,"column":93}}},"7":{"name":"(anonymous_7)","decl":{"start":{"line":344,"column":24},"end":{"line":344,"column":25}},"loc":{"start":{"line":344,"column":57},"end":{"line":383,"column":5}}},"8":{"name":"(anonymous_8)","decl":{"start":{"line":351,"column":23},"end":{"line":351,"column":24}},"loc":{"start":{"line":351,"column":38},"end":{"line":382,"column":9}}},"9":{"name":"(anonymous_9)","decl":{"start":{"line":367,"column":42},"end":{"line":367,"column":43}},"loc":{"start":{"line":367,"column":59},"end":{"line":372,"column":13}}},"10":{"name":"(anonymous_10)","decl":{"start":{"line":388,"column":25},"end":{"line":388,"column":28}},"loc":{"start":{"line":388,"column":30},"end":{"line":396,"column":5}}},"11":{"name":"(anonymous_11)","decl":{"start":{"line":401,"column":24},"end":{"line":401,"column":27}},"loc":{"start":{"line":401,"column":29},"end":{"line":404,"column":5}}},"12":{"name":"(anonymous_12)","decl":{"start":{"line":412,"column":13},"end":{"line":412,"column":16}},"loc":{"start":{"line":412,"column":18},"end":{"line":434,"column":5}}}},"branchMap":{"0":{"loc":{"start":{"line":138,"column":8},"end":{"line":138,"column":56}},"type":"if","locations":[{"start":{"line":138,"column":8},"end":{"line":138,"column":56}}]},"1":{"loc":{"start":{"line":138,"column":12},"end":{"line":138,"column":47}},"type":"binary-expr","locations":[{"start":{"line":138,"column":12},"end":{"line":138,"column":25}},{"start":{"line":138,"column":29},"end":{"line":138,"column":47}}]},"2":{"loc":{"start":{"line":150,"column":12},"end":{"line":153,"column":13}},"type":"if","locations":[{"start":{"line":150,"column":12},"end":{"line":153,"column":13}}]},"3":{"loc":{"start":{"line":186,"column":16},"end":{"line":186,"column":58}},"type":"if","locations":[{"start":{"line":186,"column":16},"end":{"line":186,"column":58}}]},"4":{"loc":{"start":{"line":186,"column":20},"end":{"line":186,"column":49}},"type":"binary-expr","locations":[{"start":{"line":186,"column":20},"end":{"line":186,"column":29}},{"start":{"line":186,"column":33},"end":{"line":186,"column":49}}]},"5":{"loc":{"start":{"line":250,"column":12},"end":{"line":252,"column":13}},"type":"if","locations":[{"start":{"line":250,"column":12},"end":{"line":252,"column":13}}]},"6":{"loc":{"start":{"line":262,"column":12},"end":{"line":264,"column":13}},"type":"if","locations":[{"start":{"line":262,"column":12},"end":{"line":264,"column":13}}]},"7":{"loc":{"start":{"line":268,"column":33},"end":{"line":268,"column":89}},"type":"cond-expr","locations":[{"start":{"line":268,"column":58},"end":{"line":268,"column":71}},{"start":{"line":268,"column":74},"end":{"line":268,"column":89}}]},"8":{"loc":{"start":{"line":293,"column":8},"end":{"line":293,"column":47}},"type":"if","locations":[{"start":{"line":293,"column":8},"end":{"line":293,"column":47}}]},"9":{"loc":{"start":{"line":297,"column":8},"end":{"line":297,"column":25}},"type":"if","locations":[{"start":{"line":297,"column":8},"end":{"line":297,"column":25}}]},"10":{"loc":{"start":{"line":310,"column":12},"end":{"line":322,"column":13}},"type":"if","locations":[{"start":{"line":310,"column":12},"end":{"line":322,"column":13}},{"start":{"line":319,"column":19},"end":{"line":322,"column":13}}]},"11":{"loc":{"start":{"line":312,"column":16},"end":{"line":318,"column":17}},"type":"if","locations":[{"start":{"line":312,"column":16},"end":{"line":318,"column":17}},{"start":{"line":315,"column":23},"end":{"line":318,"column":17}}]},"12":{"loc":{"start":{"line":328,"column":12},"end":{"line":332,"column":13}},"type":"if","locations":[{"start":{"line":328,"column":12},"end":{"line":332,"column":13}}]},"13":{"loc":{"start":{"line":345,"column":8},"end":{"line":345,"column":47}},"type":"if","locations":[{"start":{"line":345,"column":8},"end":{"line":345,"column":47}}]},"14":{"loc":{"start":{"line":349,"column":8},"end":{"line":349,"column":25}},"type":"if","locations":[{"start":{"line":349,"column":8},"end":{"line":349,"column":25}}]},"15":{"loc":{"start":{"line":392,"column":8},"end":{"line":395,"column":9}},"type":"if","locations":[{"start":{"line":392,"column":8},"end":{"line":395,"column":9}}]},"16":{"loc":{"start":{"line":394,"column":42},"end":{"line":394,"column":96}},"type":"cond-expr","locations":[{"start":{"line":394,"column":74},"end":{"line":394,"column":83}},{"start":{"line":394,"column":86},"end":{"line":394,"column":96}}]},"17":{"loc":{"start":{"line":403,"column":37},"end":{"line":403,"column":90}},"type":"cond-expr","locations":[{"start":{"line":403,"column":68},"end":{"line":403,"column":77}},{"start":{"line":403,"column":80},"end":{"line":403,"column":90}}]},"18":{"loc":{"start":{"line":413,"column":8},"end":{"line":419,"column":9}},"type":"if","locations":[{"start":{"line":413,"column":8},"end":{"line":419,"column":9}}]},"19":{"loc":{"start":{"line":415,"column":12},"end":{"line":417,"column":13}},"type":"if","locations":[{"start":{"line":415,"column":12},"end":{"line":417,"column":13}}]},"20":{"loc":{"start":{"line":423,"column":8},"end":{"line":427,"column":9}},"type":"if","locations":[{"start":{"line":423,"column":8},"end":{"line":427,"column":9}}]}},"s":{"0":1,"1":1,"2":1,"3":1,"4":0,"5":0,"6":0,"7":0,"8":0,"9":0,"10":0,"11":0,"12":0,"13":0,"14":0,"15":0,"16":0,"17":0,"18":0,"19":0,"20":0,"21":0,"22":0,"23":0,"24":0,"25":0,"26":0,"27":0,"28":0,"29":0,"30":0,"31":0,"32":0,"33":0,"34":0,"35":0,"36":0,"37":0,"38":0,"39":0,"40":0,"41":0,"42":0,"43":0,"44":0,"45":0,"46":0,"47":0,"48":0,"49":0,"50":0,"51":0,"52":0,"53":0,"54":0,"55":0,"56":0,"57":0,"58":0,"59":0,"60":0,"61":0,"62":0,"63":0,"64":0,"65":0,"66":0,"67":0,"68":0,"69":0,"70":0,"71":0,"72":0,"73":0,"74":0,"75":0,"76":0,"77":0,"78":0,"79":0,"80":0,"81":0,"82":0,"83":0,"84":0,"85":0,"86":0,"87":0,"88":0,"89":0,"90":0,"91":0,"92":0,"93":0,"94":0,"95":0,"96":0,"97":0,"98":0,"99":0,"100":0,"101":0,"102":0,"103":0,"104":0,"105":0,"106":0,"107":0,"108":0,"109":0,"110":0,"111":0,"112":0,"113":0,"114":0,"115":0,"116":0,"117":0,"118":0,"119":0,"120":3,"121":1,"122":1,"123":0,"124":1,"125":3,"126":3,"127":3,"128":10,"129":3,"130":3,"131":3,"132":1},"f":{"0":0,"1":0,"2":0,"3":0,"4":0,"5":0,"6":0,"7":0,"8":0,"9":0,"10":0,"11":0,"12":3},"b":{"0":[0],"1":[0,0],"2":[0],"3":[0],"4":[0,0],"5":[0],"6":[0],"7":[0,0],"8":[0],"9":[0],"10":[0,0],"11":[0,0],"12":[0],"13":[0],"14":[0],"15":[0],"16":[0,0],"17":[0,0],"18":[1],"19":[0],"20":[3]}}
,"/home/runner/work/a_consulta/a_consulta/src/pdf/TextSelection.ts": {"path":"/home/runner/work/a_consulta/a_consulta/src/pdf/TextSelection.ts","statementMap":{"0":{"start":{"line":17,"column":0},"end":{"line":17,"column":55}},"1":{"start":{"line":18,"column":0},"end":{"line":18,"column":44}},"2":{"start":{"line":19,"column":0},"end":{"line":19,"column":46}},"3":{"start":{"line":20,"column":0},"end":{"line":20,"column":58}},"4":{"start":{"line":21,"column":0},"end":{"line":21,"column":null}},"5":{"start":{"line":61,"column":13},"end":{"line":299,"column":2}},"6":{"start":{"line":85,"column":47},"end":{"line":89,"column":10}},"7":{"start":{"line":94,"column":32},"end":{"line":128,"column":9}},"8":{"start":{"line":95,"column":26},"end":{"line":95,"column":52}},"9":{"start":{"line":98,"column":12},"end":{"line":101,"column":13}},"10":{"start":{"line":99,"column":16},"end":{"line":99,"column":82}},"11":{"start":{"line":100,"column":16},"end":{"line":100,"column":23}},"12":{"start":{"line":104,"column":12},"end":{"line":104,"column":46}},"13":{"start":{"line":107,"column":12},"end":{"line":109,"column":22}},"14":{"start":{"line":108,"column":24},"end":{"line":108,"column":49}},"15":{"start":{"line":112,"column":12},"end":{"line":114,"column":21}},"16":{"start":{"line":117,"column":12},"end":{"line":117,"column":56}},"17":{"start":{"line":120,"column":12},"end":{"line":122,"column":15}},"18":{"start":{"line":121,"column":16},"end":{"line":121,"column":49}},"19":{"start":{"line":125,"column":12},"end":{"line":127,"column":13}},"20":{"start":{"line":126,"column":16},"end":{"line":126,"column":76}},"21":{"start":{"line":133,"column":32},"end":{"line":170,"column":9}},"22":{"start":{"line":134,"column":26},"end":{"line":134,"column":52}},"23":{"start":{"line":137,"column":12},"end":{"line":139,"column":13}},"24":{"start":{"line":138,"column":16},"end":{"line":138,"column":23}},"25":{"start":{"line":142,"column":32},"end":{"line":142,"column":81}},"26":{"start":{"line":142,"column":55},"end":{"line":142,"column":80}},"27":{"start":{"line":144,"column":12},"end":{"line":169,"column":13}},"28":{"start":{"line":146,"column":35},"end":{"line":147,"column":null}},"29":{"start":{"line":147,"column":28},"end":{"line":147,"column":78}},"30":{"start":{"line":149,"column":33},"end":{"line":150,"column":null}},"31":{"start":{"line":150,"column":28},"end":{"line":150,"column":64}},"32":{"start":{"line":154,"column":16},"end":{"line":154,"column":65}},"33":{"start":{"line":154,"column":58},"end":{"line":154,"column":65}},"34":{"start":{"line":157,"column":16},"end":{"line":160,"column":18}},"35":{"start":{"line":163,"column":16},"end":{"line":168,"column":19}},"36":{"start":{"line":164,"column":44},"end":{"line":165,"column":null}},"37":{"start":{"line":165,"column":31},"end":{"line":165,"column":59}},"38":{"start":{"line":167,"column":20},"end":{"line":167,"column":80}},"39":{"start":{"line":175,"column":30},"end":{"line":269,"column":9}},"40":{"start":{"line":176,"column":26},"end":{"line":176,"column":52}},"41":{"start":{"line":179,"column":12},"end":{"line":181,"column":13}},"42":{"start":{"line":180,"column":16},"end":{"line":180,"column":23}},"43":{"start":{"line":184,"column":12},"end":{"line":184,"column":47}},"44":{"start":{"line":185,"column":12},"end":{"line":185,"column":59}},"45":{"start":{"line":188,"column":12},"end":{"line":264,"column":13}},"46":{"start":{"line":189,"column":59},"end":{"line":189,"column":63}},"47":{"start":{"line":192,"column":38},"end":{"line":195,"column":27}},"48":{"start":{"line":193,"column":33},"end":{"line":193,"column":42}},"49":{"start":{"line":198,"column":38},"end":{"line":198,"column":79}},"50":{"start":{"line":201,"column":31},"end":{"line":201,"column":81}},"51":{"start":{"line":204,"column":35},"end":{"line":211,"column":18}},"52":{"start":{"line":214,"column":16},"end":{"line":229,"column":17}},"53":{"start":{"line":215,"column":36},"end":{"line":215,"column":80}},"54":{"start":{"line":218,"column":20},"end":{"line":225,"column":21}},"55":{"start":{"line":220,"column":38},"end":{"line":220,"column":74}},"56":{"start":{"line":221,"column":24},"end":{"line":221,"column":62}},"57":{"start":{"line":224,"column":24},"end":{"line":224,"column":54}},"58":{"start":{"line":228,"column":20},"end":{"line":228,"column":60}},"59":{"start":{"line":232,"column":16},"end":{"line":237,"column":19}},"60":{"start":{"line":233,"column":20},"end":{"line":236,"column":21}},"61":{"start":{"line":234,"column":24},"end":{"line":234,"column":67}},"62":{"start":{"line":235,"column":24},"end":{"line":235,"column":64}},"63":{"start":{"line":240,"column":16},"end":{"line":258,"column":17}},"64":{"start":{"line":242,"column":20},"end":{"line":242,"column":52}},"65":{"start":{"line":245,"column":20},"end":{"line":248,"column":22}},"66":{"start":{"line":251,"column":20},"end":{"line":251,"column":82}},"67":{"start":{"line":254,"column":20},"end":{"line":257,"column":22}},"68":{"start":{"line":261,"column":16},"end":{"line":263,"column":19}},"69":{"start":{"line":262,"column":20},"end":{"line":262,"column":53}},"70":{"start":{"line":267,"column":12},"end":{"line":267,"column":44}},"71":{"start":{"line":268,"column":12},"end":{"line":268,"column":46}},"72":{"start":{"line":274,"column":33},"end":{"line":289,"column":9}},"73":{"start":{"line":275,"column":12},"end":{"line":288,"column":13}},"74":{"start":{"line":277,"column":16},"end":{"line":277,"column":51}},"75":{"start":{"line":278,"column":16},"end":{"line":278,"column":63}},"76":{"start":{"line":281,"column":16},"end":{"line":283,"column":19}},"77":{"start":{"line":282,"column":20},"end":{"line":282,"column":53}},"78":{"start":{"line":286,"column":16},"end":{"line":286,"column":48}},"79":{"start":{"line":287,"column":16},"end":{"line":287,"column":50}},"80":{"start":{"line":294,"column":8},"end":{"line":294,"column":55}},"81":{"start":{"line":295,"column":8},"end":{"line":295,"column":55}},"82":{"start":{"line":296,"column":8},"end":{"line":296,"column":51}},"83":{"start":{"line":297,"column":8},"end":{"line":297,"column":57}},"84":{"start":{"line":301,"column":0},"end":{"line":301,"column":29}}},"fnMap":{"0":{"name":"(anonymous_0)","decl":{"start":{"line":83,"column":12},"end":{"line":83,"column":13}},"loc":{"start":{"line":83,"column":82},"end":{"line":298,"column":5}}},"1":{"name":"(anonymous_1)","decl":{"start":{"line":94,"column":32},"end":{"line":94,"column":33}},"loc":{"start":{"line":94,"column":50},"end":{"line":128,"column":9}}},"2":{"name":"(anonymous_2)","decl":{"start":{"line":108,"column":16},"end":{"line":108,"column":20}},"loc":{"start":{"line":108,"column":24},"end":{"line":108,"column":49}}},"3":{"name":"(anonymous_3)","decl":{"start":{"line":120,"column":61},"end":{"line":120,"column":63}},"loc":{"start":{"line":120,"column":66},"end":{"line":122,"column":13}}},"4":{"name":"(anonymous_4)","decl":{"start":{"line":133,"column":32},"end":{"line":133,"column":33}},"loc":{"start":{"line":133,"column":50},"end":{"line":170,"column":9}}},"5":{"name":"(anonymous_5)","decl":{"start":{"line":142,"column":47},"end":{"line":142,"column":51}},"loc":{"start":{"line":142,"column":55},"end":{"line":142,"column":80}}},"6":{"name":"(anonymous_6)","decl":{"start":{"line":147,"column":20},"end":{"line":147,"column":24}},"loc":{"start":{"line":147,"column":28},"end":{"line":147,"column":78}}},"7":{"name":"(anonymous_7)","decl":{"start":{"line":150,"column":20},"end":{"line":150,"column":24}},"loc":{"start":{"line":150,"column":28},"end":{"line":150,"column":64}}},"8":{"name":"(anonymous_8)","decl":{"start":{"line":163,"column":34},"end":{"line":163,"column":38}},"loc":{"start":{"line":163,"column":41},"end":{"line":168,"column":17}}},"9":{"name":"(anonymous_9)","decl":{"start":{"line":165,"column":24},"end":{"line":165,"column":27}},"loc":{"start":{"line":165,"column":31},"end":{"line":165,"column":59}}},"10":{"name":"(anonymous_10)","decl":{"start":{"line":175,"column":30},"end":{"line":175,"column":33}},"loc":{"start":{"line":175,"column":35},"end":{"line":269,"column":9}}},"11":{"name":"(anonymous_11)","decl":{"start":{"line":189,"column":51},"end":{"line":189,"column":55}},"loc":{"start":{"line":189,"column":59},"end":{"line":189,"column":63}}},"12":{"name":"(anonymous_12)","decl":{"start":{"line":193,"column":25},"end":{"line":193,"column":29}},"loc":{"start":{"line":193,"column":33},"end":{"line":193,"column":42}}},"13":{"name":"(anonymous_13)","decl":{"start":{"line":232,"column":53},"end":{"line":232,"column":57}},"loc":{"start":{"line":232,"column":60},"end":{"line":237,"column":17}}},"14":{"name":"(anonymous_14)","decl":{"start":{"line":261,"column":65},"end":{"line":261,"column":67}},"loc":{"start":{"line":261,"column":70},"end":{"line":263,"column":17}}},"15":{"name":"(anonymous_15)","decl":{"start":{"line":274,"column":33},"end":{"line":274,"column":36}},"loc":{"start":{"line":274,"column":38},"end":{"line":289,"column":9}}},"16":{"name":"(anonymous_16)","decl":{"start":{"line":281,"column":65},"end":{"line":281,"column":67}},"loc":{"start":{"line":281,"column":70},"end":{"line":283,"column":17}}}},"branchMap":{"0":{"loc":{"start":{"line":98,"column":12},"end":{"line":101,"column":13}},"type":"if","locations":[{"start":{"line":98,"column":12},"end":{"line":101,"column":13}}]},"1":{"loc":{"start":{"line":107,"column":
[...]
start":{"line":58,"column":27},"end":{"line":58,"column":30}},"loc":{"start":{"line":58,"column":32},"end":{"line":62,"column":9}}},"5":{"name":"addExtractionMarker","decl":{"start":{"line":72,"column":16},"end":{"line":72,"column":35}},"loc":{"start":{"line":72,"column":58},"end":{"line":88,"column":1}}},"6":{"name":"addExtractionMarkersForPage","decl":{"start":{"line":95,"column":16},"end":{"line":95,"column":43}},"loc":{"start":{"line":95,"column":86},"end":{"line":106,"column":1}}},"7":{"name":"(anonymous_7)","decl":{"start":{"line":100,"column":59},"end":{"line":100,"column":60}},"loc":{"start":{"line":100,"column":64},"end":{"line":100,"column":74}}},"8":{"name":"(anonymous_8)","decl":{"start":{"line":104,"column":16},"end":{"line":104,"column":19}},"loc":{"start":{"line":104,"column":23},"end":{"line":104,"column":43}}},"9":{"name":"(anonymous_9)","decl":{"start":{"line":105,"column":17},"end":{"line":105,"column":20}},"loc":{"start":{"line":105,"column":24},"end":{"line":105,"column":48}}},"10":{"name":"autoAdvanceField","decl":{"start":{"line":113,"column":16},"end":{"line":113,"column":32}},"loc":{"start":{"line":115,"column":23},"end":{"line":128,"column":1}}},"11":{"name":"clearSearchMarkers","decl":{"start":{"line":134,"column":16},"end":{"line":134,"column":34}},"loc":{"start":{"line":134,"column":63},"end":{"line":141,"column":1}}},"12":{"name":"(anonymous_12)","decl":{"start":{"line":135,"column":26},"end":{"line":135,"column":32}},"loc":{"start":{"line":135,"column":36},"end":{"line":135,"column":51}}},"13":{"name":"(anonymous_13)","decl":{"start":{"line":138,"column":59},"end":{"line":138,"column":61}},"loc":{"start":{"line":138,"column":64},"end":{"line":140,"column":5}}}},"branchMap":{"0":{"loc":{"start":{"line":24,"column":8},"end":{"line":24,"column":26}},"type":"if","locations":[{"start":{"line":24,"column":8},"end":{"line":24,"column":26}}]},"1":{"loc":{"start":{"line":26,"column":18},"end":{"line":26,"column":70}},"type":"binary-expr","locations":[{"start":{"line":26,"column":18},"end":{"line":26,"column":24}},{"start":{"line":26,"column":28},"end":{"line":26,"column":70}}]},"2":{"loc":{"start":{"line":26,"column":39},"end":{"line":26,"column":69}},"type":"binary-expr","locations":[{"start":{"line":26,"column":39},"end":{"line":26,"column":62}},{"start":{"line":26,"column":66},"end":{"line":26,"column":69}}]},"3":{"loc":{"start":{"line":27,"column":18},"end":{"line":27,"column":70}},"type":"binary-expr","locations":[{"start":{"line":27,"column":18},"end":{"line":27,"column":24}},{"start":{"line":27,"column":28},"end":{"line":27,"column":70}}]},"4":{"loc":{"start":{"line":27,"column":39},"end":{"line":27,"column":69}},"type":"binary-expr","locations":[{"start":{"line":27,"column":39},"end":{"line":27,"column":62}},{"start":{"line":27,"column":66},"end":{"line":27,"column":69}}]},"5":{"loc":{"start":{"line":28,"column":22},"end":{"line":28,"column":82}},"type":"binary-expr","locations":[{"start":{"line":28,"column":22},"end":{"line":28,"column":32}},{"start":{"line":28,"column":36},"end":{"line":28,"column":82}}]},"6":{"loc":{"start":{"line":28,"column":47},"end":{"line":28,"column":81}},"type":"binary-expr","locations":[{"start":{"line":28,"column":47},"end":{"line":28,"column":74}},{"start":{"line":28,"column":78},"end":{"line":28,"column":81}}]},"7":{"loc":{"start":{"line":29,"column":23},"end":{"line":29,"column":85}},"type":"binary-expr","locations":[{"start":{"line":29,"column":23},"end":{"line":29,"column":34}},{"start":{"line":29,"column":38},"end":{"line":29,"column":85}}]},"8":{"loc":{"start":{"line":29,"column":49},"end":{"line":29,"column":84}},"type":"binary-expr","locations":[{"start":{"line":29,"column":49},"end":{"line":29,"column":77}},{"start":{"line":29,"column":81},"end":{"line":29,"column":84}}]},"9":{"loc":{"start":{"line":38,"column":4},"end":{"line":40,"column":5}},"type":"if","locations":[{"start":{"line":38,"column":4},"end":{"line":40,"column":5}}]},"10":{"loc":{"start":{"line":74,"column":4},"end":{"line":74,"column":67}},"type":"if","locations":[{"start":{"line":74,"column":4},"end":{"line":74,"column":67}}]},"11":{"loc":{"start":{"line":74,"column":8},"end":{"line":74,"column":58}},"type":"binary-expr","locations":[{"start":{"line":74,"column":8},"end":{"line":74,"column":16}},{"start":{"line":74,"column":20},"end":{"line":74,"column":31}},{"start":{"line":74,"column":35},"end":{"line":74,"column":58}}]},"12":{"loc":{"start":{"line":97,"column":4},"end":{"line":97,"column":25}},"type":"if","locations":[{"start":{"line":97,"column":4},"end":{"line":97,"column":25}}]},"13":{"loc":{"start":{"line":118,"column":4},"end":{"line":118,"column":60}},"type":"if","locations":[{"start":{"line":118,"column":4},"end":{"line":118,"column":60}}]},"14":{"loc":{"start":{"line":118,"column":8},"end":{"line":118,"column":51}},"type":"binary-expr","locations":[{"start":{"line":118,"column":8},"end":{"line":118,"column":27}},{"start":{"line":118,"column":31},"end":{"line":118,"column":51}}]},"15":{"loc":{"start":{"line":125,"column":4},"end":{"line":127,"column":5}},"type":"if","locations":[{"start":{"line":125,"column":4},"end":{"line":127,"column":5}}]},"16":{"loc":{"start":{"line":125,"column":8},"end":{"line":125,"column":61}},"type":"binary-expr","locations":[{"start":{"line":125,"column":8},"end":{"line":125,"column":25}},{"start":{"line":125,"column":29},"end":{"line":125,"column":61}}]}},"s":{"0":1,"1":1,"2":1,"3":1,"4":1,"5":1,"6":0,"7":0,"8":0,"9":0,"10":0,"11":0,"12":0,"13":0,"14":0,"15":0,"16":0,"17":0,"18":0,"19":0,"20":0,"21":0,"22":0,"23":0,"24":0,"25":0,"26":0,"27":0,"28":0,"29":0,"30":0,"31":0,"32":0,"33":0,"34":0,"35":0,"36":0,"37":0,"38":0,"39":0,"40":0,"41":0,"42":0,"43":0,"44":0,"45":0,"46":0,"47":0,"48":0,"49":0,"50":0,"51":0,"52":0,"53":0,"54":0,"55":0,"56":0,"57":0,"58":0,"59":0,"60":0,"61":0,"62":0,"63":0},"f":{"0":0,"1":0,"2":0,"3":0,"4":0,"5":0,"6":0,"7":0,"8":0,"9":0,"10":0,"11":0,"12":0,"13":0},"b":{"0":[0],"1":[0,0],"2":[0,0],"3":[0,0],"4":[0,0],"5":[0,0],"6":[0,0],"7":[0,0],"8":[0,0],"9":[0],"10":[0],"11":[0,0,0],"12":[0],"13":[0],"14":[0,0],"15":[0],"16":[0,0]}}
,"/home/runner/work/a_consulta/a_consulta/src/utils/memory.ts": {"path":"/home/runner/work/a_consulta/a_consulta/src/utils/memory.ts","statementMap":{"0":{"start":{"line":22,"column":22},"end":{"line":111,"column":2}},"1":{"start":{"line":42,"column":4},"end":{"line":42,"column":39}},"2":{"start":{"line":43,"column":4},"end":{"line":43,"column":47}},"3":{"start":{"line":51,"column":4},"end":{"line":51,"column":27}},"4":{"start":{"line":70,"column":4},"end":{"line":70,"column":47}},"5":{"start":{"line":78,"column":4},"end":{"line":78,"column":39}},"6":{"start":{"line":87,"column":4},"end":{"line":89,"column":7}},"7":{"start":{"line":88,"column":6},"end":{"line":88,"column":44}},"8":{"start":{"line":92,"column":4},"end":{"line":92,"column":52}},"9":{"start":{"line":92,"column":34},"end":{"line":92,"column":50}},"10":{"start":{"line":95,"column":4},"end":{"line":102,"column":7}},"11":{"start":{"line":96,"column":6},"end":{"line":101,"column":7}},"12":{"start":{"line":97,"column":8},"end":{"line":97,"column":20}},"13":{"start":{"line":98,"column":8},"end":{"line":98,"column":49}},"14":{"start":{"line":100,"column":8},"end":{"line":100,"column":54}},"15":{"start":{"line":105,"column":4},"end":{"line":105,"column":24}},"16":{"start":{"line":106,"column":4},"end":{"line":106,"column":23}},"17":{"start":{"line":107,"column":4},"end":{"line":107,"column":34}},"18":{"start":{"line":109,"column":4},"end":{"line":109,"column":51}},"19":{"start":{"line":114,"column":0},"end":{"line":116,"column":1}},"20":{"start":{"line":115,"column":2},"end":{"line":115,"column":73}},"21":{"start":{"line":115,"column":48},"end":{"line":115,"column":71}},"22":{"start":{"line":118,"column":0},"end":{"line":118,"column":29}}},"fnMap":{"0":{"name":"(anonymous_0)","decl":{"start":{"line":37,"column":25},"end":{"line":37,"column":null}},"loc":{"start":{"line":40,"column":47},"end":{"line":44,"column":3}}},"1":{"name":"(anonymous_1)","decl":{"start":{"line":50,"column":19},"end":{"line":50,"column":29}},"loc":{"start":{"line":50,"column":39},"end":{"line":52,"column":3}}},"2":{"name":"(anonymous_2)","decl":{"start":{"line":69,"column":19},"end":{"line":69,"column":29}},"loc":{"start":{"line":69,"column":69},"end":{"line":71,"column":3}}},"3":{"name":"(anonymous_3)","decl":{"start":{"line":77,"column":21},"end":{"line":77,"column":31}},"loc":{"start":{"line":77,"column":43},"end":{"line":79,"column":3}}},"4":{"name":"(anonymous_4)","decl":{"start":{"line":85,"column":11},"end":{"line":85,"column":null}},"loc":{"start":{"line":85,"column":11},"end":{"line":110,"column":3}}},"5":{"name":"(anonymous_5)","decl":{"start":{"line":87,"column":27},"end":{"line":87,"column":28}},"loc":{"start":{"line":87,"column":53},"end":{"line":89,"column":5}}},"6":{"name":"(anonymous_6)","decl":{"start":{"line":92,"column":26},"end":{"line":92,"column":27}},"loc":{"start":{"line":92,"column":34},"end":{"line":92,"column":50}}},"7":{"name":"(anonymous_7)","decl":{"start":{"line":95,"column":34},"end":{"line":95,"column":35}},"loc":{"start":{"line":95,"column":54},"end":{"line":102,"column":5}}},"8":{"name":"(anonymous_8)","decl":{"start":{"line":115,"column":42},"end":{"line":115,"column":45}},"loc":{"start":{"line":115,"column":48},"end":{"line":115,"column":71}}}},"branchMap":{"0":{"loc":{"start":{"line":114,"column":0},"end":{"line":116,"column":1}},"type":"if","locations":[{"start":{"line":114,"column":0},"end":{"line":116,"column":1}}]}},"s":{"0":1,"1":182,"2":182,"3":0,"4":0,"5":0,"6":0,"7":0,"8":0,"9":0,"10":0,"11":0,"12":0,"13":0,"14":0,"15":0,"16":0,"17":0,"18":0,"19":1,"20":1,"21":0,"22":1},"f":{"0":182,"1":0,"2":0,"3":0,"4":0,"5":0,"6":0,"7":0,"8":0},"b":{"0":[1]}}
,"/home/runner/work/a_consulta/a_consulta/src/utils/security.ts": {"path":"/home/runner/work/a_consulta/a_consulta/src/utils/security.ts","statementMap":{"0":{"start":{"line":7,"column":0},"end":{"line":7,"column":46}},"1":{"start":{"line":12,"column":22},"end":{"line":109,"column":2}},"2":{"start":{"line":19,"column":4},"end":{"line":19,"column":25}},"3":{"start":{"line":19,"column":15},"end":{"line":19,"column":25}},"4":{"start":{"line":20,"column":16},"end":{"line":20,"column":45}},"5":{"start":{"line":21,"column":4},"end":{"line":21,"column":27}},"6":{"start":{"line":23,"column":4},"end":{"line":23,"column":78}},"7":{"start":{"line":32,"column":4},"end":{"line":41,"column":6}},"8":{"start":{"line":50,"column":4},"end":{"line":50,"column":44}},"9":{"start":{"line":50,"column":34},"end":{"line":50,"column":44}},"10":{"start":{"line":51,"column":16},"end":{"line":51,"column":45}},"11":{"start":{"line":52,"column":4},"end":{"line":52,"column":27}},"12":{"start":{"line":53,"column":4},"end":{"line":53,"column":25}},"13":{"start":{"line":62,"column":28},"end":{"line":62,"column":73}},"14":{"start":{"line":63,"column":19},"end":{"line":63,"column":58}},"15":{"start":{"line":65,"column":4},"end":{"line":67,"column":5}},"16":{"start":{"line":66,"column":6},"end":{"line":66,"column":65}},"17":{"start":{"line":69,"column":4},"end":{"line":74,"column":5}},"18":{"start":{"line":70,"column":23},"end":{"line":70,"column":60}},"19":{"start":{"line":71,"column":6},"end":{"line":73,"column":7}},"20":{"start":{"line":72,"column":8},"end":{"line":72,"column":63}},"21":{"start":{"line":76,"column":4},"end":{"line":80,"column":5}},"22":{"start":{"line":77,"column":6},"end":{"line":79,"column":7}},"23":{"start":{"line":78,"column":8},"end":{"line":78,"column":65}},"24":{"start":{"line":82,"column":4},"end":{"line":87,"column":5}},"25":{"start":{"line":83,"column":19},"end":{"line":83,"column":34}},"26":{"start":{"line":84,"column":6},"end":{"line":86,"column":7}},"27":{"start":{"line":85,"column":8},"end":{"line":85,"column":69}},"28":{"start":{"line":89,"column":4},"end":{"line":89,"column":27}},"29":{"start":{"line":98,"column":4},"end":{"line":98,"column":38}},"30":{"start":{"line":107,"column":4},"end":{"line":107,"column":41}},"31":{"start":{"line":111,"column":0},"end":{"line":111,"column":29}}},"fnMap":{"0":{"name":"(anonymous_0)","decl":{"start":{"line":18,"column":16},"end":{"line":18,"column":17}},"loc":{"start":{"line":18,"column":60},"end":{"line":24,"column":3}}},"1":{"name":"(anonymous_1)","decl":{"start":{"line":31,"column":22},"end":{"line":31,"column":23}},"loc":{"start":{"line":31,"column":68},"end":{"line":42,"column":3}}},"2":{"name":"(anonymous_2)","decl":{"start":{"line":49,"column":14},"end":{"line":49,"column":15}},"loc":{"start":{"line":49,"column":36},"end":{"line":54,"column":3}}},"3":{"name":"(anonymous_3)","decl":{"start":{"line":61,"column":17},"end":{"line":61,"column":18}},"loc":{"start":{"line":61,"column":58},"end":{"line":90,"column":3}}},"4":{"name":"(anonymous_4)","decl":{"start":{"line":97,"column":14},"end":{"line":97,"column":15}},"loc":{"start":{"line":97,"column":36},"end":{"line":99,"column":3}}},"5":{"name":"(anonymous_5)","decl":{"start":{"line":106,"column":14},"end":{"line":106,"column":15}},"loc":{"start":{"line":106,"column":43},"end":{"line":108,"column":3}}}},"branchMap":{"0":{"loc":{"start":{"line":19,"column":4},"end":{"line":19,"column":25}},"type":"if","locations":[{"start":{"line":19,"column":4},"end":{"line":19,"column":25}}]},"1":{"loc":{"start":{"line":33,"column":6},"end":{"line":40,"column":72}},"type":"binary-expr","locations":[{"start":{"line":33,"column":6},"end":{"line":33,"column":16}},{"start":{"line":34,"column":6},"end":{"line":34,"column":26}},{"start":{"line":35,"column":6},"end":{"line":35,"column":21}},{"start":{"line":36,"column":6},"end":{"line":36,"column":28}},{"start":{"line":37,"column":6},"end":{"line":37,"column":26}},{"start":{"line":38,"column":6},"end":{"line":38,"column":23}},{"start":{"line":39,"column":6},"end":{"line":39,"column":43}},{"start":{"line":40,"column":6},"end":{"line":40,"column":72}}]},"2":{"loc":{"start":{"line":50,"column":4},"end":{"line":50,"column":44}},"type":"if","locations":[{"start":{"line":50,"column":4},"end":{"line":50,"column":44}}]},"3":{"loc":{"start":{"line":65,"column":4},"end":{"line":67,"column":5}},"type":"if","locations":[{"start":{"line":65,"column":4},"end":{"line":67,"column":5}}]},"4":{"loc":{"start":{"line":65,"column":9},"end":{"line":65,"column":54}},"type":"binary-expr","locations":[{"start":{"line":65,"column":9},"end":{"line":65,"column":44}},{"start":{"line":65,"column":48},"end":{"line":65,"column":54}}]},"5":{"loc":{"start":{"line":69,"column":4},"end":{"line":74,"column":5}},"type":"if","locations":[{"start":{"line":69,"column":4},"end":{"line":74,"column":5}}]},"6":{"loc":{"start":{"line":69,"column":8},"end":{"line":69,"column":41}},"type":"binary-expr","locations":[{"start":{"line":69,"column":8},"end":{"line":69,"column":32}},{"start":{"line":69,"column":36},"end":{"line":69,"column":41}}]},"7":{"loc":{"start":{"line":71,"column":6},"end":{"line":73,"column":7}},"type":"if","locations":[{"start":{"line":71,"column":6},"end":{"line":73,"column":7}}]},"8":{"loc":{"start":{"line":76,"column":4},"end":{"line":80,"column":5}},"type":"if","locations":[{"start":{"line":76,"column":4},"end":{"line":80,"column":5}}]},"9":{"loc":{"start":{"line":76,"column":8},"end":{"line":76,"column":42}},"type":"binary-expr","locations":[{"start":{"line":76,"column":8},"end":{"line":76,"column":33}},{"start":{"line":76,"column":37},"end":{"line":76,"column":42}}]},"10":{"loc":{"start":{"line":77,"column":6},"end":{"line":79,"column":7}},"type":"if","locations":[{"start":{"line":77,"column":6},"end":{"line":79,"column":7}}]},"11":{"loc":{"start":{"line":82,"column":4},"end":{"line":87,"column":5}},"type":"if","locations":[{"start":{"line":82,"column":4},"end":{"line":87,"column":5}}]},"12":{"loc":{"start":{"line":82,"column":8},"end":{"line":82,"column":42}},"type":"binary-expr","locations":[{"start":{"line":82,"column":8},"end":{"line":82,"column":33}},{"start":{"line":82,"column":37},"end":{"line":82,"column":42}}]},"13":{"loc":{"start":{"line":84,"column":6},"end":{"line":86,"column":7}},"type":"if","locations":[{"start":{"line":84,"column":6},"end":{"line":86,"column":7}}]},"14":{"loc":{"start":{"line":84,"column":10},"end":{"line":84,"column":51}},"type":"binary-expr","locations":[{"start":{"line":84,"column":10},"end":{"line":84,"column":21}},{"start":{"line":84,"column":25},"end":{"line":84,"column":36}},{"start":{"line":84,"column":40},"end":{"line":84,"column":51}}]}},"s":{"0":3,"1":3,"2":37,"3":3,"4":34,"5":34,"6":34,"7":13,"8":1,"9":0,"10":1,"11":1,"12":1,"13":10,"14":10,"15":10,"16":1,"17":9,"18":3,"19":3,"20":1,"21":8,"22":2,"23":0,"24":8,"25":3,"26":3,"27":1,"28":7,"29":0,"30":0,"31":3},"f":{"0":37,"1":13,"2":1,"3":10,"4":0,"5":0},"b":{"0":[3],"1":[13,13,11,11,11,11,11,11],"2":[0],"3":[1],"4":[10,1],"5":[3],"6":[9,3],"7":[1],"8":[2],"9":[8,2],"10":[0],"11":[3],"12":[8,3],"13":[1],"14":[3,3,3]}}
,"/home/runner/work/a_consulta/a_consulta/src/utils/status.ts": {"path":"/home/runner/work/a_consulta/a_consulta/src/utils/status.ts","statementMap":{"0":{"start":{"line":25,"column":41},"end":{"line":71,"column":2}},"1":{"start":{"line":38,"column":8},"end":{"line":38,"column":57}},"2":{"start":{"line":38,"column":50},"end":{"line":38,"column":57}},"3":{"start":{"line":41,"column":8},"end":{"line":43,"column":9}},"4":{"start":{"line":42,"column":12},"end":{"line":42,"column":41}},"5":{"start":{"line":45,"column":8},"end":{"line":45,"column":47}},"6":{"start":{"line":46,"column":8},"end":{"line":46,"column":60}},"7":{"start":{"line":48,"column":51},"end":{"line":53,"column":10}},"8":{"start":{"line":55,"column":8},"end":{"line":55,"column":70}},"9":{"start":{"line":56,"column":8},"end":{"line":56,"column":45}},"10":{"start":{"line":58,"column":8},"end":{"line":61,"column":21}},"11":{"start":{"line":59,"column":12},"end":{"line":59,"column":53}},"12":{"start":{"line":60,"column":12},"end":{"line":60,"column":34}},"13":{"start":{"line":69,"column":8},"end":{"line":69,"column":58}},"14":{"start":{"line":73,"column":0},"end":{"line":73,"column":29}}},"fnMap":{"0":{"name":"(anonymous_0)","decl":{"start":{"line":37,"column":10},"end":{"line":37,"column":19}},"loc":{"start":{"line":37,"column":86},"end":{"line":62,"column":5}}},"1":{"name":"(anonymous_1)","decl":{"start":{"line":58,"column":43},"end":{"line":58,"column":46}},"loc":{"start":{"line":58,"column":48},"end":{"line":61,"column":9}}},"2":{"name":"(anonymous_2)","decl":{"start":{"line":68,"column":17},"end":{"line":68,"column":26}},"loc":{"start":{"line":68,"column":39},"end":{"line":70,"column":5}}}},"branchMap":{"0":{"loc":{"start":{"line":37,"column":36},"end":{"line":37,"column":61}},"type":"default-arg","locations":[{"start":{"line":37,"column":55},"end":{"line":37,"column":61}}]},"1":{"loc":{"start":{"line":37,"column":63},"end":{"line":37,"column":86}},"type":"default-arg","locations":[{"start":{"line":37,"column":82},"end":{"line":37,"column":86}}]},"2":{"loc":{"start":{"line":38,"column":8},"end":{"line":38,"column":57}},"type":"if","locations":[{"start":{"line":38,"column":8},"end":{"line":38,"column":57}}]},"3":{"loc":{"start":{"line":38,"column":12},"end":{"line":38,"column":48}},"type":"binary-expr","locations":[{"start":{"line":38,"column":12},"end":{"line":38,"column":27}},{"start":{"line":38,"column":31},"end":{"line":38,"column":48}}]},"4":{"loc":{"start":{"line":41,"column":8},"end":{"line":43,"column":9}},"type":"if","locations":[{"start":{"line":41,"column":8},"end":{"line":43,"column":9}}]},"5":{"loc":{"start":{"line":55,"column":42},"end":{"line":55,"column":69}},"type":"binary-expr","locations":[{"start":{"line":55,"column":42},"end":{"line":55,"column":54}},{"start":{"line":55,"column":58},"end":{"line":55,"column":69}}]}},"s":{"0":1,"1":1,"2":1,"3":0,"4":0,"5":0,"6":0,"7":0,"8":0,"9":0,"10":0,"11":0,"12":0,"13":2,"14":1},"f":{"0":1,"1":0,"2":2},"b":{"0":[0],"1":[1],"2":[1],"3":[1,0],"4":[0],"5":[0,0]}}
}
