TN:
SF:src/config/index.ts
FNF:0
FNH:0
DA:28,1
DA:51,1
DA:57,1
DA:63,1
DA:69,1
DA:74,1
DA:84,1
DA:89,1
DA:99,1
DA:104,1
LF:10
LH:10
BRF:0
BRH:0
end_of_record
TN:
SF:src/data/ExtractionTracker.ts
FN:90,(anonymous_0)
FN:100,(anonymous_1)
FN:116,(anonymous_2)
FN:169,(anonymous_3)
FN:193,(anonymous_4)
FN:206,(anonymous_5)
FN:233,(anonymous_6)
FN:244,(anonymous_7)
FN:255,(anonymous_8)
FN:264,(anonymous_9)
FN:274,(anonymous_10)
FN:289,(anonymous_11)
FN:297,(anonymous_12)
FN:322,(anonymous_13)
FNF:14
FNH:9
FNDA:2,(anonymous_0)
FNDA:6,(anonymous_1)
FNDA:11,(anonymous_2)
FNDA:10,(anonymous_3)
FNDA:0,(anonymous_4)
FNDA:0,(anonymous_5)
FNDA:0,(anonymous_6)
FNDA:0,(anonymous_7)
FNDA:10,(anonymous_8)
FNDA:31,(anonymous_9)
FNDA:11,(anonymous_10)
FNDA:2,(anonymous_11)
FNDA:0,(anonymous_12)
FNDA:5,(anonymous_13)
DA:22,2
DA:80,2
DA:91,2
DA:105,6
DA:106,6
DA:107,6
DA:118,11
DA:126,11
DA:133,11
DA:134,1
DA:135,1
DA:139,10
DA:147,10
DA:148,10
DA:151,10
DA:152,10
DA:153,10
DA:156,10
DA:157,10
DA:160,10
DA:170,10
DA:171,10
DA:174,0
DA:175,0
DA:176,0
DA:177,0
DA:180,0
DA:185,0
DA:193,0
DA:196,0
DA:208,0
DA:209,0
DA:210,0
DA:216,0
DA:220,0
DA:221,0
DA:222,0
DA:225,0
DA:228,0
DA:229,0
DA:233,0
DA:234,0
DA:238,0
DA:240,0
DA:243,0
DA:244,0
DA:245,0
DA:256,10
DA:257,10
DA:259,10
DA:260,0
DA:264,31
DA:265,10
DA:266,0
DA:275,11
DA:276,11
DA:281,0
DA:290,2
DA:291,2
DA:293,2
DA:294,0
DA:297,0
DA:298,0
DA:299,0
DA:303,0
DA:306,0
DA:307,0
DA:313,0
DA:314,0
DA:323,5
DA:328,2
DA:330,2
LF:72
LH:35
BRDA:133,0,0,1
BRDA:156,1,0,10
BRDA:171,2,0,10
BRDA:180,3,0,0
BRDA:180,3,1,0
BRDA:208,4,0,0
BRDA:209,5,0,0
BRDA:220,6,0,0
BRDA:220,7,0,0
BRDA:220,7,1,0
BRDA:228,8,0,0
BRDA:238,9,0,0
BRDA:259,10,0,0
BRDA:265,11,0,0
BRDA:293,12,0,0
BRDA:306,13,0,0
BRF:16
BRH:3
end_of_record
TN:
SF:src/forms/DynamicFields.ts
FN:16,setDependencies
FN:39,(anonymous_1)
FN:41,(anonymous_2)
FN:42,(anonymous_3)
FN:43,(anonymous_4)
FN:44,(anonymous_5)
FN:45,(anonymous_6)
FN:46,(anonymous_7)
FN:47,(anonymous_8)
FN:48,(anonymous_9)
FN:49,(anonymous_10)
FN:57,(anonymous_11)
FN:127,(anonymous_12)
FN:174,(anonymous_13)
FN:178,(anonymous_14)
FN:182,(anonymous_15)
FN:186,(anonymous_16)
FN:190,(anonymous_17)
FN:194,(anonymous_18)
FN:198,(anonymous_19)
FN:206,(anonymous_20)
FN:214,(anonymous_21)
FN:217,(anonymous_22)
FN:221,(anonymous_23)
FN:228,(anonymous_24)
FN:245,(anonymous_25)
FN:246,(anonymous_26)
FN:247,(anonymous_27)
FN:248,(anonymous_28)
FN:249,(anonymous_29)
FN:250,(anonymous_30)
FN:251,(anonymous_31)
FN:252,(anonymous_32)
FN:253,(anonymous_33)
FNF:34
FNH:0
FNDA:0,setDependencies
FNDA:0,(anonymous_1)
FNDA:0,(anonymous_2)
FNDA:0,(anonymous_3)
FNDA:0,(anonymous_4)
FNDA:0,(anonymous_5)
FNDA:0,(anonymous_6)
FNDA:0,(anonymous_7)
FNDA:0,(anonymous_8)
FNDA:0,(anonymous_9)
FNDA:0,(anonymous_10)
FNDA:0,(anonymous_11)
FNDA:0,(anonymous_12)
FNDA:0,(anonymous_13)
FNDA:0,(anonymous_14)
FNDA:0,(anonymous_15)
FNDA:0,(anonymous_16)
FNDA:0,(anonymous_17)
FNDA:0,(anonymous_18)
FNDA:0,(anonymous_19)
FNDA:0,(anonymous_20)
FNDA:0,(anonymous_21)
FNDA:0,(anonymous_22)
FNDA:0,(anonymous_23)
FNDA:0,(anonymous_24)
FNDA:0,(anonymous_25)
FNDA:0,(anonymous_26)
FNDA:0,(anonymous_27)
FNDA:0,(anonymous_28)
FNDA:0,(anonymous_29)
FNDA:0,(anonymous_30)
FNDA:0,(anonymous_31)
FNDA:0,(anonymous_32)
FNDA:0,(anonymous_33)
DA:16,0
DA:17,0
DA:23,0
DA:41,0
DA:42,0
DA:43,0
DA:44,0
DA:45,0
DA:46,0
DA:47,0
DA:48,0
DA:49,0
DA:58,0
DA:59,0
DA:61,0
DA:62,0
DA:63,0
DA:64,0
DA:66,0
DA:68,0
DA:86,0
DA:89,0
DA:94,0
DA:97,0
DA:103,0
DA:106,0
DA:116,0
DA:119,0
DA:127,0
DA:129,0
DA:132,0
DA:139,0
DA:142,0
DA:151,0
DA:154,0
DA:155,0
DA:157,0
DA:160,0
DA:161,0
DA:165,0
DA:166,0
DA:168,0
DA:169,0
DA:175,0
DA:179,0
DA:183,0
DA:187,0
DA:191,0
DA:195,0
DA:199,0
DA:207,0
DA:208,0
DA:216,0
DA:217,0
DA:221,0
DA:222,0
DA:223,0
DA:226,0
DA:228,0
DA:229,0
DA:230,0
DA:234,0
DA:235,0
DA:242,0
DA:245,0
DA:246,0
DA:247,0
DA:248,0
DA:249,0
DA:250,0
DA:251,0
DA:252,0
DA:253,0
LF:73
LH:0
BRDA:59,0,0,0
BRDA:66,1,0,0
BRDA:66,1,1,0
BRDA:66,1,2,0
BRDA:66,1,3,0
BRDA:66,1,4,0
BRDA:66,1,5,0
BRDA:66,1,6,0
BRDA:160,2,0,0
BRDA:165,3,0,0
BRDA:168,4,0,0
BRDA:168,5,0,0
BRDA:168,5,1,0
BRDA:168,5,2,0
BRDA:234,6,0,0
BRF:15
BRH:0
end_of_record
TN:
SF:src/forms/FormManager.ts
FN:23,setDependencies
FN:42,(anonymous_1)
FN:55,(anonymous_2)
FN:57,(anonymous_3)
FN:62,(anonymous_4)
FN:63,(anonymous_5)
FN:82,(anonymous_6)
FN:93,(anonymous_7)
FN:109,(anonymous_8)
FN:115,(anonymous_9)
FN:118,(anonymous_10)
FN:121,(anonymous_11)
FN:129,(anonymous_12)
FN:134,(anonymous_13)
FN:185,(anonymous_14)
FN:211,(anonymous_15)
FN:227,(anonymous_16)
FN:231,(anonymous_17)
FN:232,(anonymous_18)
FN:250,(anonymous_19)
FN:254,(anonymous_20)
FNF:21
FNH:12
FNDA:1,setDependencies
FNDA:5,(anonymous_1)
FNDA:13,(anonymous_2)
FNDA:91,(anonymous_3)
FNDA:0,(anonymous_4)
FNDA:0,(anonymous_5)
FNDA:0,(anonymous_6)
FNDA:3,(anonymous_7)
FNDA:5,(anonymous_8)
FNDA:0,(anonymous_9)
FNDA:0,(anonymous_10)
FNDA:0,(anonymous_11)
FNDA:8,(anonymous_12)
FNDA:16,(anonymous_13)
FNDA:2,(anonymous_14)
FNDA:1,(anonymous_15)
FNDA:0,(anonymous_16)
FNDA:0,(anonymous_17)
FNDA:0,(anonymous_18)
FNDA:2,(anonymous_19)
FNDA:14,(anonymous_20)
DA:12,1
DA:13,1
DA:23,1
DA:28,1
DA:29,1
DA:30,1
DA:36,1
DA:43,5
DA:44,5
DA:45,5
DA:46,0
DA:48,5
DA:56,13
DA:57,13
DA:59,91
DA:62,91
DA:63,0
DA:64,0
DA:66,0
DA:67,0
DA:73,0
DA:74,0
DA:75,0
DA:76,0
DA:77,0
DA:82,91
DA:83,0
DA:94,3
DA:95,3
DA:97,3
DA:98,3
DA:99,0
DA:100,0
DA:103,3
DA:110,5
DA:111,5
DA:112,5
DA:114,5
DA:115,5
DA:117,5
DA:118,5
DA:120,5
DA:121,5
DA:130,8
DA:131,8
DA:134,16
DA:137,8
DA:138,8
DA:139,8
DA:143,8
DA:144,8
DA:145,8
DA:149,8
DA:150,8
DA:151,8
DA:153,8
DA:154,8
DA:156,8
DA:157,8
DA:161,8
DA:162,8
DA:163,0
DA:167,8
DA:168,8
DA:169,8
DA:170,8
DA:174,8
DA:177,8
DA:178,0
DA:186,2
DA:189,2
DA:190,0
DA:191,0
DA:193,0
DA:194,0
DA:199,2
DA:200,2
DA:201,2
DA:202,2
DA:204,2
DA:212,1
DA:214,1
DA:215,1
DA:216,1
DA:217,1
DA:219,1
DA:228,0
DA:229,0
DA:231,0
DA:232,0
DA:233,0
DA:234,0
DA:239,0
DA:240,0
DA:243,0
DA:251,2
DA:253,2
DA:255,14
DA:256,14
DA:257,9
DA:261,2
DA:265,1
LF:102
LH:74
BRDA:45,0,0,0
BRDA:59,1,0,91
BRDA:59,1,1,91
BRDA:64,2,0,0
BRDA:64,2,1,0
BRDA:66,3,0,0
BRDA:75,4,0,0
BRDA:98,5,0,0
BRDA:98,6,0,3
BRDA:98,6,1,3
BRDA:99,7,0,0
BRDA:99,7,1,0
BRDA:100,8,0,0
BRDA:100,8,1,0
BRDA:114,9,0,5
BRDA:117,10,0,5
BRDA:120,11,0,5
BRDA:131,12,0,8
BRDA:131,12,1,0
BRDA:138,13,0,8
BRDA:144,14,0,8
BRDA:153,15,0,8
BRDA:154,16,0,0
BRDA:154,16,1,8
BRDA:156,17,0,8
BRDA:157,18,0,0
BRDA:157,18,1,8
BRDA:162,19,0,0
BRDA:168,20,0,8
BRDA:177,21,0,0
BRDA:177,22,0,8
BRDA:177,22,1,0
BRDA:186,23,0,2
BRDA:186,23,1,0
BRDA:189,24,0,0
BRDA:191,25,0,0
BRDA:193,26,0,0
BRDA:199,27,0,2
BRDA:201,28,0,2
BRDA:212,29,0,1
BRDA:212,29,1,0
BRDA:214,30,0,1
BRDA:216,31,0,1
BRDA:233,32,0,0
BRDA:239,33,0,0
BRDA:239,34,0,0
BRDA:239,34,1,0
BRDA:256,35,0,9
BRDA:257,36,0,9
BRDA:257,36,1,0
BRF:50
BRH:24
end_of_record
TN:
SF:src/pdf/PDFLoader.ts
FN:151,(anonymous_0)
FNF:1
FNH:1
FNDA:1,(anonymous_0)
DA:20,1
DA:21,1
DA:22,1
DA:23,1
DA:24,1
DA:25,1
DA:26,1
DA:27,1
DA:118,1
DA:153,1
DA:154,1
DA:156,1
DA:158,1
DA:159,1
DA:161,0
DA:166,1
DA:169,0
DA:170,0
DA:173,0
DA:176,0
DA:182,0
DA:185,0
DA:193,0
DA:194,0
DA:196,0
DA:197,0
DA:198,0
DA:200,0
DA:205,0
DA:206,0
DA:208,0
DA:209,0
DA:211,0
DA:218,0
DA:220,0
DA:223,0
DA:224,0
DA:228,0
DA:229,0
DA:230,0
DA:232,0
DA:233,0
DA:236,0
DA:237,0
DA:240,0
DA:241,0
DA:245,0
DA:246,0
DA:249,0
DA:251,0
DA:255,1
DA:257,1
DA:259,1
DA:263,1
DA:268,1
DA:270,1
DA:278,1
LF:57
LH:22
BRDA:169,0,0,0
BRDA:232,1,0,0
BRDA:236,2,0,0
BRDA:240,3,0,0
BRDA:259,4,0,1
BRDA:259,4,1,0
BRF:6
BRH:1
end_of_record
TN:
SF:src/pdf/PDFRenderer.ts
FN:134,(anonymous_0)
FN:184,(anonymous_1)
FN:255,(anonymous_2)
FN:292,(anonymous_3)
FN:303,(anonymous_4)
FN:305,(anonymous_5)
FN:311,(anonymous_6)
FN:344,(anonymous_7)
FN:351,(anonymous_8)
FN:367,(anonymous_9)
FN:388,(anonymous_10)
FN:401,(anonymous_11)
FN:412,(anonymous_12)
FNF:13
FNH:1
FNDA:0,(anonymous_0)
FNDA:0,(anonymous_1)
FNDA:0,(anonymous_2)
FNDA:0,(anonymous_3)
FNDA:0,(anonymous_4)
FNDA:0,(anonymous_5)
FNDA:0,(anonymous_6)
FNDA:0,(anonymous_7)
FNDA:0,(anonymous_8)
FNDA:0,(anonymous_9)
FNDA:0,(anonymous_10)
FNDA:0,(anonymous_11)
FNDA:3,(anonymous_12)
DA:16,1
DA:17,1
DA:18,1
DA:105,1
DA:135,0
DA:138,0
DA:140,0
DA:141,0
DA:143,0
DA:145,0
DA:146,0
DA:149,0
DA:150,0
DA:151,0
DA:152,0
DA:156,0
DA:159,0
DA:160,0
DA:161,0
DA:162,0
DA:165,0
DA:166,0
DA:167,0
DA:168,0
DA:170,0
DA:175,0
DA:178,0
DA:179,0
DA:180,0
DA:181,0
DA:184,0
DA:186,0
DA:189,0
DA:190,0
DA:193,0
DA:196,0
DA:200,0
DA:204,0
DA:205,0
DA:209,0
DA:212,0
DA:213,0
DA:214,0
DA:215,0
DA:217,0
DA:220,0
DA:230,0
DA:233,0
DA:236,0
DA:237,0
DA:240,0
DA:243,0
DA:246,0
DA:249,0
DA:250,0
DA:251,0
DA:255,0
DA:262,0
DA:263,0
DA:267,0
DA:268,0
DA:269,0
DA:274,0
DA:275,0
DA:293,0
DA:295,0
DA:296,0
DA:297,0
DA:299,0
DA:300,0
DA:303,0
DA:305,0
DA:306,0
DA:310,0
DA:311,0
DA:312,0
DA:313,0
DA:314,0
DA:316,0
DA:317,0
DA:320,0
DA:321,0
DA:325,0
DA:328,0
DA:329,0
DA:330,0
DA:331,0
DA:345,0
DA:347,0
DA:348,0
DA:349,0
DA:351,0
DA:352,0
DA:355,0
DA:356,0
DA:357,0
DA:365,0
DA:366,0
DA:367,0
DA:368,0
DA:369,0
DA:370,0
DA:371,0
DA:375,0
DA:376,0
DA:377,0
DA:389,0
DA:391,0
DA:392,0
DA:394,0
DA:402,0
DA:403,0
DA:413,3
DA:414,1
DA:415,1
DA:416,0
DA:418,1
DA:422,3
DA:423,3
DA:424,3
DA:425,10
DA:430,3
DA:431,3
DA:433,3
DA:437,1
LF:125
LH:16
BRDA:138,0,0,0
BRDA:138,1,0,0
BRDA:138,1,1,0
BRDA:150,2,0,0
BRDA:186,3,0,0
BRDA:186,4,0,0
BRDA:186,4,1,0
BRDA:250,5,0,0
BRDA:262,6,0,0
BRDA:268,7,0,0
BRDA:268,7,1,0
BRDA:293,8,0,0
BRDA:297,9,0,0
BRDA:310,10,0,0
BRDA:310,10,1,0
BRDA:312,11,0,0
BRDA:312,11,1,0
BRDA:328,12,0,0
BRDA:345,13,0,0
BRDA:349,14,0,0
BRDA:392,15,0,0
BRDA:394,16,0,0
BRDA:394,16,1,0
BRDA:403,17,0,0
BRDA:403,17,1,0
BRDA:413,18,0,1
BRDA:415,19,0,0
BRDA:423,20,0,3
BRF:28
BRH:2
end_of_record
TN:
SF:src/pdf/TextSelection.ts
FN:83,(anonymous_0)
FN:94,(anonymous_1)
FN:108,(anonymous_2)
FN:120,(anonymous_3)
FN:133,(anonymous_4)
FN:142,(anonymous_5)
FN:147,(anonymous_6)
FN:150,(anonymous_7)
FN:163,(anonymous_8)
FN:165,(anonymous_9)
FN:175,(anonymous_10)
FN:189,(anonymous_11)
FN:193,(anonymous_12)
FN:232,(anonymous_13)
FN:261,(anonymous_14)
FN:274,(anonymous_15)
FN:281,(anonymous_16)
FNF:17
FNH:0
FNDA:0,(anonymous_0)
FNDA:0,(anonymous_1)
FNDA:0,(anonymous_2)
FNDA:0,(anonymous_3)
FNDA:0,(anonymous_4)
FNDA:0,(anonymous_5)
FNDA:0,(anonymous_6)
FNDA:0,(anonymous_7)
FNDA:0,(anonymous_8)
FNDA:0,(anonymous_9)
FNDA:0,(anonymous_10)
FNDA:0,(anonymous_11)
FNDA:0,(anonymous_12)
FNDA:0,(anonymous_13)
FNDA:0,(anonymous_14)
FNDA:0,(anonymous_15)
FNDA:0,(anonymous_16)
DA:17,1
DA:18,1
DA:19,1
DA:20,1
DA:21,1
DA:61,1
DA:85,0
DA:94,0
DA:95,0
DA:98,0
DA:99,0
DA:100,0
DA:104,0
DA:107,0
DA:108,0
DA:112,0
DA:117,0
DA:120,0
DA:121,0
DA:125,0
DA:126,0
DA:133,0
DA:134,0
DA:137,0
DA:138,0
DA:142,0
DA:144,0
DA:146,0
DA:147,0
DA:149,0
DA:150,0
DA:154,0
DA:157,0
DA:163,0
DA:164,0
DA:165,0
DA:167,0
DA:175,0
DA:176,0
DA:179,0
DA:180,0
DA:184,0
DA:185,0
DA:188,0
DA:189,0
DA:192,0
DA:193,0
DA:198,0
DA:201,0
DA:204,0
DA:214,0
DA:215,0
DA:218,0
DA:220,0
DA:221,0
DA:224,0
DA:228,0
DA:232,0
DA:233,0
DA:234,0
DA:235,0
DA:240,0
DA:242,0
DA:245,0
DA:251,0
DA:254,0
DA:261,0
DA:262,0
DA:267,0
DA:268,0
DA:274,0
DA:275,0
DA:277,0
DA:278,0
DA:281,0
DA:282,0
DA:286,0
DA:287,0
DA:294,0
DA:295,0
DA:296,0
DA:297,0
DA:301,1
LF:83
LH:7
BRDA:98,0,0,0
BRDA:107,1,0,0
BRDA:107,1,1,0
BRDA:112,2,0,0
BRDA:112,2,1,0
BRDA:125,3,0,0
BRDA:137,4,0,0
BRDA:137,5,0,0
BRDA:137,5,1,0
BRDA:137,5,2,0
BRDA:144,6,0,0
BRDA:154,7,0,0
BRDA:154,8,0,0
BRDA:154,8,1,0
BRDA:179,9,0,0
BRDA:179,10,0,0
BRDA:179,10,1,0
BRDA:188,11,0,0
BRDA:188,11,1,0
BRDA:188,12,0,0
BRDA:188,12,1,0
BRDA:214,13,0,0
BRDA:214,14,0,0
BRDA:214,14,1,0
BRDA:218,15,0,0
BRDA:218,15,1,0
BRDA:221,16,0,0
BRDA:221,16,1,0
BRDA:233,17,0,0
BRDA:233,18,0,0
BRDA:233,18,1,0
BRDA:240,19,0,0
BRDA:240,19,1,0
BRDA:275,20,0,0
BRF:34
BRH:0
end_of_record
TN:
SF:src/services/AIService.ts
FN:40,ensureBackendAuthenticated
FN:54,getPageText
FN:69,(anonymous_2)
FN:88,getAllPdfText
FN:112,blobToBase64
FN:113,(anonymous_5)
FN:115,(anonymous_6)
FN:131,generatePICO
FN:204,generateSummary
FN:265,validateFieldWithAI
FN:328,findMetadata
FN:388,handleExtractTables
FN:434,renderTables
FN:436,(anonymous_13)
FN:455,(anonymous_14)
FN:465,(anonymous_15)
FN:489,handleImageAnalysis
FN:537,handleDeepAnalysis
FNF:18
FNH:0
FNDA:0,ensureBackendAuthenticated
FNDA:0,getPageText
FNDA:0,(anonymous_2)
FNDA:0,getAllPdfText
FNDA:0,blobToBase64
FNDA:0,(anonymous_5)
FNDA:0,(anonymous_6)
FNDA:0,generatePICO
FNDA:0,generateSummary
FNDA:0,validateFieldWithAI
FNDA:0,findMetadata
FNDA:0,handleExtractTables
FNDA:0,renderTables
FNDA:0,(anonymous_13)
FNDA:0,(anonymous_14)
FNDA:0,(anonymous_15)
FNDA:0,handleImageAnalysis
FNDA:0,handleDeepAnalysis
DA:23,0
DA:24,0
DA:25,0
DA:26,0
DA:27,0
DA:28,0
DA:35,0
DA:41,0
DA:42,0
DA:43,0
DA:55,0
DA:56,0
DA:57,0
DA:60,0
DA:61,0
DA:62,0
DA:64,0
DA:65,0
DA:66,0
DA:67,0
DA:68,0
DA:69,0
DA:70,0
DA:71,0
DA:72,0
DA:75,0
DA:76,0
DA:77,0
DA:79,0
DA:80,0
DA:89,0
DA:90,0
DA:91,0
DA:92,0
DA:95,0
DA:96,0
DA:97,0
DA:98,0
DA:99,0
DA:101,0
DA:102,0
DA:113,0
DA:114,0
DA:115,0
DA:116,0
DA:118,0
DA:119,0
DA:132,0
DA:133,0
DA:134,0
DA:135,0
DA:137,0
DA:138,0
DA:139,0
DA:142,0
DA:143,0
DA:144,0
DA:145,0
DA:147,0
DA:149,0
DA:152,0
DA:153,0
DA:154,0
DA:157,0
DA:160,0
DA:161,0
DA:164,0
DA:165,0
DA:166,0
DA:167,0
DA:168,0
DA:169,0
DA:171,0
DA:172,0
DA:173,0
DA:174,0
DA:175,0
DA:176,0
DA:179,0
DA:180,0
DA:181,0
DA:182,0
DA:183,0
DA:184,0
DA:185,0
DA:186,0
DA:188,0
DA:191,0
DA:192,0
DA:194,0
DA:195,0
DA:196,0
DA:205,0
DA:206,0
DA:207,0
DA:208,0
DA:210,0
DA:211,0
DA:212,0
DA:215,0
DA:216,0
DA:217,0
DA:218,0
DA:220,0
DA:222,0
DA:224,0
DA:225,0
DA:226,0
DA:229,0
DA:232,0
DA:233,0
DA:235,0
DA:236,0
DA:239,0
DA:240,0
DA:249,0
DA:252,0
DA:253,0
DA:255,0
DA:256,0
DA:257,0
DA:266,0
DA:267,0
DA:268,0
DA:269,0
DA:270,0
DA:273,0
DA:274,0
DA:275,0
DA:276,0
DA:279,0
DA:280,0
DA:281,0
DA:283,0
DA:284,0
DA:285,0
DA:288,0
DA:289,0
DA:290,0
DA:292,0
DA:294,0
DA:296,0
DA:297,0
DA:298,0
DA:301,0
DA:304,0
DA:305,0
DA:307,0
DA:308,0
DA:309,0
DA:311,0
DA:312,0
DA:316,0
DA:317,0
DA:319,0
DA:320,0
DA:329,0
DA:330,0
DA:331,0
DA:332,0
DA:334,0
DA:335,0
DA:336,0
DA:337,0
DA:338,0
DA:341,0
DA:342,0
DA:343,0
DA:344,0
DA:346,0
DA:348,0
DA:351,0
DA:352,0
DA:353,0
DA:356,0
DA:359,0
DA:360,0
DA:362,0
DA:363,0
DA:364,0
DA:365,0
DA:367,0
DA:368,0
DA:369,0
DA:370,0
DA:372,0
DA:375,0
DA:376,0
DA:378,0
DA:379,0
DA:380,0
DA:389,0
DA:390,0
DA:391,0
DA:392,0
DA:393,0
DA:396,0
DA:397,0
DA:399,0
DA:401,0
DA:403,0
DA:404,0
DA:406,0
DA:409,0
DA:410,0
DA:412,0
DA:413,0
DA:414,0
DA:416,0
DA:417,0
DA:421,0
DA:422,0
DA:423,0
DA:425,0
DA:435,0
DA:436,0
DA:437,0
DA:438,0
DA:440,0
DA:441,0
DA:443,0
DA:444,0
DA:445,0
DA:446,0
DA:448,0
DA:449,0
DA:450,0
DA:452,0
DA:454,0
DA:455,0
DA:456,0
DA:457,0
DA:458,0
DA:460,0
DA:463,0
DA:464,0
DA:465,0
DA:466,0
DA:467,0
DA:468,0
DA:470,0
DA:474,0
DA:475,0
DA:477,0
DA:478,0
DA:479,0
DA:481,0
DA:490,0
DA:491,0
DA:492,0
DA:493,0
DA:495,0
DA:496,0
DA:497,0
DA:499,0
DA:500,0
DA:501,0
DA:504,0
DA:505,0
DA:506,0
DA:508,0
DA:510,0
DA:512,0
DA:514,0
DA:515,0
DA:518,0
DA:519,0
DA:521,0
DA:522,0
DA:525,0
DA:526,0
DA:527,0
DA:529,0
DA:538,0
DA:539,0
DA:540,0
DA:541,0
DA:543,0
DA:544,0
DA:545,0
DA:547,0
DA:548,0
DA:549,0
DA:552,0
DA:553,0
DA:555,0
DA:557,0
DA:559,0
DA:560,0
DA:562,0
DA:565,0
DA:566,0
DA:568,0
DA:569,0
DA:572,0
DA:573,0
DA:574,0
DA:576,0
DA:586,0
DA:599,0
DA:603,0
DA:604,0
DA:605,0
DA:606,0
DA:607,0
DA:608,0
DA:609,0
LF:307
LH:0
BRDA:42,0,0,0
BRDA:56,1,0,0
BRDA:61,2,0,0
BRDA:70,3,0,0
BRDA:90,4,0,0
BRDA:133,5,0,0
BRDA:137,6,0,0
BRDA:144,7,0,0
BRDA:153,8,0,0
BRDA:157,9,0,0
BRDA:157,9,1,0
BRDA:171,10,0,0
BRDA:171,11,0,0
BRDA:171,11,1,0
BRDA:172,12,0,0
BRDA:172,13,0,0
BRDA:172,13,1,0
BRDA:173,14,0,0
BRDA:173,15,0,0
BRDA:173,15,1,0
BRDA:174,16,0,0
BRDA:174,17,0,0
BRDA:174,17,1,0
BRDA:175,18,0,0
BRDA:175,19,0,0
BRDA:175,19,1,0
BRDA:176,20,0,0
BRDA:176,21,0,0
BRDA:176,21,1,0
BRDA:196,22,0,0
BRDA:206,23,0,0
BRDA:210,24,0,0
BRDA:217,25,0,0
BRDA:225,26,0,0
BRDA:229,27,0,0
BRDA:229,27,1,0
BRDA:236,28,0,0
BRDA:257,29,0,0
BRDA:268,30,0,0
BRDA:274,31,0,0
BRDA:279,32,0,0
BRDA:283,33,0,0
BRDA:297,34,0,0
BRDA:301,35,0,0
BRDA:301,35,1,0
BRDA:307,36,0,0
BRDA:307,36,1,0
BRDA:330,37,0,0
BRDA:335,38,0,0
BRDA:335,38,1,0
BRDA:336,39,0,0
BRDA:343,40,0,0
BRDA:352,41,0,0
BRDA:356,42,0,0
BRDA:356,42,1,0
BRDA:367,43,0,0
BRDA:367,44,0,0
BRDA:367,44,1,0
BRDA:368,45,0,0
BRDA:368,46,0,0
BRDA:368,46,1,0
BRDA:369,47,0,0
BRDA:369,48,0,0
BRDA:369,48,1,0
BRDA:370,49,0,0
BRDA:370,50,0,0
BRDA:370,50,1,0
BRDA:380,51,0,0
BRDA:391,52,0,0
BRDA:396,53,0,0
BRDA:404,54,0,0
BRDA:406,55,0,0
BRDA:406,55,1,0
BRDA:412,56,0,0
BRDA:412,56,1,0
BRDA:412,57,0,0
BRDA:412,57,1,0
BRDA:412,57,2,0
BRDA:416,58,0,0
BRDA:422,59,0,0
BRDA:441,60,0,0
BRDA:441,60,1,0
BRDA:444,61,0,0
BRDA:444,61,1,0
BRDA:452,62,0,0
BRDA:452,63,0,0
BRDA:452,63,1,0
BRDA:478,64,0,0
BRDA:493,65,0,0
BRDA:493,65,1,0
BRDA:495,66,0,0
BRDA:495,67,0,0
BRDA:495,67,1,0
BRDA:499,68,0,0
BRDA:505,69,0,0
BRDA:515,70,0,0
BRDA:515,70,1,0
BRDA:521,71,0,0
BRDA:526,72,0,0
BRDA:541,73,0,0
BRDA:541,73,1,0
BRDA:543,74,0,0
BRDA:547,75,0,0
BRDA:552,76,0,0
BRDA:560,77,0,0
BRDA:562,78,0,0
BRDA:562,78,1,0
BRDA:568,79,0,0
BRDA:573,80,0,0
BRF:109
BRH:0
end_of_record
TN:
SF:src/services/AgentOrchestrator.ts
FN:69,(anonymous_0)
FN:75,(anonymous_1)
FN:108,(anonymous_2)
FN:136,(anonymous_3)
FN:152,(anonymous_4)
FN:169,(anonymous_5)
FN:195,(anonymous_6)
FN:228,(anonymous_7)
FN:245,(anonymous_8)
FN:247,(anonymous_9)
FN:252,(anonymous_10)
FN:259,(anonymous_11)
FN:259,(anonymous_12)
FN:267,(anonymous_13)
FN:268,(anonymous_14)
FN:272,(anonymous_15)
FN:279,(anonymous_16)
FN:293,(anonymous_17)
FN:303,(anonymous_18)
FN:310,(anonymous_19)
FN:312,(anonymous_20)
FN:313,(anonymous_21)
FN:320,(anonymous_22)
FN:321,(anonymous_23)
FN:327,(anonymous_24)
FN:328,(anonymous_25)
FN:331,(anonymous_26)
FN:340,(anonymous_27)
FN:342,(anonymous_28)
FN:343,(anonymous_29)
FN:344,(anonymous_30)
FN:347,(anonymous_31)
FNF:32
FNH:31
FNDA:1,(anonymous_0)
FNDA:5,(anonymous_1)
FNDA:4,(anonymous_2)
FNDA:4,(anonymous_3)
FNDA:5,(anonymous_4)
FNDA:7,(anonymous_5)
FNDA:5,(anonymous_6)
FNDA:8,(anonymous_7)
FNDA:4,(anonymous_8)
FNDA:7,(anonymous_9)
FNDA:3,(anonymous_10)
FNDA:6,(anonymous_11)
FNDA:0,(anonymous_12)
FNDA:5,(anonymous_13)
FNDA:8,(anonymous_14)
FNDA:7,(anonymous_15)
FNDA:1,(anonymous_16)
FNDA:1,(anonymous_17)
FNDA:1,(anonymous_18)
FNDA:1,(anonymous_19)
FNDA:1,(anonymous_20)
FNDA:1,(anonymous_21)
FNDA:10,(anonymous_22)
FNDA:46,(anonymous_23)
FNDA:5,(anonymous_24)
FNDA:4,(anonymous_25)
FNDA:1,(anonymous_26)
FNDA:5,(anonymous_27)
FNDA:4,(anonymous_28)
FNDA:1,(anonymous_29)
FNDA:5,(anonymous_30)
FNDA:4,(anonymous_31)
DA:17,1
DA:83,5
DA:84,5
DA:87,5
DA:90,5
DA:92,5
DA:100,5
DA:102,5
DA:109,4
DA:110,4
DA:111,4
DA:114,4
DA:115,2
DA:117,2
DA:118,0
DA:120,2
DA:121,1
DA:123,1
DA:124,0
DA:126,1
DA:127,0
DA:130,1
DA:137,4
DA:146,4
DA:153,5
DA:155,5
DA:157,5
DA:158,4
DA:161,4
DA:162,4
DA:165,4
DA:168,4
DA:169,7
DA:173,4
DA:174,4
DA:176,4
DA:186,4
DA:189,5
DA:196,5
DA:198,5
DA:200,5
DA:201,1
DA:204,1
DA:207,1
DA:209,1
DA:219,1
DA:222,5
DA:234,8
DA:247,7
DA:249,4
DA:252,3
DA:253,3
DA:256,3
DA:259,6
DA:268,8
DA:269,5
DA:272,7
DA:273,4
DA:281,1
DA:283,1
DA:284,1
DA:285,1
DA:287,1
DA:298,1
DA:302,1
DA:303,1
DA:311,1
DA:312,1
DA:313,1
DA:321,46
DA:328,5
DA:329,4
DA:331,5
DA:332,1
DA:334,5
DA:341,5
DA:342,4
DA:343,1
DA:344,5
DA:346,5
DA:347,4
DA:352,1
LF:82
LH:79
BRDA:110,0,0,4
BRDA:110,0,1,0
BRDA:114,1,0,2
BRDA:117,2,0,0
BRDA:120,3,0,1
BRDA:123,4,0,0
BRDA:126,5,0,0
BRDA:146,6,0,4
BRDA:146,6,1,0
BRDA:249,7,0,1
BRDA:253,8,0,0
BRDA:253,8,1,3
BRDA:269,9,0,1
BRDA:283,10,0,0
BRDA:284,11,0,0
BRDA:285,12,0,0
BRDA:285,13,0,1
BRDA:285,13,1,0
BRDA:298,14,0,0
BRDA:298,14,1,1
BRDA:313,15,0,1
BRDA:313,15,1,0
BRDA:329,16,0,4
BRDA:329,16,1,0
BRDA:332,17,0,1
BRDA:332,17,1,0
BRDA:342,18,0,4
BRDA:342,18,1,1
BRDA:343,19,0,1
BRDA:343,19,1,0
BRDA:346,20,0,2
BRF:31
BRH:16
end_of_record
TN:
SF:src/services/AnnotationService.ts
FN:79,(anonymous_0)
FN:116,(anonymous_1)
FN:139,(anonymous_2)
FN:161,(anonymous_3)
FN:179,(anonymous_4)
FN:200,(anonymous_5)
FN:206,(anonymous_6)
FN:207,(anonymous_7)
FN:228,(anonymous_8)
FN:240,(anonymous_9)
FN:248,(anonymous_10)
FN:349,(anonymous_11)
FN:369,(anonymous_12)
FN:370,(anonymous_13)
FN:376,(anonymous_14)
FN:377,(anonymous_15)
FN:383,(anonymous_16)
FN:384,(anonymous_17)
FN:403,(anonymous_18)
FN:407,(anonymous_19)
FN:411,(anonymous_20)
FN:424,(anonymous_21)
FN:426,(anonymous_22)
FN:440,(anonymous_23)
FN:453,(anonymous_24)
FN:462,(anonymous_25)
FN:464,(anonymous_26)
FN:469,(anonymous_27)
FN:486,(anonymous_28)
FN:509,(anonymous_29)
FN:529,(anonymous_30)
FN:531,(anonymous_31)
FN:537,(anonymous_32)
FN:554,(anonymous_33)
FN:561,(anonymous_34)
FN:568,(anonymous_35)
FN:575,(anonymous_36)
FN:576,(anonymous_37)
FNF:38
FNH:30
FNDA:46,(anonymous_0)
FNDA:28,(anonymous_1)
FNDA:20,(anonymous_2)
FNDA:3,(anonymous_3)
FNDA:3,(anonymous_4)
FNDA:2,(anonymous_5)
FNDA:3,(anonymous_6)
FNDA:7,(anonymous_7)
FNDA:6,(anonymous_8)
FNDA:0,(anonymous_9)
FNDA:0,(anonymous_10)
FNDA:0,(anonymous_11)
FNDA:2,(anonymous_12)
FNDA:3,(anonymous_13)
FNDA:7,(anonymous_14)
FNDA:4,(anonymous_15)
FNDA:2,(anonymous_16)
FNDA:1,(anonymous_17)
FNDA:3,(anonymous_18)
FNDA:2,(anonymous_19)
FNDA:2,(anonymous_20)
FNDA:2,(anonymous_21)
FNDA:4,(anonymous_22)
FNDA:2,(anonymous_23)
FNDA:3,(anonymous_24)
FNDA:1,(anonymous_25)
FNDA:0,(anonymous_26)
FNDA:1,(anonymous_27)
FNDA:33,(anonymous_28)
FNDA:0,(anonymous_29)
FNDA:0,(anonymous_30)
FNDA:0,(anonymous_31)
FNDA:0,(anonymous_32)
FNDA:1,(anonymous_33)
FNDA:2,(anonymous_34)
FNDA:2,(anonymous_35)
FNDA:45,(anonymous_36)
FNDA:45,(anonymous_37)
DA:18,1
DA:49,1
DA:58,1
DA:67,1
DA:80,46
DA:81,1
DA:82,1
DA:85,45
DA:86,45
DA:87,45
DA:88,45
DA:89,45
DA:90,45
DA:91,45
DA:94,45
DA:95,45
DA:96,45
DA:97,45
DA:98,45
DA:99,45
DA:101,45
DA:103,45
DA:108,45
DA:110,45
DA:117,28
DA:124,28
DA:126,28
DA:127,28
DA:128,28
DA:131,28
DA:133,28
DA:148,20
DA:167,3
DA:188,3
DA:205,2
DA:206,2
DA:207,3
DA:208,7
DA:209,7
DA:210,7
DA:211,7
DA:215,2
DA:229,6
DA:230,6
DA:231,1
DA:232,1
DA:235,5
DA:236,5
DA:238,0
DA:240,0
DA:241,0
DA:249,0
DA:250,0
DA:252,0
DA:254,0
DA:256,0
DA:257,0
DA:263,0
DA:266,0
DA:267,0
DA:268,0
DA:269,0
DA:270,0
DA:277,0
DA:278,0
DA:280,0
DA:281,0
DA:282,0
DA:283,0
DA:284,0
DA:285,0
DA:288,0
DA:289,0
DA:290,0
DA:296,0
DA:299,0
DA:300,0
DA:301,0
DA:302,0
DA:304,0
DA:305,0
DA:306,0
DA:307,0
DA:308,0
DA:309,0
DA:312,0
DA:313,0
DA:314,0
DA:316,0
DA:317,0
DA:318,0
DA:319,0
DA:321,0
DA:322,0
DA:323,0
DA:324,0
DA:326,0
DA:327,0
DA:328,0
DA:329,0
DA:330,0
DA:334,0
DA:338,0
DA:339,0
DA:340,0
DA:343,0
DA:344,0
DA:345,0
DA:346,0
DA:347,0
DA:349,0
DA:350,0
DA:352,0
DA:353,0
DA:354,0
DA:355,0
DA:357,0
DA:360,0
DA:363,0
DA:370,3
DA:377,7
DA:384,2
DA:385,2
DA:388,1
DA:389,1
DA:394,1
DA:395,1
DA:397,1
DA:404,3
DA:405,3
DA:407,2
DA:409,2
DA:410,2
DA:411,2
DA:414,2
DA:416,2
DA:418,2
DA:425,2
DA:426,2
DA:427,4
DA:428,4
DA:429,4
DA:430,0
DA:434,2
DA:441,2
DA:447,2
DA:454,3
DA:455,3
DA:456,2
DA:457,1
DA:460,1
DA:462,1
DA:463,1
DA:464,1
DA:465,1
DA:469,1
DA:470,1
DA:473,1
DA:475,1
DA:477,2
DA:478,2
DA:487,33
DA:488,33
DA:489,33
DA:491,33
DA:498,33
DA:499,33
DA:501,0
DA:510,0
DA:511,0
DA:512,0
DA:514,0
DA:515,0
DA:516,0
DA:517,0
DA:520,0
DA:521,0
DA:522,0
DA:523,0
DA:526,0
DA:529,0
DA:530,0
DA:531,0
DA:532,0
DA:537,0
DA:538,0
DA:539,0
DA:543,0
DA:544,0
DA:546,0
DA:547,0
DA:555,1
DA:562,2
DA:569,2
DA:576,45
DA:577,45
DA:578,45
DA:581,45
DA:585,1
LF:199
LH:103
BRDA:80,0,0,1
BRDA:119,1,0,0
BRDA:119,1,1,28
BRDA:119,2,0,28
BRDA:119,2,1,28
BRDA:127,3,0,28
BRDA:230,4,0,1
BRDA:236,5,0,5
BRDA:254,6,0,0
BRDA:254,6,1,0
BRDA:254,6,2,0
BRDA:254,6,3,0
BRDA:254,6,4,0
BRDA:254,6,5,0
BRDA:260,7,0,0
BRDA:260,7,1,0
BRDA:261,8,0,0
BRDA:261,8,1,0
BRDA:293,9,0,0
BRDA:293,9,1,0
BRDA:294,10,0,0
BRDA:294,10,1,0
BRDA:299,11,0,0
BRDA:299,11,1,0
BRDA:300,12,0,0
BRDA:300,12,1,0
BRDA:301,13,0,0
BRDA:301,13,1,0
BRDA:302,14,0,0
BRDA:302,14,1,0
BRDA:318,15,0,0
BRDA:318,15,1,0
BRDA:319,16,0,0
BRDA:319,16,1,0
BRDA:343,17,0,0
BRDA:343,18,0,0
BRDA:343,18,1,0
BRDA:350,19,0,0
BRDA:377,20,0,7
BRDA:377,20,1,3
BRDA:385,21,0,1
BRDA:405,22,0,1
BRDA:410,23,0,2
BRDA:429,24,0,0
BRDA:444,25,0,2
BRDA:444,25,1,2
BRDA:456,26,0,1
BRDA:456,27,0,2
BRDA:456,27,1,1
BRDA:464,28,0,1
BRDA:464,29,0,1
BRDA:464,29,1,1
BRDA:488,30,0,33
BRDA:488,30,1,33
BRDA:511,31,0,0
BRDA:511,31,1,0
BRDA:511,31,2,0
BRDA:515,32,0,0
BRDA:521,33,0,0
BRDA:521,34,0,0
BRDA:521,34,1,0
BRDA:531,35,0,0
BRDA:531,36,0,0
BRDA:531,36,1,0
BRDA:538,37,0,0
BRDA:577,38,0,45
BRF:66
BRH:23
end_of_record
TN:
SF:src/services/AuthManager.ts
FN:15,(anonymous_0)
FN:18,(anonymous_1)
FN:24,(anonymous_2)
FN:59,(anonymous_3)
FNF:4
FNH:0
FNDA:0,(anonymous_0)
FNDA:0,(anonymous_1)
FNDA:0,(anonymous_2)
FNDA:0,(anonymous_3)
DA:7,0
DA:10,0
DA:16,0
DA:19,0
DA:20,0
DA:24,0
DA:25,0
DA:26,0
DA:27,0
DA:28,0
DA:31,0
DA:32,0
DA:33,0
DA:34,0
DA:35,0
DA:38,0
DA:41,0
DA:42,0
DA:44,0
DA:49,0
DA:50,0
DA:52,0
DA:54,0
DA:55,0
DA:60,0
DA:64,0
LF:26
LH:0
BRDA:11,0,0,0
BRDA:11,0,1,0
BRDA:12,1,0,0
BRDA:12,1,1,0
BRDA:19,2,0,0
BRDA:19,3,0,0
BRDA:19,3,1,0
BRDA:25,4,0,0
BRDA:32,5,0,0
BRDA:38,6,0,0
BRDA:38,6,1,0
BRDA:38,7,0,0
BRDA:38,7,1,0
BRDA:38,7,2,0
BRDA:38,7,3,0
BRF:15
BRH:0
end_of_record
TN:
SF:src/services/BackendClient.ts
FN:17,(anonymous_0)
FN:21,(anonymous_1)
FN:28,(anonymous_2)
FN:33,(anonymous_3)
FN:38,(anonymous_4)
FN:53,(anonymous_5)
FN:64,(anonymous_6)
FN:79,(anonymous_7)
FN:93,(anonymous_8)
FN:97,(anonymous_9)
FN:101,(anonymous_10)
FN:128,(anonymous_11)
FN:140,(anonymous_12)
FN:149,(anonymous_13)
FN:161,(anonymous_14)
FN:170,(anonymous_15)
FN:187,(anonymous_16)
FN:196,(anonymous_17)
FN:208,(anonymous_18)
FN:217,(anonymous_19)
FN:229,(anonymous_20)
FN:238,(anonymous_21)
FN:254,(anonymous_22)
FN:263,(anonymous_23)
FN:279,(anonymous_24)
FN:288,(anonymous_25)
FN:307,(anonymous_26)
FN:320,(anonymous_27)
FN:333,(anonymous_28)
FN:347,(anonymous_29)
FNF:30
FNH:0
FNDA:0,(anonymous_0)
FNDA:0,(anonymous_1)
FNDA:0,(anonymous_2)
FNDA:0,(anonymous_3)
FNDA:0,(anonymous_4)
FNDA:0,(anonymous_5)
FNDA:0,(anonymous_6)
FNDA:0,(anonymous_7)
FNDA:0,(anonymous_8)
FNDA:0,(anonymous_9)
FNDA:0,(anonymous_10)
FNDA:0,(anonymous_11)
FNDA:0,(anonymous_12)
FNDA:0,(anonymous_13)
FNDA:0,(anonymous_14)
FNDA:0,(anonymous_15)
FNDA:0,(anonymous_16)
FNDA:0,(anonymous_17)
FNDA:0,(anonymous_18)
FNDA:0,(anonymous_19)
FNDA:0,(anonymous_20)
FNDA:0,(anonymous_21)
FNDA:0,(anonymous_22)
FNDA:0,(anonymous_23)
FNDA:0,(anonymous_24)
FNDA:0,(anonymous_25)
FNDA:0,(anonymous_26)
FNDA:0,(anonymous_27)
FNDA:0,(anonymous_28)
FNDA:0,(anonymous_29)
DA:7,0
DA:15,0
DA:18,0
DA:22,0
DA:23,0
DA:24,0
DA:29,0
DA:30,0
DA:34,0
DA:35,0
DA:39,0
DA:47,0
DA:48,0
DA:49,0
DA:50,0
DA:51,0
DA:53,0
DA:54,0
DA:56,0
DA:59,0
DA:60,0
DA:61,0
DA:65,0
DA:73,0
DA:74,0
DA:75,0
DA:76,0
DA:77,0
DA:79,0
DA:80,0
DA:82,0
DA:84,0
DA:85,0
DA:88,0
DA:89,0
DA:90,0
DA:94,0
DA:98,0
DA:105,0
DA:106,0
DA:109,0
DA:115,0
DA:120,0
DA:121,0
DA:122,0
DA:125,0
DA:129,0
DA:134,0
DA:135,0
DA:136,0
DA:137,0
DA:138,0
DA:140,0
DA:141,0
DA:143,0
DA:146,0
DA:150,0
DA:155,0
DA:156,0
DA:157,0
DA:158,0
DA:159,0
DA:161,0
DA:162,0
DA:164,0
DA:167,0
DA:171,0
DA:181,0
DA:182,0
DA:183,0
DA:184,0
DA:185,0
DA:187,0
DA:188,0
DA:190,0
DA:193,0
DA:197,0
DA:202,0
DA:203,0
DA:204,0
DA:205,0
DA:206,0
DA:208,0
DA:209,0
DA:211,0
DA:214,0
DA:218,0
DA:223,0
DA:224,0
DA:225,0
DA:226,0
DA:227,0
DA:229,0
DA:230,0
DA:232,0
DA:235,0
DA:239,0
DA:248,0
DA:249,0
DA:250,0
DA:251,0
DA:252,0
DA:254,0
DA:255,0
DA:257,0
DA:260,0
DA:264,0
DA:273,0
DA:274,0
DA:275,0
DA:276,0
DA:277,0
DA:279,0
DA:280,0
DA:282,0
DA:285,0
DA:289,0
DA:299,0
DA:300,0
DA:301,0
DA:304,0
DA:308,0
DA:312,0
DA:313,0
DA:314,0
DA:317,0
DA:321,0
DA:325,0
DA:326,0
DA:327,0
DA:330,0
DA:334,0
DA:338,0
DA:339,0
DA:340,0
DA:348,0
DA:349,0
DA:353,0
DA:355,0
DA:360,0
LF:140
LH:0
BRDA:7,0,0,0
BRDA:7,0,1,0
BRDA:23,1,0,0
BRDA:47,2,0,0
BRDA:51,3,0,0
BRDA:51,3,1,0
BRDA:51,3,2,0
BRDA:54,4,0,0
BRDA:54,4,1,0
BRDA:73,5,0,0
BRDA:77,6,0,0
BRDA:77,6,1,0
BRDA:77,6,2,0
BRDA:80,7,0,0
BRDA:80,7,1,0
BRDA:103,8,0,0
BRDA:105,9,0,0
BRDA:120,10,0,0
BRDA:134,11,0,0
BRDA:138,12,0,0
BRDA:138,12,1,0
BRDA:138,12,2,0
BRDA:141,13,0,0
BRDA:141,13,1,0
BRDA:155,14,0,0
BRDA:159,15,0,0
BRDA:159,15,1,0
BRDA:159,15,2,0
BRDA:162,16,0,0
BRDA:162,16,1,0
BRDA:181,17,0,0
BRDA:185,18,0,0
BRDA:185,18,1,0
BRDA:185,18,2,0
BRDA:188,19,0,0
BRDA:188,19,1,0
BRDA:202,20,0,0
BRDA:206,21,0,0
BRDA:206,21,1,0
BRDA:206,21,2,0
BRDA:209,22,0,0
BRDA:209,22,1,0
BRDA:223,23,0,0
BRDA:227,24,0,0
BRDA:227,24,1,0
BRDA:227,24,2,0
BRDA:230,25,0,0
BRDA:230,25,1,0
BRDA:248,26,0,0
BRDA:252,27,0,0
BRDA:252,27,1,0
BRDA:252,27,2,0
BRDA:255,28,0,0
BRDA:255,28,1,0
BRDA:273,29,0,0
BRDA:277,30,0,0
BRDA:277,30,1,0
BRDA:277,30,2,0
BRDA:280,31,0,0
BRDA:280,31,1,0
BRDA:299,32,0,0
BRDA:301,33,0,0
BRDA:301,33,1,0
BRDA:312,34,0,0
BRDA:314,35,0,0
BRDA:314,35,1,0
BRDA:325,36,0,0
BRDA:327,37,0,0
BRDA:327,37,1,0
BRDA:338,38,0,0
BRDA:340,39,0,0
BRDA:340,39,1,0
BRF:72
BRH:0
end_of_record
TN:
SF:src/services/BackendProxyService.ts
FN:64,(anonymous_0)
FN:68,(anonymous_1)
FN:81,(anonymous_2)
FN:93,(anonymous_3)
FN:97,(anonymous_4)
FN:110,(anonymous_5)
FN:116,(anonymous_6)
FN:125,(anonymous_7)
FN:130,(anonymous_8)
FN:160,(anonymous_9)
FN:174,(anonymous_10)
FN:184,(anonymous_11)
FN:193,(anonymous_12)
FN:203,(anonymous_13)
FN:217,(anonymous_14)
FN:281,(anonymous_15)
FN:293,(anonymous_16)
FN:331,(anonymous_17)
FN:344,(anonymous_18)
FN:357,(anonymous_19)
FN:370,(anonymous_20)
FN:381,(anonymous_21)
FN:397,(anonymous_22)
FN:398,(anonymous_23)
FN:415,(anonymous_24)
FN:437,(anonymous_25)
FN:444,(anonymous_26)
FN:454,(anonymous_27)
FN:467,(anonymous_28)
FN:477,(anonymous_29)
FN:478,(anonymous_30)
FN:479,(anonymous_31)
FN:495,(anonymous_32)
FNF:33
FNH:31
FNDA:1,(anonymous_0)
FNDA:17,(anonymous_1)
FNDA:22,(anonymous_2)
FNDA:32,(anonymous_3)
FNDA:1,(anonymous_4)
FNDA:32,(anonymous_5)
FNDA:31,(anonymous_6)
FNDA:0,(anonymous_7)
FNDA:31,(anonymous_8)
FNDA:36,(anonymous_9)
FNDA:43,(anonymous_10)
FNDA:35,(anonymous_11)
FNDA:2,(anonymous_12)
FNDA:31,(anonymous_13)
FNDA:0,(anonymous_14)
FNDA:4,(anonymous_15)
FNDA:28,(anonymous_16)
FNDA:14,(anonymous_17)
FNDA:3,(anonymous_18)
FNDA:1,(anonymous_19)
FNDA:1,(anonymous_20)
FNDA:1,(anonymous_21)
FNDA:2,(anonymous_22)
FNDA:2,(anonymous_23)
FNDA:2,(anonymous_24)
FNDA:32,(anonymous_25)
FNDA:1,(anonymous_26)
FNDA:1,(anonymous_27)
FNDA:2,(anonymous_28)
FNDA:2,(anonymous_29)
FNDA:6,(anonymous_30)
FNDA:1,(anonymous_31)
FNDA:3,(anonymous_32)
DA:65,1
DA:66,1
DA:69,17
DA:70,0
DA:71,0
DA:74,17
DA:82,22
DA:83,22
DA:85,1
DA:86,0
DA:87,0
DA:90,1
DA:94,32
DA:98,1
DA:111,32
DA:112,32
DA:113,32
DA:117,31
DA:119,31
DA:120,31
DA:121,31
DA:124,0
DA:125,0
DA:126,0
DA:127,0
DA:131,31
DA:132,31
DA:133,31
DA:137,31
DA:141,1
DA:161,36
DA:166,36
DA:167,32
DA:175,43
DA:176,43
DA:177,43
DA:178,43
DA:185,35
DA:186,35
DA:188,35
DA:189,34
DA:192,1
DA:193,1
DA:194,2
DA:197,1
DA:207,31
DA:208,31
DA:209,31
DA:211,31
DA:212,31
DA:213,31
DA:216,31
DA:217,31
DA:219,31
DA:229,25
DA:231,25
DA:233,2
DA:234,2
DA:235,2
DA:236,2
DA:237,0
DA:238,0
DA:239,2
DA:240,2
DA:242,2
DA:243,0
DA:249,2
DA:252,23
DA:255,23
DA:256,22
DA:257,1
DA:258,1
DA:260,0
DA:263,23
DA:265,23
DA:275,8
DA:277,8
DA:278,4
DA:279,4
DA:281,4
DA:282,4
DA:285,4
DA:286,4
DA:294,28
DA:299,22
DA:300,22
DA:302,22
DA:303,1
DA:311,27
DA:313,23
DA:320,17
DA:321,17
DA:322,17
DA:325,23
DA:336,14
DA:349,3
DA:362,1
DA:374,1
DA:386,1
DA:398,2
DA:399,2
DA:406,2
DA:407,2
DA:416,2
DA:417,2
DA:419,2
DA:420,2
DA:421,2
DA:423,2
DA:424,2
DA:425,2
DA:427,0
DA:431,2
DA:438,32
DA:445,1
DA:455,1
DA:468,2
DA:469,0
DA:471,2
DA:478,2
DA:479,6
DA:489,2
DA:496,3
DA:498,3
DA:499,3
DA:500,2
DA:502,1
DA:507,1
LF:128
LH:114
BRDA:69,0,0,0
BRDA:83,1,0,21
BRDA:85,2,0,0
BRDA:119,3,0,31
BRDA:166,4,0,32
BRDA:176,5,0,2
BRDA:176,5,1,41
BRDA:177,6,0,0
BRDA:177,6,1,43
BRDA:185,7,0,35
BRDA:185,7,1,0
BRDA:186,8,0,4
BRDA:186,8,1,31
BRDA:188,9,0,34
BRDA:188,10,0,35
BRDA:188,10,1,2
BRDA:205,11,0,27
BRDA:209,12,0,31
BRDA:209,12,1,31
BRDA:209,12,2,0
BRDA:212,13,0,31
BRDA:225,14,0,5
BRDA:225,14,1,26
BRDA:231,15,0,2
BRDA:236,16,0,0
BRDA:236,16,1,2
BRDA:238,17,0,0
BRDA:238,17,1,0
BRDA:238,17,2,0
BRDA:239,18,0,2
BRDA:242,19,0,0
BRDA:242,20,0,2
BRDA:242,20,1,2
BRDA:255,21,0,22
BRDA:255,21,1,1
BRDA:257,22,0,1
BRDA:257,22,1,0
BRDA:275,23,0,8
BRDA:275,23,1,0
BRDA:277,24,0,4
BRDA:277,25,0,8
BRDA:277,25,1,0
BRDA:278,26,0,4
BRDA:278,26,1,0
BRDA:294,27,0,22
BRDA:295,28,0,28
BRDA:295,28,1,28
BRDA:295,28,2,28
BRDA:302,29,0,1
BRDA:313,30,0,17
BRDA:314,31,0,23
BRDA:314,31,1,23
BRDA:314,31,2,23
BRDA:314,31,3,17
BRDA:314,31,4,17
BRDA:321,32,0,17
BRDA:321,32,1,0
BRDA:406,33,0,2
BRDA:416,34,0,0
BRDA:421,35,0,0
BRDA:468,36,0,0
BRDA:496,37,0,3
BRDA:496,37,1,2
BRDA:500,38,0,2
BRDA:500,38,1,2
BRF:65
BRH:47
end_of_record
TN:
SF:src/services/CitationService.ts
FN:45,(anonymous_0)
FN:125,(anonymous_1)
FN:132,(anonymous_2)
FN:146,(anonymous_3)
FN:151,(anonymous_4)
FN:152,(anonymous_5)
FN:153,(anonymous_6)
FN:154,(anonymous_7)
FN:168,(anonymous_8)
FN:178,(anonymous_9)
FN:187,(anonymous_10)
FN:197,(anonymous_11)
FN:247,(anonymous_12)
FN:263,(anonymous_13)
FN:280,(anonymous_14)
FN:283,(anonymous_15)
FN:300,(anonymous_16)
FN:307,(anonymous_17)
FN:308,(anonymous_18)
FN:314,(anonymous_19)
FN:315,(anonymous_20)
FN:324,(anonymous_21)
FN:350,(anonymous_22)
FN:361,(anonymous_23)
FN:379,(anonymous_24)
FN:388,(anonymous_25)
FN:411,(anonymous_26)
FN:434,(anonymous_27)
FN:472,(anonymous_28)
FN:485,(anonymous_29)
FN:487,(anonymous_30)
FN:502,(anonymous_31)
FN:547,(anonymous_32)
FN:557,(anonymous_33)
FN:568,(anonymous_34)
FN:570,(anonymous_35)
FNF:36
FNH:0
FNDA:0,(anonymous_0)
FNDA:0,(anonymous_1)
FNDA:0,(anonymous_2)
FNDA:0,(anonymous_3)
FNDA:0,(anonymous_4)
FNDA:0,(anonymous_5)
FNDA:0,(anonymous_6)
FNDA:0,(anonymous_7)
FNDA:0,(anonymous_8)
FNDA:0,(anonymous_9)
FNDA:0,(anonymous_10)
FNDA:0,(anonymous_11)
FNDA:0,(anonymous_12)
FNDA:0,(anonymous_13)
FNDA:0,(anonymous_14)
FNDA:0,(anonymous_15)
FNDA:0,(anonymous_16)
FNDA:0,(anonymous_17)
FNDA:0,(anonymous_18)
FNDA:0,(anonymous_19)
FNDA:0,(anonymous_20)
FNDA:0,(anonymous_21)
FNDA:0,(anonymous_22)
FNDA:0,(anonymous_23)
FNDA:0,(anonymous_24)
FNDA:0,(anonymous_25)
FNDA:0,(anonymous_26)
FNDA:0,(anonymous_27)
FNDA:0,(anonymous_28)
FNDA:0,(anonymous_29)
FNDA:0,(anonymous_30)
FNDA:0,(anonymous_31)
FNDA:0,(anonymous_32)
FNDA:0,(anonymous_33)
FNDA:0,(anonymous_34)
FNDA:0,(anonymous_35)
DA:39,1
DA:45,1
DA:46,0
DA:125,1
DA:129,0
DA:130,0
DA:132,0
DA:146,1
DA:147,0
DA:148,0
DA:151,0
DA:152,0
DA:153,0
DA:154,0
DA:156,0
DA:168,1
DA:170,0
DA:178,1
DA:182,0
DA:184,0
DA:187,0
DA:191,0
DA:194,0
DA:195,0
DA:197,0
DA:198,0
DA:199,0
DA:202,0
DA:203,0
DA:204,0
DA:207,0
DA:208,0
DA:209,0
DA:210,0
DA:211,0
DA:214,0
DA:216,0
DA:219,0
DA:220,0
DA:221,0
DA:223,0
DA:237,0
DA:247,1
DA:250,0
DA:251,0
DA:253,0
DA:255,0
DA:256,0
DA:258,0
DA:259,0
DA:260,0
DA:263,0
DA:264,0
DA:265,0
DA:268,0
DA:271,0
DA:272,0
DA:280,1
DA:281,0
DA:283,0
DA:284,0
DA:293,0
DA:294,0
DA:300,1
DA:301,0
DA:307,1
DA:308,0
DA:314,1
DA:315,0
DA:324,1
DA:328,0
DA:329,0
DA:331,0
DA:332,0
DA:335,0
DA:336,0
DA:337,0
DA:340,0
DA:341,0
DA:344,0
DA:350,1
DA:355,0
DA:357,0
DA:361,0
DA:362,0
DA:363,0
DA:367,0
DA:368,0
DA:369,0
DA:371,0
DA:373,0
DA:379,1
DA:384,0
DA:386,0
DA:388,0
DA:403,0
DA:411,1
DA:416,0
DA:418,0
DA:419,0
DA:420,0
DA:428,0
DA:429,0
DA:430,0
DA:433,0
DA:434,0
DA:437,0
DA:438,0
DA:442,0
DA:446,0
DA:456,0
DA:457,0
DA:472,1
DA:477,0
DA:478,0
DA:479,0
DA:480,0
DA:484,0
DA:485,0
DA:487,0
DA:488,0
DA:493,0
DA:502,1
DA:504,0
DA:505,0
DA:506,0
DA:510,0
DA:511,0
DA:512,0
DA:513,0
DA:516,0
DA:517,0
DA:520,0
DA:523,0
DA:524,0
DA:525,0
DA:526,0
DA:528,0
DA:529,0
DA:530,0
DA:531,0
DA:533,0
DA:534,0
DA:537,0
DA:538,0
DA:539,0
DA:541,0
DA:547,1
DA:550,0
DA:557,1
DA:562,0
DA:563,0
DA:564,0
DA:565,0
DA:568,0
DA:570,0
DA:571,0
DA:578,1
LF:158
LH:20
BRDA:139,0,0,0
BRDA:139,0,1,0
BRDA:147,1,0,0
BRDA:184,2,0,0
BRDA:191,3,0,0
BRDA:191,3,1,0
BRDA:199,4,0,0
BRDA:207,5,0,0
BRDA:207,5,1,0
BRDA:214,6,0,0
BRDA:230,7,0,0
BRDA:230,7,1,0
BRDA:230,7,2,0
BRDA:231,8,0,0
BRDA:231,8,1,0
BRDA:301,9,0,0
BRDA:301,9,1,0
BRDA:326,10,0,0
BRDA:335,11,0,0
BRDA:353,12,0,0
BRDA:355,13,0,0
BRDA:362,14,0,0
BRDA:381,15,0,0
BRDA:382,16,0,0
BRDA:418,17,0,0
BRDA:433,18,0,0
BRDA:433,18,1,0
BRDA:437,19,0,0
BRDA:437,20,0,0
BRDA:437,20,1,0
BRDA:442,21,0,0
BRDA:442,21,1,0
BRDA:444,22,0,0
BRDA:444,22,1,0
BRDA:449,23,0,0
BRDA:449,23,1,0
BRDA:451,24,0,0
BRDA:451,24,1,0
BRDA:452,25,0,0
BRDA:452,25,1,0
BRDA:453,26,0,0
BRDA:453,26,1,0
BRDA:478,27,0,0
BRDA:484,28,0,0
BRDA:484,28,1,0
BRDA:504,29,0,0
BRDA:511,30,0,0
BRDA:517,31,0,0
BRDA:563,32,0,0
BRF:49
BRH:0
end_of_record
TN:
SF:src/services/ExportManager.ts
FN:23,(anonymous_0)
FN:35,(anonymous_1)
FN:55,(anonymous_2)
FN:66,(anonymous_3)
FN:79,(anonymous_4)
FN:81,(anonymous_5)
FN:93,(anonymous_6)
FN:99,(anonymous_7)
FN:101,(anonymous_8)
FN:105,(anonymous_9)
FN:116,(anonymous_10)
FN:137,(anonymous_11)
FN:149,(anonymous_12)
FN:167,(anonymous_13)
FN:168,(anonymous_14)
FN:179,(anonymous_15)
FN:185,(anonymous_16)
FN:206,(anonymous_17)
FN:214,(anonymous_18)
FN:227,(anonymous_19)
FN:241,(anonymous_20)
FN:247,(anonymous_21)
FN:256,(anonymous_22)
FN:260,(anonymous_23)
FN:274,(anonymous_24)
FN:282,(anonymous_25)
FN:289,exportJSON
FN:293,exportCSV
FN:297,exportExcel
FN:301,exportAudit
FN:305,exportAnnotatedPDF
FN:309,exportProvenance
FNF:32
FNH:0
FNDA:0,(anonymous_0)
FNDA:0,(anonymous_1)
FNDA:0,(anonymous_2)
FNDA:0,(anonymous_3)
FNDA:0,(anonymous_4)
FNDA:0,(anonymous_5)
FNDA:0,(anonymous_6)
FNDA:0,(anonymous_7)
FNDA:0,(anonymous_8)
FNDA:0,(anonymous_9)
FNDA:0,(anonymous_10)
FNDA:0,(anonymous_11)
FNDA:0,(anonymous_12)
FNDA:0,(anonymous_13)
FNDA:0,(anonymous_14)
FNDA:0,(anonymous_15)
FNDA:0,(anonymous_16)
FNDA:0,(anonymous_17)
FNDA:0,(anonymous_18)
FNDA:0,(anonymous_19)
FNDA:0,(anonymous_20)
FNDA:0,(anonymous_21)
FNDA:0,(anonymous_22)
FNDA:0,(anonymous_23)
FNDA:0,(anonymous_24)
FNDA:0,(anonymous_25)
FNDA:0,exportJSON
FNDA:0,exportCSV
FNDA:0,exportExcel
FNDA:0,exportAudit
FNDA:0,exportAnnotatedPDF
FNDA:0,exportProvenance
DA:6,0
DA:7,0
DA:8,0
DA:9,0
DA:10,0
DA:17,0
DA:24,0
DA:25,0
DA:26,0
DA:29,0
DA:35,0
DA:55,0
DA:66,0
DA:70,0
DA:71,0
DA:72,0
DA:80,0
DA:81,0
DA:82,0
DA:84,0
DA:85,0
DA:86,0
DA:94,0
DA:96,0
DA:97,0
DA:98,0
DA:99,0
DA:100,0
DA:101,0
DA:102,0
DA:103,0
DA:104,0
DA:105,0
DA:106,0
DA:117,0
DA:118,0
DA:119,0
DA:122,0
DA:125,0
DA:137,0
DA:138,0
DA:141,0
DA:142,0
DA:145,0
DA:149,0
DA:150,0
DA:163,0
DA:164,0
DA:167,0
DA:168,0
DA:169,0
DA:170,0
DA:173,0
DA:179,0
DA:185,0
DA:186,0
DA:189,0
DA:190,0
DA:193,0
DA:194,0
DA:198,0
DA:199,0
DA:207,0
DA:215,0
DA:216,0
DA:217,0
DA:219,0
DA:227,0
DA:241,0
DA:247,0
DA:257,0
DA:258,0
DA:260,0
DA:264,0
DA:265,0
DA:266,0
DA:275,0
DA:276,0
DA:277,0
DA:278,0
DA:279,0
DA:280,0
DA:281,0
DA:282,0
DA:289,0
DA:290,0
DA:293,0
DA:294,0
DA:297,0
DA:298,0
DA:301,0
DA:302,0
DA:305,0
DA:306,0
DA:309,0
DA:310,0
DA:313,0
LF:97
LH:0
BRDA:39,0,0,0
BRDA:39,0,1,0
BRDA:40,1,0,0
BRDA:40,1,1,0
BRDA:41,2,0,0
BRDA:41,2,1,0
BRDA:42,3,0,0
BRDA:42,3,1,0
BRDA:53,4,0,0
BRDA:53,4,1,0
BRDA:55,5,0,0
BRDA:55,5,1,0
BRDA:63,6,0,0
BRDA:63,6,1,0
BRDA:64,7,0,0
BRDA:64,7,1,0
BRDA:169,8,0,0
BRDA:169,8,1,0
BRDA:223,9,0,0
BRDA:223,9,1,0
BRDA:241,10,0,0
BRDA:241,10,1,0
BRDA:247,11,0,0
BRDA:247,11,1,0
BRDA:257,12,0,0
BRDA:257,12,1,0
BRDA:265,13,0,0
BRDA:265,13,1,0
BRF:28
BRH:0
end_of_record
TN:
SF:src/services/FigureExtractor.ts
FN:43,(anonymous_0)
FN:54,(anonymous_1)
FN:148,(anonymous_2)
FN:168,(anonymous_3)
FN:189,(anonymous_4)
FNF:5
FNH:0
FNDA:0,(anonymous_0)
FNDA:0,(anonymous_1)
FNDA:0,(anonymous_2)
FNDA:0,(anonymous_3)
FNDA:0,(anonymous_4)
DA:45,0
DA:58,0
DA:69,0
DA:70,0
DA:72,0
DA:74,0
DA:75,0
DA:78,0
DA:79,0
DA:81,0
DA:82,0
DA:84,0
DA:85,0
DA:86,0
DA:88,0
DA:89,0
DA:90,0
DA:94,0
DA:96,0
DA:97,0
DA:100,0
DA:110,0
DA:111,0
DA:114,0
DA:116,0
DA:132,0
DA:137,0
DA:140,0
DA:142,0
DA:149,0
DA:151,0
DA:153,0
DA:156,0
DA:157,0
DA:161,0
DA:169,0
DA:170,0
DA:173,0
DA:177,0
DA:180,0
DA:182,0
DA:190,0
DA:191,0
DA:192,0
DA:193,0
DA:195,0
DA:196,0
DA:199,0
DA:201,0
DA:202,0
DA:203,0
DA:204,0
DA:205,0
DA:206,0
DA:209,0
DA:211,0
DA:213,0
DA:215,0
DA:217,0
DA:218,0
DA:219,0
DA:220,0
DA:221,0
DA:227,0
DA:228,0
DA:230,0
DA:231,0
DA:233,0
DA:235,0
DA:236,0
DA:237,0
DA:240,0
DA:241,0
DA:242,0
DA:243,0
DA:245,0
DA:249,0
DA:250,0
DA:255,0
LF:79
LH:0
BRDA:75,0,0,0
BRDA:75,0,1,0
BRDA:81,1,0,0
BRDA:88,2,0,0
BRDA:96,3,0,0
BRDA:96,4,0,0
BRDA:96,4,1,0
BRDA:96,4,2,0
BRDA:106,5,0,0
BRDA:106,5,1,0
BRDA:110,6,0,0
BRDA:156,7,0,0
BRDA:156,8,0,0
BRDA:156,8,1,0
BRDA:173,9,0,0
BRDA:173,9,1,0
BRDA:177,10,0,0
BRDA:177,10,1,0
BRDA:180,11,0,0
BRDA:180,11,1,0
BRDA:182,12,0,0
BRDA:182,12,1,0
BRDA:182,12,2,0
BRDA:199,13,0,0
BRDA:199,13,1,0
BRDA:209,14,0,0
BRDA:209,14,1,0
BRDA:211,15,0,0
BRDA:211,15,1,0
BRDA:215,16,0,0
BRDA:233,17,0,0
BRDA:233,17,1,0
BRDA:235,18,0,0
BRDA:235,18,1,0
BRDA:236,19,0,0
BRDA:236,19,1,0
BRDA:237,20,0,0
BRDA:237,20,1,0
BRDA:240,21,0,0
BRDA:240,21,1,0
BRF:40
BRH:0
end_of_record
TN:
SF:src/services/MedicalAgentBridge.ts
FN:94,initializeGeminiFallback
FN:124,ensureGeminiInitialized
FN:221,(anonymous_2)
FN:228,(anonymous_3)
FN:243,(anonymous_4)
FN:287,(anonymous_5)
FN:302,(anonymous_6)
FN:344,(anonymous_7)
FN:359,(anonymous_8)
FN:381,(anonymous_9)
FN:411,(anonymous_10)
FN:420,(anonymous_11)
FNF:12
FNH:0
FNDA:0,initializeGeminiFallback
FNDA:0,ensureGeminiInitialized
FNDA:0,(anonymous_2)
FNDA:0,(anonymous_3)
FNDA:0,(anonymous_4)
FNDA:0,(anonymous_5)
FNDA:0,(anonymous_6)
FNDA:0,(anonymous_7)
FNDA:0,(anonymous_8)
FNDA:0,(anonymous_9)
FNDA:0,(anonymous_10)
FNDA:0,(anonymous_11)
DA:12,0
DA:13,0
DA:88,0
DA:95,0
DA:98,0
DA:100,0
DA:101,0
DA:102,0
DA:103,0
DA:104,0
DA:105,0
DA:106,0
DA:107,0
DA:109,0
DA:110,0
DA:114,0
DA:117,0
DA:118,0
DA:123,0
DA:125,0
DA:126,0
DA:127,0
DA:130,0
DA:131,0
DA:133,0
DA:138,0
DA:234,0
DA:236,0
DA:238,0
DA:243,0
DA:244,0
DA:246,0
DA:247,0
DA:248,0
DA:251,0
DA:252,0
DA:256,0
DA:260,0
DA:262,0
DA:273,0
DA:274,0
DA:292,0
DA:294,0
DA:296,0
DA:297,0
DA:298,0
DA:302,0
DA:308,0
DA:309,0
DA:318,0
DA:345,0
DA:346,0
DA:347,0
DA:350,0
DA:351,0
DA:353,0
DA:361,0
DA:362,0
DA:365,0
DA:366,0
DA:369,0
DA:370,0
DA:371,0
DA:372,0
DA:374,0
DA:386,0
DA:388,0
DA:390,0
DA:398,0
DA:400,0
DA:417,0
DA:419,0
DA:420,0
DA:423,0
DA:428,0
DA:429,0
LF:76
LH:0
BRDA:100,0,0,0
BRDA:100,0,1,0
BRDA:100,1,0,0
BRDA:100,1,1,0
BRDA:102,2,0,0
BRDA:102,2,1,0
BRDA:103,3,0,0
BRDA:103,3,1,0
BRDA:125,4,0,0
BRDA:125,5,0,0
BRDA:125,5,1,0
BRDA:130,6,0,0
BRDA:130,7,0,0
BRDA:130,7,1,0
BRDA:130,7,2,0
BRDA:246,8,0,0
BRDA:246,8,1,0
BRDA:246,9,0,0
BRDA:246,9,1,0
BRDA:267,10,0,0
BRDA:267,10,1,0
BRDA:269,11,0,0
BRDA:269,11,1,0
BRDA:296,12,0,0
BRDA:296,12,1,0
BRDA:346,13,0,0
BRDA:350,14,0,0
BRDA:350,14,1,0
BRDA:361,15,0,0
BRDA:365,16,0,0
BRDA:391,17,0,0
BRDA:391,17,1,0
BRDA:392,18,0,0
BRDA:392,18,1,0
BRDA:393,19,0,0
BRDA:393,19,1,0
BRF:36
BRH:0
end_of_record
TN:
SF:src/services/SamplePDFService.ts
FN:81,(anonymous_0)
FN:100,(anonymous_1)
FN:101,(anonymous_2)
FN:123,(anonymous_3)
FN:159,(anonymous_4)
FN:172,(anonymous_5)
FN:200,(anonymous_6)
FNF:7
FNH:0
FNDA:0,(anonymous_0)
FNDA:0,(anonymous_1)
FNDA:0,(anonymous_2)
FNDA:0,(anonymous_3)
FNDA:0,(anonymous_4)
FNDA:0,(anonymous_5)
FNDA:0,(anonymous_6)
DA:15,0
DA:16,0
DA:40,0
DA:51,0
DA:62,0
DA:75,0
DA:82,0
DA:83,0
DA:84,0
DA:87,0
DA:88,0
DA:90,0
DA:92,0
DA:93,0
DA:94,0
DA:97,0
DA:99,0
DA:100,0
DA:101,0
DA:107,0
DA:110,0
DA:111,0
DA:124,0
DA:125,0
DA:127,0
DA:128,0
DA:129,0
DA:130,0
DA:131,0
DA:133,0
DA:134,0
DA:137,0
DA:138,0
DA:141,0
DA:144,0
DA:145,0
DA:148,0
DA:149,0
DA:160,0
DA:161,0
DA:162,0
DA:167,0
DA:168,0
DA:169,0
DA:171,0
DA:172,0
DA:174,0
DA:175,0
DA:178,0
DA:179,0
DA:182,0
DA:183,0
DA:185,0
DA:188,0
DA:189,0
DA:190,0
DA:191,0
DA:201,0
DA:205,0
LF:59
LH:0
BRDA:41,0,0,0
BRDA:41,0,1,0
BRDA:42,1,0,0
BRDA:42,1,1,0
BRDA:43,2,0,0
BRDA:43,2,1,0
BRDA:44,3,0,0
BRDA:44,3,1,0
BRDA:82,4,0,0
BRDA:92,5,0,0
BRDA:100,6,0,0
BRDA:100,6,1,0
BRDA:107,7,0,0
BRDA:107,7,1,0
BRDA:127,8,0,0
BRDA:128,9,0,0
BRDA:128,10,0,0
BRDA:128,10,1,0
BRDA:133,11,0,0
BRDA:161,12,0,0
BRDA:161,12,1,0
BRDA:167,13,0,0
BRDA:167,13,1,0
BRDA:167,14,0,0
BRDA:167,14,1,0
BRDA:169,15,0,0
BRDA:169,15,1,0
BRDA:174,16,0,0
BRDA:189,17,0,0
BRDA:189,17,1,0
BRF:30
BRH:0
end_of_record
TN:
SF:src/services/SearchService.ts
FN:31,(anonymous_0)
FN:55,(anonymous_1)
FN:94,(anonymous_2)
FN:106,(anonymous_3)
FN:121,(anonymous_4)
FN:132,(anonymous_5)
FN:140,(anonymous_6)
FN:152,(anonymous_7)
FN:153,(anonymous_8)
FN:166,(anonymous_9)
FN:169,(anonymous_10)
FN:204,(anonymous_11)
FNF:12
FNH:0
FNDA:0,(anonymous_0)
FNDA:0,(anonymous_1)
FNDA:0,(anonymous_2)
FNDA:0,(anonymous_3)
FNDA:0,(anonymous_4)
FNDA:0,(anonymous_5)
FNDA:0,(anonymous_6)
FNDA:0,(anonymous_7)
FNDA:0,(anonymous_8)
FNDA:0,(anonymous_9)
FNDA:0,(anonymous_10)
FNDA:0,(anonymous_11)
DA:7,0
DA:23,0
DA:32,0
DA:33,0
DA:34,0
DA:37,0
DA:38,0
DA:39,0
DA:40,0
DA:43,0
DA:44,0
DA:46,0
DA:47,0
DA:49,0
DA:50,0
DA:51,0
DA:52,0
DA:54,0
DA:55,0
DA:58,0
DA:59,0
DA:61,0
DA:62,0
DA:64,0
DA:66,0
DA:67,0
DA:68,0
DA:70,0
DA:77,0
DA:80,0
DA:84,0
DA:85,0
DA:88,0
DA:95,0
DA:96,0
DA:99,0
DA:100,0
DA:107,0
DA:108,0
DA:111,0
DA:115,0
DA:122,0
DA:123,0
DA:126,0
DA:133,0
DA:134,0
DA:135,0
DA:137,0
DA:138,0
DA:140,0
DA:141,0
DA:142,0
DA:146,0
DA:153,0
DA:155,0
DA:156,0
DA:159,0
DA:160,0
DA:161,0
DA:164,0
DA:166,0
DA:167,0
DA:169,0
DA:170,0
DA:172,0
DA:173,0
DA:174,0
DA:175,0
DA:176,0
DA:177,0
DA:178,0
DA:180,0
DA:181,0
DA:183,0
DA:184,0
DA:185,0
DA:186,0
DA:188,0
DA:190,0
DA:198,0
DA:210,0
DA:219,0
LF:82
LH:0
BRDA:32,0,0,0
BRDA:32,1,0,0
BRDA:32,1,1,0
BRDA:38,2,0,0
BRDA:64,3,0,0
BRDA:84,4,0,0
BRDA:95,5,0,0
BRDA:107,6,0,0
BRDA:122,7,0,0
BRDA:122,8,0,0
BRDA:122,8,1,0
BRDA:141,9,0,0
BRDA:141,10,0,0
BRDA:141,10,1,0
BRDA:155,11,0,0
BRDA:160,12,0,0
BRDA:170,13,0,0
BRDA:170,13,1,0
BRDA:172,14,0,0
BRF:19
BRH:0
end_of_record
TN:
SF:src/services/SemanticSearchService.ts
FN:47,levenshteinDistance
FN:77,calculateSimilarity
FN:91,buildInvertedIndex
FN:93,(anonymous_3)
FN:95,(anonymous_4)
FN:108,calculateTFIDF
FN:126,extractContext
FN:141,findMatches
FN:158,expandQuery
FN:191,(anonymous_9)
FN:228,(anonymous_10)
FN:312,(anonymous_11)
FN:323,(anonymous_12)
FN:331,(anonymous_13)
FN:341,(anonymous_14)
FN:350,(anonymous_15)
FN:357,(anonymous_16)
FN:364,(anonymous_17)
FNF:18
FNH:18
FNDA:1600,levenshteinDistance
FNDA:1600,calculateSimilarity
FNDA:44,buildInvertedIndex
FNDA:175,(anonymous_3)
FNDA:1177,(anonymous_4)
FNDA:52,calculateTFIDF
FNDA:46,extractContext
FNDA:394,findMatches
FNDA:42,expandQuery
FNDA:46,(anonymous_9)
FNDA:175,(anonymous_10)
FNDA:48,(anonymous_11)
FNDA:4,(anonymous_12)
FNDA:3,(anonymous_13)
FNDA:18,(anonymous_14)
FNDA:27,(anonymous_15)
FNDA:2,(anonymous_16)
FNDA:27,(anonymous_17)
DA:17,1
DA:48,1600
DA:49,1600
DA:50,1600
DA:52,1600
DA:53,11856
DA:56,1600
DA:57,12573
DA:60,1600
DA:61,10256
DA:62,70197
DA:63,70197
DA:71,1600
DA:78,1600
DA:79,1600
DA:81,1600
DA:82,1600
DA:92,44
DA:93,44
DA:94,175
DA:95,175
DA:96,1177
DA:97,1131
DA:99,1177
DA:102,44
DA:114,52
DA:115,52
DA:117,52
DA:118,52
DA:120,52
DA:127,46
DA:128,46
DA:130,46
DA:132,46
DA:133,46
DA:135,46
DA:142,394
DA:143,394
DA:144,394
DA:146,394
DA:147,394
DA:148,55
DA:149,55
DA:152,394
DA:159,42
DA:172,42
DA:173,42
DA:175,42
DA:176,14
DA:181,42
DA:184,1
DA:195,46
DA:196,1
DA:205,45
DA:207,45
DA:208,45
DA:210,45
DA:211,1
DA:212,1
DA:215,44
DA:216,43
DA:217,43
DA:218,5
DA:224,44
DA:225,44
DA:227,44
DA:228,175
DA:232,44
DA:234,44
DA:235,175
DA:236,1
DA:239,174
DA:240,174
DA:241,174
DA:243,174
DA:244,394
DA:245,394
DA:246,52
DA:247,52
DA:250,52
DA:251,52
DA:253,52
DA:254,52
DA:255,52
DA:256,52
DA:257,0
DA:259,0
DA:263,394
DA:264,242
DA:265,242
DA:266,242
DA:267,1600
DA:268,1600
DA:269,1600
DA:272,1600
DA:273,1600
DA:274,1600
DA:275,1600
DA:277,1600
DA:278,4
DA:279,4
DA:280,4
DA:281,4
DA:282,4
DA:290,174
DA:291,46
DA:292,46
DA:299,46
DA:312,48
DA:313,44
DA:315,44
DA:317,44
DA:324,4
DA:325,2
DA:328,2
DA:330,2
DA:331,3
DA:335,2
DA:340,2
DA:341,18
DA:344,2
DA:351,27
DA:358,2
DA:365,27
DA:369,1
LF:125
LH:123
BRDA:62,0,0,3958
BRDA:62,0,1,66239
BRDA:79,1,0,0
BRDA:96,2,0,1131
BRDA:114,3,0,52
BRDA:114,3,1,0
BRDA:117,4,0,52
BRDA:117,4,1,20
BRDA:132,5,0,0
BRDA:133,6,0,0
BRDA:175,7,0,14
BRDA:193,8,0,37
BRDA:195,9,0,1
BRDA:195,10,0,46
BRDA:195,10,1,45
BRDA:200,11,0,44
BRDA:201,12,0,44
BRDA:202,13,0,45
BRDA:203,14,0,43
BRDA:204,15,0,40
BRDA:208,16,0,45
BRDA:208,16,1,0
BRDA:210,17,0,1
BRDA:215,18,0,43
BRDA:217,19,0,5
BRDA:224,20,0,42
BRDA:224,20,1,2
BRDA:235,21,0,1
BRDA:235,22,0,175
BRDA:235,22,1,4
BRDA:245,23,0,52
BRDA:251,24,0,31
BRDA:251,24,1,21
BRDA:253,25,0,52
BRDA:253,25,1,0
BRDA:257,26,0,0
BRDA:257,27,0,0
BRDA:257,27,1,0
BRDA:257,27,2,0
BRDA:263,28,0,242
BRDA:263,29,0,394
BRDA:263,29,1,274
BRDA:273,30,0,1600
BRDA:277,31,0,4
BRDA:279,32,0,4
BRDA:290,33,0,46
BRDA:290,34,0,174
BRDA:290,34,1,46
BRDA:324,35,0,2
BRDA:324,36,0,4
BRDA:324,36,1,3
BRF:51
BRH:41
end_of_record
TN:
SF:src/services/TableExtractor.ts
FN:55,(anonymous_0)
FN:66,(anonymous_1)
FN:83,(anonymous_2)
FN:87,(anonymous_3)
FN:101,(anonymous_4)
FN:103,(anonymous_5)
FN:109,(anonymous_6)
FN:113,(anonymous_7)
FN:125,(anonymous_8)
FN:135,(anonymous_9)
FN:136,(anonymous_10)
FN:141,(anonymous_11)
FN:142,(anonymous_12)
FN:143,(anonymous_13)
FN:155,(anonymous_14)
FN:155,(anonymous_15)
FN:156,(anonymous_16)
FN:163,(anonymous_17)
FN:167,(anonymous_18)
FN:168,(anonymous_19)
FN:169,(anonymous_20)
FN:170,(anonymous_21)
FN:180,(anonymous_22)
FN:181,(anonymous_23)
FN:182,(anonymous_24)
FN:186,(anonymous_25)
FN:190,(anonymous_26)
FN:208,(anonymous_27)
FN:212,(anonymous_28)
FN:268,(anonymous_29)
FN:304,(anonymous_30)
FN:305,(anonymous_31)
FN:326,(anonymous_33)
FN:327,(anonymous_34)
FN:336,(anonymous_35)
FN:343,(anonymous_36)
FN:346,(anonymous_37)
FN:373,(anonymous_38)
FN:377,(anonymous_39)
FN:391,(anonymous_40)
FN:392,(anonymous_41)
FN:393,(anonymous_42)
FN:394,(anonymous_43)
FN:395,(anonymous_44)
FN:408,(anonymous_45)
FN:414,(anonymous_46)
FN:422,(anonymous_47)
FN:424,(anonymous_48)
FN:437,(anonymous_49)
FN:438,(anonymous_50)
FN:455,(anonymous_51)
FNF:51
FNH:0
FNDA:0,(anonymous_0)
FNDA:0,(anonymous_1)
FNDA:0,(anonymous_2)
FNDA:0,(anonymous_3)
FNDA:0,(anonymous_4)
FNDA:0,(anonymous_5)
FNDA:0,(anonymous_6)
FNDA:0,(anonymous_7)
FNDA:0,(anonymous_8)
FNDA:0,(anonymous_9)
FNDA:0,(anonymous_10)
FNDA:0,(anonymous_11)
FNDA:0,(anonymous_12)
FNDA:0,(anonymous_13)
FNDA:0,(anonymous_14)
FNDA:0,(anonymous_15)
FNDA:0,(anonymous_16)
FNDA:0,(anonymous_17)
FNDA:0,(anonymous_18)
FNDA:0,(anonymous_19)
FNDA:0,(anonymous_20)
FNDA:0,(anonymous_21)
FNDA:0,(anonymous_22)
FNDA:0,(anonymous_23)
FNDA:0,(anonymous_24)
FNDA:0,(anonymous_25)
FNDA:0,(anonymous_26)
FNDA:0,(anonymous_27)
FNDA:0,(anonymous_28)
FNDA:0,(anonymous_29)
FNDA:0,(anonymous_30)
FNDA:0,(anonymous_31)
FNDA:0,(anonymous_33)
FNDA:0,(anonymous_34)
FNDA:0,(anonymous_35)
FNDA:0,(anonymous_36)
FNDA:0,(anonymous_37)
FNDA:0,(anonymous_38)
FNDA:0,(anonymous_39)
FNDA:0,(anonymous_40)
FNDA:0,(anonymous_41)
FNDA:0,(anonymous_42)
FNDA:0,(anonymous_43)
FNDA:0,(anonymous_44)
FNDA:0,(anonymous_45)
FNDA:0,(anonymous_46)
FNDA:0,(anonymous_47)
FNDA:0,(anonymous_48)
FNDA:0,(anonymous_49)
FNDA:0,(anonymous_50)
FNDA:0,(anonymous_51)
DA:57,0
DA:60,0
DA:63,0
DA:66,0
DA:67,0
DA:69,0
DA:77,0
DA:84,0
DA:85,0
DA:87,0
DA:103,0
DA:105,0
DA:106,0
DA:107,0
DA:109,0
DA:110,0
DA:112,0
DA:113,0
DA:115,0
DA:116,0
DA:119,0
DA:124,0
DA:125,0
DA:128,0
DA:136,0
DA:139,0
DA:141,0
DA:142,0
DA:143,0
DA:146,0
DA:147,0
DA:149,0
DA:154,0
DA:155,0
DA:156,0
DA:164,0
DA:167,0
DA:168,0
DA:169,0
DA:170,0
DA:172,0
DA:180,0
DA:181,0
DA:182,0
DA:183,0
DA:186,0
DA:187,0
DA:190,0
DA:191,0
DA:192,0
DA:209,0
DA:210,0
DA:212,0
DA:213,0
DA:216,0
DA:219,0
DA:222,0
DA:224,0
DA:225,0
DA:227,0
DA:228,0
DA:229,0
DA:230,0
DA:234,0
DA:241,0
DA:242,0
DA:243,0
DA:244,0
DA:247,0
DA:252,0
DA:253,0
DA:254,0
DA:255,0
DA:259,0
DA:270,0
DA:271,0
DA:275,0
DA:276,0
DA:280,0
DA:281,0
DA:285,0
DA:286,0
DA:290,0
DA:291,0
DA:295,0
DA:296,0
DA:300,0
DA:301,0
DA:304,0
DA:305,0
DA:306,0
DA:309,0
DA:310,0
DA:313,0
DA:326,0
DA:327,0
DA:330,0
DA:337,0
DA:338,0
DA:341,0
DA:343,0
DA:344,0
DA:346,0
DA:348,0
DA:351,0
DA:354,0
DA:358,0
DA:359,0
DA:361,0
DA:374,0
DA:375,0
DA:377,0
DA:378,0
DA:379,0
DA:380,0
DA:381,0
DA:385,0
DA:392,0
DA:393,0
DA:394,0
DA:395,0
DA:397,0
DA:409,0
DA:412,0
DA:413,0
DA:414,0
DA:415,0
DA:417,0
DA:421,0
DA:422,0
DA:423,0
DA:424,0
DA:425,0
DA:427,0
DA:429,0
DA:431,0
DA:438,0
DA:439,0
DA:440,0
DA:441,0
DA:442,0
DA:444,0
DA:447,0
DA:450,0
DA:451,0
DA:455,0
DA:456,0
DA:459,0
DA:464,0
LF:149
LH:0
BRDA:101,0,0,0
BRDA:110,1,0,0
BRDA:110,1,1,0
BRDA:112,2,0,0
BRDA:124,3,0,0
BRDA:135,4,0,0
BRDA:146,5,0,0
BRDA:146,5,1,0
BRDA:219,6,0,0
BRDA:219,6,1,0
BRDA:222,7,0,0
BRDA:222,7,1,0
BRDA:225,8,0,0
BRDA:225,8,1,0
BRDA:227,9,0,0
BRDA:229,10,0,0
BRDA:241,11,0,0
BRDA:243,12,0,0
BRDA:252,13,0,0
BRDA:254,14,0,0
BRDA:270,15,0,0
BRDA:275,16,0,0
BRDA:280,17,0,0
BRDA:285,18,0,0
BRDA:285,19,0,0
BRDA:285,19,1,0
BRDA:290,20,0,0
BRDA:295,21,0,0
BRDA:300,22,0,0
BRDA:309,23,0,0
BRDA:323,24,0,0
BRDA:324,25,0,0
BRDA:379,26,0,0
BRDA:412,27,0,0
BRDA:412,28,0,0
BRDA:412,28,1,0
BRDA:439,29,0,0
BRDA:441,30,0,0
BRDA:441,31,0,0
BRDA:441,31,1,0
BRDA:441,31,2,0
BRDA:450,32,0,0
BRF:42
BRH:0
end_of_record
TN:
SF:src/services/TextStructureService.ts
FN:90,(anonymous_0)
FN:129,(anonymous_1)
FN:130,(anonymous_2)
FN:138,(anonymous_3)
FN:171,(anonymous_4)
FN:186,(anonymous_5)
FN:198,(anonymous_6)
FN:217,(anonymous_7)
FN:251,(anonymous_8)
FN:281,(anonymous_9)
FN:282,(anonymous_10)
FN:288,(anonymous_11)
FN:289,(anonymous_12)
FN:290,(anonymous_13)
FN:291,(anonymous_14)
FNF:15
FNH:0
FNDA:0,(anonymous_0)
FNDA:0,(anonymous_1)
FNDA:0,(anonymous_2)
FNDA:0,(anonymous_3)
FNDA:0,(anonymous_4)
FNDA:0,(anonymous_5)
FNDA:0,(anonymous_6)
FNDA:0,(anonymous_7)
FNDA:0,(anonymous_8)
FNDA:0,(anonymous_9)
FNDA:0,(anonymous_10)
FNDA:0,(anonymous_11)
FNDA:0,(anonymous_12)
FNDA:0,(anonymous_13)
FNDA:0,(anonymous_14)
DA:60,1
DA:83,1
DA:91,0
DA:93,0
DA:94,0
DA:95,0
DA:96,0
DA:98,0
DA:99,0
DA:100,0
DA:102,0
DA:103,0
DA:104,0
DA:106,0
DA:107,0
DA:109,0
DA:118,0
DA:119,0
DA:120,0
DA:123,0
DA:125,0
DA:126,0
DA:129,0
DA:130,0
DA:136,0
DA:138,0
DA:139,0
DA:142,0
DA:143,0
DA:144,0
DA:145,0
DA:146,0
DA:149,0
DA:151,0
DA:155,0
DA:157,0
DA:172,0
DA:173,0
DA:176,0
DA:177,0
DA:180,0
DA:182,0
DA:183,0
DA:186,0
DA:187,0
DA:188,0
DA:199,0
DA:201,0
DA:202,0
DA:203,0
DA:207,0
DA:218,0
DA:219,0
DA:221,0
DA:222,0
DA:224,0
DA:225,0
DA:228,0
DA:230,0
DA:231,0
DA:233,0
DA:234,0
DA:238,0
DA:241,0
DA:252,0
DA:253,0
DA:256,0
DA:257,0
DA:260,0
DA:261,0
DA:263,0
DA:264,0
DA:267,0
DA:268,0
DA:269,0
DA:272,0
DA:282,0
DA:284,0
DA:285,0
DA:288,0
DA:289,0
DA:290,0
DA:291,0
DA:293,0
DA:302,1
LF:85
LH:3
BRDA:106,0,0,0
BRDA:125,1,0,0
BRDA:125,1,1,0
BRDA:128,2,0,0
BRDA:128,2,1,0
BRDA:142,3,0,0
BRDA:172,4,0,0
BRDA:176,5,0,0
BRDA:176,6,0,0
BRDA:176,6,1,0
BRDA:182,7,0,0
BRDA:202,8,0,0
BRDA:224,9,0,0
BRDA:230,10,0,0
BRDA:233,11,0,0
BRDA:252,12,0,0
BRDA:256,13,0,0
BRDA:256,14,0,0
BRDA:256,14,1,0
BRDA:261,15,0,0
BRDA:261,15,1,0
BRDA:263,16,0,0
BRDA:268,17,0,0
BRDA:284,18,0,0
BRF:24
BRH:0
end_of_record
TN:
SF:src/state/AppStateManager.ts
FN:59,(anonymous_0)
FN:95,(anonymous_1)
FN:110,(anonymous_2)
FN:151,(anonymous_3)
FN:160,(anonymous_4)
FN:184,(anonymous_5)
FN:189,(anonymous_6)
FN:200,(anonymous_7)
FN:210,(anonymous_8)
FN:243,(anonymous_9)
FN:258,(anonymous_10)
FNF:11
FNH:9
FNDA:5,(anonymous_0)
FNDA:5,(anonymous_1)
FNDA:146,(anonymous_2)
FNDA:93,(anonymous_3)
FNDA:27,(anonymous_4)
FNDA:6,(anonymous_5)
FNDA:3,(anonymous_6)
FNDA:0,(anonymous_7)
FNDA:11,(anonymous_8)
FNDA:0,(anonymous_9)
FNDA:11,(anonymous_10)
DA:61,5
DA:86,5
DA:96,5
DA:97,5
DA:99,5
DA:112,146
DA:153,93
DA:160,93
DA:161,27
DA:186,6
DA:189,6
DA:190,3
DA:201,0
DA:211,11
DA:214,11
DA:239,11
DA:240,11
DA:243,0
DA:244,0
DA:259,11
DA:277,5
LF:21
LH:18
BRDA:96,0,0,5
BRDA:210,1,0,0
BRDA:239,2,0,11
BRDA:239,2,1,0
BRF:4
BRH:2
end_of_record
TN:
SF:src/types/index.ts
FNF:0
FNH:0
DA:45,3
LF:1
LH:1
BRF:0
BRH:0
end_of_record
TN:
SF:src/utils/CircuitBreaker.ts
FN:8,(anonymous_0)
FN:41,(anonymous_1)
FN:58,(anonymous_2)
FN:80,(anonymous_3)
FN:94,(anonymous_4)
FN:107,(anonymous_5)
FN:117,(anonymous_6)
FN:126,(anonymous_7)
FN:130,(anonymous_8)
FN:142,(anonymous_9)
FN:148,(anonymous_10)
FNF:11
FNH:0
FNDA:0,(anonymous_0)
FNDA:0,(anonymous_1)
FNDA:0,(anonymous_2)
FNDA:0,(anonymous_3)
FNDA:0,(anonymous_4)
FNDA:0,(anonymous_5)
FNDA:0,(anonymous_6)
FNDA:0,(anonymous_7)
FNDA:0,(anonymous_8)
FNDA:0,(anonymous_9)
FNDA:0,(anonymous_10)
DA:8,0
DA:9,0
DA:10,0
DA:11,0
DA:31,0
DA:42,0
DA:49,0
DA:50,0
DA:51,0
DA:52,0
DA:53,0
DA:54,0
DA:55,0
DA:59,0
DA:60,0
DA:61,0
DA:66,0
DA:67,0
DA:70,0
DA:71,0
DA:72,0
DA:73,0
DA:75,0
DA:76,0
DA:81,0
DA:82,0
DA:83,0
DA:85,0
DA:86,0
DA:87,0
DA:88,0
DA:89,0
DA:95,0
DA:96,0
DA:97,0
DA:98,0
DA:100,0
DA:101,0
DA:102,0
DA:103,0
DA:108,0
DA:109,0
DA:111,0
DA:118,0
DA:119,0
DA:120,0
DA:121,0
DA:122,0
DA:123,0
DA:127,0
DA:131,0
DA:143,0
DA:144,0
DA:145,0
DA:149,0
DA:150,0
DA:151,0
DA:155,0
LF:58
LH:0
BRDA:8,0,0,0
BRDA:8,0,1,0
BRDA:41,1,0,0
BRDA:43,2,0,0
BRDA:43,2,1,0
BRDA:44,3,0,0
BRDA:44,3,1,0
BRDA:45,4,0,0
BRDA:45,4,1,0
BRDA:46,5,0,0
BRDA:46,5,1,0
BRDA:59,6,0,0
BRDA:60,7,0,0
BRDA:60,8,0,0
BRDA:60,8,1,0
BRDA:85,9,0,0
BRDA:86,10,0,0
BRDA:100,11,0,0
BRDA:100,11,1,0
BRDA:102,12,0,0
BRF:20
BRH:0
end_of_record
TN:
SF:src/utils/LRUCache.ts
FN:18,(anonymous_0)
FN:24,(anonymous_1)
FN:36,(anonymous_2)
FN:56,(anonymous_3)
FN:60,(anonymous_4)
FN:73,(anonymous_5)
FN:78,(anonymous_6)
FN:82,(anonymous_7)
FN:92,(anonymous_8)
FN:105,(anonymous_9)
FN:115,(anonymous_10)
FNF:11
FNH:0
FNDA:0,(anonymous_0)
FNDA:0,(anonymous_1)
FNDA:0,(anonymous_2)
FNDA:0,(anonymous_3)
FNDA:0,(anonymous_4)
FNDA:0,(anonymous_5)
FNDA:0,(anonymous_6)
FNDA:0,(anonymous_7)
FNDA:0,(anonymous_8)
FNDA:0,(anonymous_9)
FNDA:0,(anonymous_10)
DA:13,0
DA:19,0
DA:20,0
DA:21,0
DA:25,0
DA:27,0
DA:28,0
DA:31,0
DA:33,0
DA:37,0
DA:38,0
DA:42,0
DA:44,0
DA:45,0
DA:48,0
DA:52,0
DA:57,0
DA:61,0
DA:63,0
DA:64,0
DA:65,0
DA:66,0
DA:70,0
DA:74,0
DA:75,0
DA:79,0
DA:83,0
DA:85,0
DA:86,0
DA:89,0
DA:93,0
DA:94,0
DA:97,0
DA:99,0
DA:100,0
DA:101,0
DA:112,0
DA:113,0
DA:115,0
DA:116,0
DA:117,0
DA:119,0
DA:120,0
DA:124,0
DA:134,0
LF:45
LH:0
BRDA:18,0,0,0
BRDA:27,1,0,0
BRDA:37,2,0,0
BRDA:37,2,1,0
BRDA:44,3,0,0
BRDA:63,4,0,0
BRDA:65,5,0,0
BRDA:85,6,0,0
BRDA:93,7,0,0
BRDA:99,8,0,0
BRDA:116,9,0,0
BRDA:116,10,0,0
BRDA:116,10,1,0
BRDA:119,11,0,0
BRDA:119,12,0,0
BRDA:119,12,1,0
BRF:16
BRH:0
end_of_record
TN:
SF:src/utils/errorBoundary.ts
FN:58,saveCrashState
FN:70,(anonymous_1)
FN:105,handleGlobalError
FN:157,createErrorModal
FN:234,(anonymous_4)
FN:238,(anonymous_5)
FN:246,escapeHtml
FN:255,handleUnhandledRejection
FN:275,initializeErrorBoundary
FN:289,hasCrashRecoveryData
FN:303,getCrashRecoveryData
FN:318,clearCrashRecoveryData
FN:330,triggerCrashStateSave
FNF:13
FNH:0
FNDA:0,saveCrashState
FNDA:0,(anonymous_1)
FNDA:0,handleGlobalError
FNDA:0,createErrorModal
FNDA:0,(anonymous_4)
FNDA:0,(anonymous_5)
FNDA:0,escapeHtml
FNDA:0,handleUnhandledRejection
FNDA:0,initializeErrorBoundary
FNDA:0,hasCrashRecoveryData
FNDA:0,getCrashRecoveryData
FNDA:0,clearCrashRecoveryData
FNDA:0,triggerCrashStateSave
DA:17,0
DA:18,0
DA:46,0
DA:51,0
DA:59,0
DA:60,0
DA:63,0
DA:65,0
DA:66,0
DA:68,0
DA:69,0
DA:70,0
DA:71,0
DA:72,0
DA:76,0
DA:91,0
DA:93,0
DA:95,0
DA:97,0
DA:112,0
DA:113,0
DA:116,0
DA:118,0
DA:119,0
DA:120,0
DA:122,0
DA:123,0
DA:124,0
DA:125,0
DA:126,0
DA:127,0
DA:128,0
DA:129,0
DA:130,0
DA:131,0
DA:133,0
DA:135,0
DA:141,0
DA:144,0
DA:146,0
DA:149,0
DA:158,0
DA:159,0
DA:162,0
DA:163,0
DA:164,0
DA:178,0
DA:179,0
DA:190,0
DA:231,0
DA:232,0
DA:234,0
DA:235,0
DA:238,0
DA:239,0
DA:247,0
DA:248,0
DA:249,0
DA:256,0
DA:257,0
DA:259,0
DA:260,0
DA:262,0
DA:264,0
DA:275,0
DA:276,0
DA:278,0
DA:280,0
DA:282,0
DA:289,0
DA:290,0
DA:291,0
DA:292,0
DA:294,0
DA:295,0
DA:303,0
DA:304,0
DA:305,0
DA:306,0
DA:308,0
DA:310,0
DA:311,0
DA:318,0
DA:319,0
DA:320,0
DA:321,0
DA:323,0
DA:330,0
DA:331,0
DA:332,0
DA:335,0
LF:91
LH:0
BRDA:59,0,0,0
BRDA:71,1,0,0
BRDA:112,2,0,0
BRDA:119,3,0,0
BRDA:119,3,1,0
BRDA:120,4,0,0
BRDA:120,4,1,0
BRDA:126,5,0,0
BRDA:127,6,0,0
BRDA:128,7,0,0
BRDA:158,8,0,0
BRDA:259,9,0,0
BRDA:259,9,1,0
BRDA:259,9,2,0
BRDA:260,10,0,0
BRDA:260,10,1,0
BRDA:306,11,0,0
BRF:17
BRH:0
end_of_record
TN:
SF:src/utils/errorRecovery.ts
FN:32,createRecoveryModal
FN:33,(anonymous_1)
FN:137,(anonymous_2)
FN:143,(anonymous_3)
FN:155,restoreFormData
FN:160,(anonymous_5)
FN:175,restoreExtractions
FN:181,(anonymous_7)
FN:198,restoreAppState
FN:215,performRecovery
FN:246,checkAndOfferRecovery
FN:275,triggerManualRecovery
FNF:12
FNH:0
FNDA:0,createRecoveryModal
FNDA:0,(anonymous_1)
FNDA:0,(anonymous_2)
FNDA:0,(anonymous_3)
FNDA:0,restoreFormData
FNDA:0,(anonymous_5)
FNDA:0,restoreExtractions
FNDA:0,(anonymous_7)
FNDA:0,restoreAppState
FNDA:0,performRecovery
FNDA:0,checkAndOfferRecovery
FNDA:0,triggerManualRecovery
DA:16,0
DA:17,0
DA:18,0
DA:19,0
DA:33,0
DA:34,0
DA:35,0
DA:36,0
DA:51,0
DA:52,0
DA:63,0
DA:64,0
DA:66,0
DA:121,0
DA:122,0
DA:124,0
DA:125,0
DA:135,0
DA:137,0
DA:138,0
DA:139,0
DA:140,0
DA:143,0
DA:144,0
DA:145,0
DA:146,0
DA:156,0
DA:158,0
DA:160,0
DA:161,0
DA:162,0
DA:163,0
DA:164,0
DA:168,0
DA:176,0
DA:178,0
DA:179,0
DA:181,0
DA:182,0
DA:183,0
DA:184,0
DA:187,0
DA:189,0
DA:191,0
DA:199,0
DA:201,0
DA:208,0
DA:216,0
DA:217,0
DA:219,0
DA:220,0
DA:221,0
DA:223,0
DA:229,0
DA:231,0
DA:233,0
DA:234,0
DA:246,0
DA:247,0
DA:248,0
DA:249,0
DA:252,0
DA:254,0
DA:255,0
DA:256,0
DA:257,0
DA:260,0
DA:262,0
DA:263,0
DA:264,0
DA:266,0
DA:267,0
DA:268,0
DA:275,0
DA:276,0
DA:277,0
DA:278,0
DA:281,0
DA:282,0
DA:283,0
DA:287,0
LF:81
LH:0
BRDA:64,0,0,0
BRDA:64,0,1,0
BRDA:156,1,0,0
BRDA:162,2,0,0
BRDA:162,3,0,0
BRDA:162,3,1,0
BRDA:176,4,0,0
BRDA:176,5,0,0
BRDA:176,5,1,0
BRDA:199,6,0,0
BRDA:202,7,0,0
BRDA:202,7,1,0
BRDA:203,8,0,0
BRDA:203,8,1,0
BRDA:204,9,0,0
BRDA:204,9,1,0
BRDA:205,10,0,0
BRDA:205,10,1,0
BRDA:224,11,0,0
BRDA:224,11,1,0
BRDA:247,12,0,0
BRDA:255,13,0,0
BRDA:262,14,0,0
BRDA:262,14,1,0
BRDA:276,15,0,0
BRDA:282,16,0,0
BRF:26
BRH:0
end_of_record
TN:
SF:src/utils/helpers.ts
FN:17,calculateBoundingBox
FN:23,(anonymous_1)
FN:55,blobToBase64
FN:56,(anonymous_3)
FN:58,(anonymous_4)
FN:72,addExtractionMarker
FN:95,addExtractionMarkersForPage
FN:100,(anonymous_7)
FN:104,(anonymous_8)
FN:105,(anonymous_9)
FN:113,autoAdvanceField
FN:134,clearSearchMarkers
FN:135,(anonymous_12)
FN:138,(anonymous_13)
FNF:14
FNH:0
FNDA:0,calculateBoundingBox
FNDA:0,(anonymous_1)
FNDA:0,blobToBase64
FNDA:0,(anonymous_3)
FNDA:0,(anonymous_4)
FNDA:0,addExtractionMarker
FNDA:0,addExtractionMarkersForPage
FNDA:0,(anonymous_7)
FNDA:0,(anonymous_8)
FNDA:0,(anonymous_9)
FNDA:0,autoAdvanceField
FNDA:0,clearSearchMarkers
FNDA:0,(anonymous_12)
FNDA:0,(anonymous_13)
DA:17,1
DA:18,0
DA:19,0
DA:20,0
DA:21,0
DA:23,0
DA:24,0
DA:26,0
DA:27,0
DA:28,0
DA:29,0
DA:31,0
DA:32,0
DA:33,0
DA:34,0
DA:38,0
DA:39,0
DA:42,0
DA:55,1
DA:56,0
DA:57,0
DA:58,0
DA:59,0
DA:61,0
DA:63,0
DA:64,0
DA:72,1
DA:73,0
DA:74,0
DA:76,0
DA:77,0
DA:78,0
DA:79,0
DA:80,0
DA:82,0
DA:83,0
DA:84,0
DA:85,0
DA:87,0
DA:95,1
DA:96,0
DA:97,0
DA:100,0
DA:103,0
DA:104,0
DA:105,0
DA:113,1
DA:117,0
DA:118,0
DA:120,0
DA:123,0
DA:125,0
DA:126,0
DA:134,1
DA:135,0
DA:136,0
DA:138,0
DA:139,0
LF:58
LH:6
BRDA:24,0,0,0
BRDA:26,1,0,0
BRDA:26,1,1,0
BRDA:26,2,0,0
BRDA:26,2,1,0
BRDA:27,3,0,0
BRDA:27,3,1,0
BRDA:27,4,0,0
BRDA:27,4,1,0
BRDA:28,5,0,0
BRDA:28,5,1,0
BRDA:28,6,0,0
BRDA:28,6,1,0
BRDA:29,7,0,0
BRDA:29,7,1,0
BRDA:29,8,0,0
BRDA:29,8,1,0
BRDA:38,9,0,0
BRDA:74,10,0,0
BRDA:74,11,0,0
BRDA:74,11,1,0
BRDA:74,11,2,0
BRDA:97,12,0,0
BRDA:118,13,0,0
BRDA:118,14,0,0
BRDA:118,14,1,0
BRDA:125,15,0,0
BRDA:125,16,0,0
BRDA:125,16,1,0
BRF:29
BRH:0
end_of_record
TN:
SF:src/utils/memory.ts
FN:37,(anonymous_0)
FN:50,(anonymous_1)
FN:69,(anonymous_2)
FN:77,(anonymous_3)
FN:85,(anonymous_4)
FN:87,(anonymous_5)
FN:92,(anonymous_6)
FN:95,(anonymous_7)
FN:115,(anonymous_8)
FNF:9
FNH:1
FNDA:182,(anonymous_0)
FNDA:0,(anonymous_1)
FNDA:0,(anonymous_2)
FNDA:0,(anonymous_3)
FNDA:0,(anonymous_4)
FNDA:0,(anonymous_5)
FNDA:0,(anonymous_6)
FNDA:0,(anonymous_7)
FNDA:0,(anonymous_8)
DA:22,1
DA:42,182
DA:43,182
DA:51,0
DA:70,0
DA:78,0
DA:87,0
DA:88,0
DA:92,0
DA:95,0
DA:96,0
DA:97,0
DA:98,0
DA:100,0
DA:105,0
DA:106,0
DA:107,0
DA:109,0
DA:114,1
DA:115,1
DA:118,1
LF:21
LH:6
BRDA:114,0,0,1
BRF:1
BRH:1
end_of_record
TN:
SF:src/utils/security.ts
FN:18,(anonymous_0)
FN:31,(anonymous_1)
FN:49,(anonymous_2)
FN:61,(anonymous_3)
FN:97,(anonymous_4)
FN:106,(anonymous_5)
FNF:6
FNH:4
FNDA:37,(anonymous_0)
FNDA:13,(anonymous_1)
FNDA:1,(anonymous_2)
FNDA:10,(anonymous_3)
FNDA:0,(anonymous_4)
FNDA:0,(anonymous_5)
DA:7,3
DA:12,3
DA:19,37
DA:20,34
DA:21,34
DA:23,34
DA:32,13
DA:50,1
DA:51,1
DA:52,1
DA:53,1
DA:62,10
DA:63,10
DA:65,10
DA:66,1
DA:69,9
DA:70,3
DA:71,3
DA:72,1
DA:76,8
DA:77,2
DA:78,0
DA:82,8
DA:83,3
DA:84,3
DA:85,1
DA:89,7
DA:98,0
DA:107,0
DA:111,3
LF:30
LH:27
BRDA:19,0,0,3
BRDA:33,1,0,13
BRDA:33,1,1,13
BRDA:33,1,2,11
BRDA:33,1,3,11
BRDA:33,1,4,11
BRDA:33,1,5,11
BRDA:33,1,6,11
BRDA:33,1,7,11
BRDA:50,2,0,0
BRDA:65,3,0,1
BRDA:65,4,0,10
BRDA:65,4,1,1
BRDA:69,5,0,3
BRDA:69,6,0,9
BRDA:69,6,1,3
BRDA:71,7,0,1
BRDA:76,8,0,2
BRDA:76,9,0,8
BRDA:76,9,1,2
BRDA:77,10,0,0
BRDA:82,11,0,3
BRDA:82,12,0,8
BRDA:82,12,1,3
BRDA:84,13,0,1
BRDA:84,14,0,3
BRDA:84,14,1,3
BRDA:84,14,2,3
BRF:28
BRH:26
end_of_record
TN:
SF:src/utils/status.ts
FN:37,(anonymous_0)
FN:58,(anonymous_1)
FN:68,(anonymous_2)
FNF:3
FNH:2
FNDA:1,(anonymous_0)
FNDA:0,(anonymous_1)
FNDA:2,(anonymous_2)
DA:25,1
DA:38,1
DA:41,0
DA:42,0
DA:45,0
DA:46,0
DA:48,0
DA:55,0
DA:56,0
DA:58,0
DA:59,0
DA:60,0
DA:69,2
DA:73,1
LF:14
LH:4
BRDA:37,0,0,0
BRDA:37,1,0,1
BRDA:38,2,0,1
BRDA:38,3,0,1
BRDA:38,3,1,0
BRDA:41,4,0,0
BRDA:55,5,0,0
BRDA:55,5,1,0
BRF:8
BRH:3
end_of_record
